cuda:0 (2 GPUs)
Epoch 1/500 (0.13s):
  Train loss: 1.7240, acc: 0.4414, f1: 0.2696
  Vali loss: 1.7402, acc: 0.3775, f1: 0.2325
  Test loss: 1.7304, acc: 0.4219, f1: 0.2586
Epoch 2/500 (0.02s):
  Train loss: 1.6446, acc: 0.4578, f1: 0.2632
  Vali loss: 1.6808, acc: 0.3796, f1: 0.2236
  Test loss: 1.6589, acc: 0.4120, f1: 0.2383
Epoch 3/500 (0.02s):
  Train loss: 1.5991, acc: 0.4728, f1: 0.2523
  Vali loss: 1.6478, acc: 0.3906, f1: 0.2170
  Test loss: 1.6214, acc: 0.4361, f1: 0.2408
Epoch 4/500 (0.02s):
  Train loss: 1.5765, acc: 0.4850, f1: 0.2645
  Vali loss: 1.6321, acc: 0.4114, f1: 0.2336
  Test loss: 1.6043, acc: 0.4481, f1: 0.2539
Epoch 5/500 (0.02s):
  Train loss: 1.5622, acc: 0.5041, f1: 0.2976
  Vali loss: 1.6211, acc: 0.4158, f1: 0.2537
  Test loss: 1.5921, acc: 0.4536, f1: 0.2684
Epoch 6/500 (0.02s):
  Train loss: 1.5494, acc: 0.5177, f1: 0.3145
  Vali loss: 1.6111, acc: 0.4376, f1: 0.2778
  Test loss: 1.5813, acc: 0.4699, f1: 0.2878
Epoch 7/500 (0.02s):
  Train loss: 1.5383, acc: 0.5300, f1: 0.3261
  Vali loss: 1.6038, acc: 0.4464, f1: 0.2856
  Test loss: 1.5736, acc: 0.4732, f1: 0.2911
Epoch 8/500 (0.02s):
  Train loss: 1.5282, acc: 0.5422, f1: 0.3346
  Vali loss: 1.5960, acc: 0.4639, f1: 0.2991
  Test loss: 1.5655, acc: 0.4863, f1: 0.3023
Epoch 9/500 (0.02s):
  Train loss: 1.5189, acc: 0.5518, f1: 0.3471
  Vali loss: 1.5890, acc: 0.4672, f1: 0.3018
  Test loss: 1.5593, acc: 0.4940, f1: 0.3086
Epoch 10/500 (0.02s):
  Train loss: 1.5082, acc: 0.5559, f1: 0.3519
  Vali loss: 1.5815, acc: 0.4748, f1: 0.3106
  Test loss: 1.5522, acc: 0.5005, f1: 0.3122
Epoch 11/500 (0.02s):
  Train loss: 1.4964, acc: 0.5654, f1: 0.3753
  Vali loss: 1.5726, acc: 0.4770, f1: 0.3143
  Test loss: 1.5445, acc: 0.5082, f1: 0.3293
Epoch 12/500 (0.02s):
  Train loss: 1.4831, acc: 0.5790, f1: 0.4002
  Vali loss: 1.5634, acc: 0.4923, f1: 0.3422
  Test loss: 1.5375, acc: 0.5104, f1: 0.3439
Epoch 13/500 (0.02s):
  Train loss: 1.4693, acc: 0.5886, f1: 0.4136
  Vali loss: 1.5511, acc: 0.4978, f1: 0.3589
  Test loss: 1.5274, acc: 0.5191, f1: 0.3648
Epoch 14/500 (0.02s):
  Train loss: 1.4559, acc: 0.6035, f1: 0.4355
  Vali loss: 1.5410, acc: 0.5077, f1: 0.3707
  Test loss: 1.5194, acc: 0.5213, f1: 0.3716
Epoch 15/500 (0.02s):
  Train loss: 1.4417, acc: 0.6335, f1: 0.4916
  Vali loss: 1.5276, acc: 0.5306, f1: 0.4278
  Test loss: 1.5093, acc: 0.5377, f1: 0.4213
Epoch 16/500 (0.02s):
  Train loss: 1.4283, acc: 0.6458, f1: 0.5133
  Vali loss: 1.5182, acc: 0.5438, f1: 0.4422
  Test loss: 1.5016, acc: 0.5454, f1: 0.4361
Epoch 17/500 (0.02s):
  Train loss: 1.4157, acc: 0.6676, f1: 0.5412
  Vali loss: 1.5071, acc: 0.5646, f1: 0.4726
  Test loss: 1.4936, acc: 0.5672, f1: 0.4663
Epoch 18/500 (0.02s):
  Train loss: 1.4036, acc: 0.6798, f1: 0.5574
  Vali loss: 1.4973, acc: 0.5744, f1: 0.4860
  Test loss: 1.4864, acc: 0.5716, f1: 0.4728
Epoch 19/500 (0.02s):
  Train loss: 1.3913, acc: 0.6894, f1: 0.5725
  Vali loss: 1.4884, acc: 0.5864, f1: 0.5016
  Test loss: 1.4787, acc: 0.5814, f1: 0.4856
Epoch 20/500 (0.02s):
  Train loss: 1.3794, acc: 0.7084, f1: 0.5990
  Vali loss: 1.4780, acc: 0.5941, f1: 0.5135
  Test loss: 1.4691, acc: 0.6022, f1: 0.5149
Epoch 21/500 (0.02s):
  Train loss: 1.3671, acc: 0.7221, f1: 0.6189
  Vali loss: 1.4687, acc: 0.6061, f1: 0.5325
  Test loss: 1.4602, acc: 0.6109, f1: 0.5300
Epoch 22/500 (0.02s):
  Train loss: 1.3540, acc: 0.7616, f1: 0.6858
  Vali loss: 1.4587, acc: 0.6313, f1: 0.5725
  Test loss: 1.4516, acc: 0.6350, f1: 0.5666
Epoch 23/500 (0.02s):
  Train loss: 1.3408, acc: 0.7738, f1: 0.7155
  Vali loss: 1.4487, acc: 0.6499, f1: 0.5997
  Test loss: 1.4425, acc: 0.6459, f1: 0.5831
Epoch 24/500 (0.02s):
  Train loss: 1.3292, acc: 0.7984, f1: 0.7413
  Vali loss: 1.4406, acc: 0.6674, f1: 0.6159
  Test loss: 1.4354, acc: 0.6634, f1: 0.5998
Epoch 25/500 (0.02s):
  Train loss: 1.3191, acc: 0.8134, f1: 0.7610
  Vali loss: 1.4347, acc: 0.6718, f1: 0.6236
  Test loss: 1.4300, acc: 0.6699, f1: 0.6080
Epoch 26/500 (0.02s):
  Train loss: 1.3079, acc: 0.8256, f1: 0.7774
  Vali loss: 1.4239, acc: 0.6849, f1: 0.6448
  Test loss: 1.4215, acc: 0.6743, f1: 0.6146
Epoch 27/500 (0.02s):
  Train loss: 1.2978, acc: 0.8270, f1: 0.7805
  Vali loss: 1.4182, acc: 0.6838, f1: 0.6426
  Test loss: 1.4154, acc: 0.6721, f1: 0.6103
Epoch 28/500 (0.02s):
  Train loss: 1.2890, acc: 0.8351, f1: 0.7909
  Vali loss: 1.4107, acc: 0.6915, f1: 0.6512
  Test loss: 1.4090, acc: 0.6721, f1: 0.6114
Epoch 29/500 (0.02s):
  Train loss: 1.2808, acc: 0.8365, f1: 0.7941
  Vali loss: 1.4047, acc: 0.6893, f1: 0.6498
  Test loss: 1.4038, acc: 0.6732, f1: 0.6147
Epoch 30/500 (0.02s):
  Train loss: 1.2734, acc: 0.8379, f1: 0.7957
  Vali loss: 1.3994, acc: 0.6937, f1: 0.6520
  Test loss: 1.3984, acc: 0.6765, f1: 0.6162
Epoch 31/500 (0.02s):
  Train loss: 1.2663, acc: 0.8420, f1: 0.8002
  Vali loss: 1.3919, acc: 0.6991, f1: 0.6599
  Test loss: 1.3918, acc: 0.6831, f1: 0.6227
Epoch 32/500 (0.02s):
  Train loss: 1.2603, acc: 0.8447, f1: 0.8044
  Vali loss: 1.3878, acc: 0.7013, f1: 0.6602
  Test loss: 1.3877, acc: 0.6940, f1: 0.6335
Epoch 33/500 (0.02s):
  Train loss: 1.2543, acc: 0.8460, f1: 0.8070
  Vali loss: 1.3820, acc: 0.7002, f1: 0.6638
  Test loss: 1.3822, acc: 0.6863, f1: 0.6280
Epoch 34/500 (0.02s):
  Train loss: 1.2495, acc: 0.8460, f1: 0.8067
  Vali loss: 1.3764, acc: 0.7090, f1: 0.6739
  Test loss: 1.3775, acc: 0.6940, f1: 0.6393
Epoch 35/500 (0.02s):
  Train loss: 1.2438, acc: 0.8474, f1: 0.8088
  Vali loss: 1.3731, acc: 0.7112, f1: 0.6761
  Test loss: 1.3735, acc: 0.6962, f1: 0.6407
Epoch 36/500 (0.02s):
  Train loss: 1.2390, acc: 0.8569, f1: 0.8203
  Vali loss: 1.3676, acc: 0.7133, f1: 0.6759
  Test loss: 1.3684, acc: 0.7071, f1: 0.6506
Epoch 37/500 (0.02s):
  Train loss: 1.2345, acc: 0.8569, f1: 0.8193
  Vali loss: 1.3632, acc: 0.7166, f1: 0.6802
  Test loss: 1.3646, acc: 0.7082, f1: 0.6513
Epoch 38/500 (0.02s):
  Train loss: 1.2305, acc: 0.8597, f1: 0.8232
  Vali loss: 1.3592, acc: 0.7210, f1: 0.6869
  Test loss: 1.3607, acc: 0.7169, f1: 0.6634
Epoch 39/500 (0.02s):
  Train loss: 1.2268, acc: 0.8597, f1: 0.8231
  Vali loss: 1.3571, acc: 0.7243, f1: 0.6868
  Test loss: 1.3576, acc: 0.7126, f1: 0.6557
Epoch 40/500 (0.02s):
  Train loss: 1.2233, acc: 0.8624, f1: 0.8265
  Vali loss: 1.3523, acc: 0.7287, f1: 0.6912
  Test loss: 1.3535, acc: 0.7180, f1: 0.6642
Epoch 41/500 (0.02s):
  Train loss: 1.2200, acc: 0.8638, f1: 0.8271
  Vali loss: 1.3502, acc: 0.7232, f1: 0.6857
  Test loss: 1.3516, acc: 0.7148, f1: 0.6622
Epoch 42/500 (0.02s):
  Train loss: 1.2169, acc: 0.8624, f1: 0.8258
  Vali loss: 1.3464, acc: 0.7341, f1: 0.6993
  Test loss: 1.3479, acc: 0.7235, f1: 0.6730
Epoch 43/500 (0.02s):
  Train loss: 1.2138, acc: 0.8651, f1: 0.8282
  Vali loss: 1.3439, acc: 0.7374, f1: 0.7007
  Test loss: 1.3454, acc: 0.7235, f1: 0.6731
Epoch 44/500 (0.02s):
  Train loss: 1.2113, acc: 0.8665, f1: 0.8291
  Vali loss: 1.3404, acc: 0.7407, f1: 0.7057
  Test loss: 1.3422, acc: 0.7235, f1: 0.6721
Epoch 45/500 (0.02s):
  Train loss: 1.2086, acc: 0.8678, f1: 0.8301
  Vali loss: 1.3390, acc: 0.7407, f1: 0.7043
  Test loss: 1.3407, acc: 0.7246, f1: 0.6721
Epoch 46/500 (0.02s):
  Train loss: 1.2063, acc: 0.8692, f1: 0.8340
  Vali loss: 1.3362, acc: 0.7374, f1: 0.7022
  Test loss: 1.3378, acc: 0.7290, f1: 0.6786
Epoch 47/500 (0.02s):
  Train loss: 1.2045, acc: 0.8692, f1: 0.8318
  Vali loss: 1.3331, acc: 0.7418, f1: 0.7060
  Test loss: 1.3356, acc: 0.7246, f1: 0.6761
Epoch 48/500 (0.02s):
  Train loss: 1.2019, acc: 0.8706, f1: 0.8342
  Vali loss: 1.3314, acc: 0.7407, f1: 0.7055
  Test loss: 1.3339, acc: 0.7311, f1: 0.6816
Epoch 49/500 (0.02s):
  Train loss: 1.2004, acc: 0.8706, f1: 0.8349
  Vali loss: 1.3299, acc: 0.7363, f1: 0.6995
  Test loss: 1.3317, acc: 0.7333, f1: 0.6822
Epoch 50/500 (0.02s):
  Train loss: 1.1983, acc: 0.8706, f1: 0.8344
  Vali loss: 1.3269, acc: 0.7396, f1: 0.7040
  Test loss: 1.3290, acc: 0.7399, f1: 0.6907
Epoch 51/500 (0.02s):
  Train loss: 1.1966, acc: 0.8706, f1: 0.8340
  Vali loss: 1.3256, acc: 0.7374, f1: 0.7002
  Test loss: 1.3282, acc: 0.7377, f1: 0.6872
Epoch 52/500 (0.02s):
  Train loss: 1.1950, acc: 0.8733, f1: 0.8373
  Vali loss: 1.3227, acc: 0.7451, f1: 0.7129
  Test loss: 1.3257, acc: 0.7388, f1: 0.6912
Epoch 53/500 (0.02s):
  Train loss: 1.1935, acc: 0.8706, f1: 0.8339
  Vali loss: 1.3219, acc: 0.7451, f1: 0.7128
  Test loss: 1.3244, acc: 0.7377, f1: 0.6887
Epoch 54/500 (0.02s):
  Train loss: 1.1917, acc: 0.8719, f1: 0.8362
  Vali loss: 1.3192, acc: 0.7407, f1: 0.7064
  Test loss: 1.3221, acc: 0.7410, f1: 0.6934
Epoch 55/500 (0.02s):
  Train loss: 1.1907, acc: 0.8733, f1: 0.8391
  Vali loss: 1.3182, acc: 0.7429, f1: 0.7080
  Test loss: 1.3206, acc: 0.7454, f1: 0.6977
Epoch 56/500 (0.02s):
  Train loss: 1.1889, acc: 0.8733, f1: 0.8390
  Vali loss: 1.3169, acc: 0.7451, f1: 0.7121
  Test loss: 1.3192, acc: 0.7464, f1: 0.6987
Epoch 57/500 (0.02s):
  Train loss: 1.1877, acc: 0.8747, f1: 0.8383
  Vali loss: 1.3148, acc: 0.7495, f1: 0.7165
  Test loss: 1.3175, acc: 0.7432, f1: 0.6961
Epoch 58/500 (0.02s):
  Train loss: 1.1866, acc: 0.8760, f1: 0.8398
  Vali loss: 1.3140, acc: 0.7473, f1: 0.7144
  Test loss: 1.3164, acc: 0.7464, f1: 0.6988
Epoch 59/500 (0.02s):
  Train loss: 1.1852, acc: 0.8747, f1: 0.8405
  Vali loss: 1.3126, acc: 0.7538, f1: 0.7207
  Test loss: 1.3148, acc: 0.7475, f1: 0.6998
Epoch 60/500 (0.02s):
  Train loss: 1.1835, acc: 0.8787, f1: 0.8443
  Vali loss: 1.3113, acc: 0.7505, f1: 0.7181
  Test loss: 1.3131, acc: 0.7454, f1: 0.6983
Epoch 61/500 (0.02s):
  Train loss: 1.1822, acc: 0.8787, f1: 0.8441
  Vali loss: 1.3097, acc: 0.7505, f1: 0.7165
  Test loss: 1.3119, acc: 0.7486, f1: 0.7007
Epoch 62/500 (0.02s):
  Train loss: 1.1812, acc: 0.8815, f1: 0.8479
  Vali loss: 1.3100, acc: 0.7495, f1: 0.7167
  Test loss: 1.3119, acc: 0.7443, f1: 0.6957
Epoch 63/500 (0.02s):
  Train loss: 1.1803, acc: 0.8801, f1: 0.8466
  Vali loss: 1.3074, acc: 0.7527, f1: 0.7190
  Test loss: 1.3093, acc: 0.7475, f1: 0.7006
Epoch 64/500 (0.02s):
  Train loss: 1.1791, acc: 0.8815, f1: 0.8476
  Vali loss: 1.3072, acc: 0.7538, f1: 0.7201
  Test loss: 1.3089, acc: 0.7475, f1: 0.6984
Epoch 65/500 (0.02s):
  Train loss: 1.1783, acc: 0.8828, f1: 0.8498
  Vali loss: 1.3060, acc: 0.7538, f1: 0.7198
  Test loss: 1.3080, acc: 0.7497, f1: 0.7026
Epoch 66/500 (0.02s):
  Train loss: 1.1776, acc: 0.8828, f1: 0.8502
  Vali loss: 1.3054, acc: 0.7538, f1: 0.7208
  Test loss: 1.3069, acc: 0.7508, f1: 0.7036
Epoch 67/500 (0.02s):
  Train loss: 1.1766, acc: 0.8828, f1: 0.8493
  Vali loss: 1.3036, acc: 0.7560, f1: 0.7223
  Test loss: 1.3060, acc: 0.7486, f1: 0.7015
Epoch 68/500 (0.02s):
  Train loss: 1.1757, acc: 0.8828, f1: 0.8509
  Vali loss: 1.3038, acc: 0.7516, f1: 0.7183
  Test loss: 1.3050, acc: 0.7530, f1: 0.7055
Epoch 69/500 (0.02s):
  Train loss: 1.1751, acc: 0.8842, f1: 0.8515
  Vali loss: 1.3026, acc: 0.7516, f1: 0.7180
  Test loss: 1.3043, acc: 0.7475, f1: 0.7010
Epoch 70/500 (0.02s):
  Train loss: 1.1741, acc: 0.8842, f1: 0.8514
  Vali loss: 1.3014, acc: 0.7571, f1: 0.7243
  Test loss: 1.3036, acc: 0.7497, f1: 0.7033
Epoch 71/500 (0.02s):
  Train loss: 1.1733, acc: 0.8842, f1: 0.8510
  Vali loss: 1.3010, acc: 0.7527, f1: 0.7204
  Test loss: 1.3030, acc: 0.7475, f1: 0.7023
Epoch 72/500 (0.02s):
  Train loss: 1.1730, acc: 0.8842, f1: 0.8524
  Vali loss: 1.3012, acc: 0.7516, f1: 0.7179
  Test loss: 1.3027, acc: 0.7497, f1: 0.7028
Epoch 73/500 (0.02s):
  Train loss: 1.1719, acc: 0.8842, f1: 0.8505
  Vali loss: 1.2988, acc: 0.7582, f1: 0.7250
  Test loss: 1.3012, acc: 0.7519, f1: 0.7069
Epoch 74/500 (0.02s):
  Train loss: 1.1714, acc: 0.8842, f1: 0.8527
  Vali loss: 1.2998, acc: 0.7527, f1: 0.7194
  Test loss: 1.3014, acc: 0.7475, f1: 0.7007
Epoch 75/500 (0.02s):
  Train loss: 1.1705, acc: 0.8869, f1: 0.8540
  Vali loss: 1.2977, acc: 0.7560, f1: 0.7232
  Test loss: 1.3001, acc: 0.7519, f1: 0.7054
Epoch 76/500 (0.02s):
  Train loss: 1.1699, acc: 0.8842, f1: 0.8516
  Vali loss: 1.2968, acc: 0.7571, f1: 0.7247
  Test loss: 1.2988, acc: 0.7519, f1: 0.7074
Epoch 77/500 (0.02s):
  Train loss: 1.1692, acc: 0.8869, f1: 0.8538
  Vali loss: 1.2968, acc: 0.7571, f1: 0.7254
  Test loss: 1.2990, acc: 0.7541, f1: 0.7092
Epoch 78/500 (0.02s):
  Train loss: 1.1688, acc: 0.8856, f1: 0.8532
  Vali loss: 1.2961, acc: 0.7549, f1: 0.7229
  Test loss: 1.2986, acc: 0.7541, f1: 0.7093
Epoch 79/500 (0.02s):
  Train loss: 1.1682, acc: 0.8869, f1: 0.8550
  Vali loss: 1.2960, acc: 0.7560, f1: 0.7235
  Test loss: 1.2978, acc: 0.7475, f1: 0.7009
Epoch 80/500 (0.02s):
  Train loss: 1.1678, acc: 0.8869, f1: 0.8545
  Vali loss: 1.2946, acc: 0.7582, f1: 0.7261
  Test loss: 1.2972, acc: 0.7563, f1: 0.7108
Epoch 81/500 (0.02s):
  Train loss: 1.1671, acc: 0.8856, f1: 0.8539
  Vali loss: 1.2949, acc: 0.7549, f1: 0.7224
  Test loss: 1.2970, acc: 0.7508, f1: 0.7044
Epoch 82/500 (0.02s):
  Train loss: 1.1667, acc: 0.8869, f1: 0.8550
  Vali loss: 1.2943, acc: 0.7560, f1: 0.7240
  Test loss: 1.2967, acc: 0.7530, f1: 0.7073
Epoch 83/500 (0.02s):
  Train loss: 1.1663, acc: 0.8856, f1: 0.8532
  Vali loss: 1.2933, acc: 0.7582, f1: 0.7258
  Test loss: 1.2956, acc: 0.7541, f1: 0.7091
Epoch 84/500 (0.02s):
  Train loss: 1.1660, acc: 0.8856, f1: 0.8539
  Vali loss: 1.2933, acc: 0.7560, f1: 0.7241
  Test loss: 1.2955, acc: 0.7541, f1: 0.7083
Epoch 85/500 (0.02s):
  Train loss: 1.1655, acc: 0.8856, f1: 0.8539
  Vali loss: 1.2927, acc: 0.7560, f1: 0.7237
  Test loss: 1.2954, acc: 0.7508, f1: 0.7056
Epoch 86/500 (0.02s):
  Train loss: 1.1652, acc: 0.8842, f1: 0.8514
  Vali loss: 1.2911, acc: 0.7615, f1: 0.7288
  Test loss: 1.2943, acc: 0.7497, f1: 0.7056
Epoch 87/500 (0.02s):
  Train loss: 1.1649, acc: 0.8869, f1: 0.8550
  Vali loss: 1.2915, acc: 0.7582, f1: 0.7262
  Test loss: 1.2942, acc: 0.7530, f1: 0.7089
Epoch 88/500 (0.02s):
  Train loss: 1.1644, acc: 0.8856, f1: 0.8532
  Vali loss: 1.2912, acc: 0.7615, f1: 0.7303
  Test loss: 1.2936, acc: 0.7530, f1: 0.7095
Epoch 89/500 (0.02s):
  Train loss: 1.1641, acc: 0.8856, f1: 0.8532
  Vali loss: 1.2907, acc: 0.7593, f1: 0.7270
  Test loss: 1.2933, acc: 0.7530, f1: 0.7090
Epoch 90/500 (0.02s):
  Train loss: 1.1638, acc: 0.8869, f1: 0.8550
  Vali loss: 1.2907, acc: 0.7637, f1: 0.7322
  Test loss: 1.2935, acc: 0.7563, f1: 0.7122
Epoch 91/500 (0.02s):
  Train loss: 1.1633, acc: 0.8856, f1: 0.8539
  Vali loss: 1.2906, acc: 0.7615, f1: 0.7290
  Test loss: 1.2930, acc: 0.7552, f1: 0.7106
Epoch 92/500 (0.02s):
  Train loss: 1.1629, acc: 0.8856, f1: 0.8525
  Vali loss: 1.2896, acc: 0.7637, f1: 0.7320
  Test loss: 1.2923, acc: 0.7552, f1: 0.7111
Epoch 93/500 (0.02s):
  Train loss: 1.1628, acc: 0.8856, f1: 0.8532
  Vali loss: 1.2897, acc: 0.7626, f1: 0.7306
  Test loss: 1.2922, acc: 0.7552, f1: 0.7112
Epoch 94/500 (0.02s):
  Train loss: 1.1627, acc: 0.8842, f1: 0.8509
  Vali loss: 1.2885, acc: 0.7637, f1: 0.7321
  Test loss: 1.2917, acc: 0.7563, f1: 0.7128
Epoch 95/500 (0.02s):
  Train loss: 1.1624, acc: 0.8856, f1: 0.8538
  Vali loss: 1.2893, acc: 0.7648, f1: 0.7332
  Test loss: 1.2919, acc: 0.7607, f1: 0.7154
Epoch 96/500 (0.02s):
  Train loss: 1.1617, acc: 0.8869, f1: 0.8543
  Vali loss: 1.2886, acc: 0.7637, f1: 0.7313
  Test loss: 1.2912, acc: 0.7596, f1: 0.7148
Epoch 97/500 (0.02s):
  Train loss: 1.1618, acc: 0.8856, f1: 0.8523
  Vali loss: 1.2881, acc: 0.7648, f1: 0.7317
  Test loss: 1.2907, acc: 0.7574, f1: 0.7135
Epoch 98/500 (0.02s):
  Train loss: 1.1615, acc: 0.8856, f1: 0.8531
  Vali loss: 1.2879, acc: 0.7637, f1: 0.7313
  Test loss: 1.2903, acc: 0.7628, f1: 0.7173
Epoch 99/500 (0.02s):
  Train loss: 1.1610, acc: 0.8869, f1: 0.8537
  Vali loss: 1.2882, acc: 0.7626, f1: 0.7292
  Test loss: 1.2908, acc: 0.7574, f1: 0.7132
Epoch 100/500 (0.02s):
  Train loss: 1.1609, acc: 0.8869, f1: 0.8533
  Vali loss: 1.2877, acc: 0.7637, f1: 0.7310
  Test loss: 1.2902, acc: 0.7596, f1: 0.7141
Epoch 101/500 (0.02s):
  Train loss: 1.1606, acc: 0.8869, f1: 0.8542
  Vali loss: 1.2875, acc: 0.7626, f1: 0.7295
  Test loss: 1.2898, acc: 0.7563, f1: 0.7123
Epoch 102/500 (0.02s):
  Train loss: 1.1602, acc: 0.8869, f1: 0.8527
  Vali loss: 1.2867, acc: 0.7648, f1: 0.7321
  Test loss: 1.2893, acc: 0.7574, f1: 0.7131
Epoch 103/500 (0.02s):
  Train loss: 1.1602, acc: 0.8869, f1: 0.8537
  Vali loss: 1.2862, acc: 0.7626, f1: 0.7291
  Test loss: 1.2887, acc: 0.7596, f1: 0.7150
Epoch 104/500 (0.02s):
  Train loss: 1.1595, acc: 0.8869, f1: 0.8542
  Vali loss: 1.2868, acc: 0.7648, f1: 0.7318
  Test loss: 1.2892, acc: 0.7563, f1: 0.7121
Epoch 105/500 (0.02s):
  Train loss: 1.1596, acc: 0.8869, f1: 0.8534
  Vali loss: 1.2857, acc: 0.7615, f1: 0.7281
  Test loss: 1.2883, acc: 0.7596, f1: 0.7157
Epoch 106/500 (0.02s):
  Train loss: 1.1594, acc: 0.8883, f1: 0.8553
  Vali loss: 1.2864, acc: 0.7615, f1: 0.7288
  Test loss: 1.2886, acc: 0.7585, f1: 0.7142
Epoch 107/500 (0.02s):
  Train loss: 1.1590, acc: 0.8883, f1: 0.8560
  Vali loss: 1.2864, acc: 0.7582, f1: 0.7248
  Test loss: 1.2885, acc: 0.7574, f1: 0.7135
Epoch 108/500 (0.02s):
  Train loss: 1.1589, acc: 0.8883, f1: 0.8555
  Vali loss: 1.2850, acc: 0.7637, f1: 0.7306
  Test loss: 1.2874, acc: 0.7596, f1: 0.7155
Epoch 109/500 (0.02s):
  Train loss: 1.1587, acc: 0.8896, f1: 0.8574
  Vali loss: 1.2853, acc: 0.7593, f1: 0.7258
  Test loss: 1.2876, acc: 0.7596, f1: 0.7143
Epoch 110/500 (0.02s):
  Train loss: 1.1584, acc: 0.8896, f1: 0.8582
  Vali loss: 1.2854, acc: 0.7670, f1: 0.7345
  Test loss: 1.2876, acc: 0.7628, f1: 0.7180
Epoch 111/500 (0.02s):
  Train loss: 1.1583, acc: 0.8883, f1: 0.8562
  Vali loss: 1.2848, acc: 0.7582, f1: 0.7247
  Test loss: 1.2872, acc: 0.7596, f1: 0.7147
Epoch 112/500 (0.02s):
  Train loss: 1.1580, acc: 0.8896, f1: 0.8571
  Vali loss: 1.2838, acc: 0.7648, f1: 0.7325
  Test loss: 1.2862, acc: 0.7617, f1: 0.7179
Epoch 113/500 (0.02s):
  Train loss: 1.1578, acc: 0.8910, f1: 0.8587
  Vali loss: 1.2844, acc: 0.7659, f1: 0.7334
  Test loss: 1.2866, acc: 0.7628, f1: 0.7179
Epoch 114/500 (0.02s):
  Train loss: 1.1577, acc: 0.8896, f1: 0.8592
  Vali loss: 1.2838, acc: 0.7604, f1: 0.7264
  Test loss: 1.2862, acc: 0.7607, f1: 0.7155
Epoch 115/500 (0.02s):
  Train loss: 1.1571, acc: 0.8896, f1: 0.8573
  Vali loss: 1.2836, acc: 0.7615, f1: 0.7282
  Test loss: 1.2857, acc: 0.7607, f1: 0.7170
Epoch 116/500 (0.02s):
  Train loss: 1.1570, acc: 0.8910, f1: 0.8593
  Vali loss: 1.2832, acc: 0.7615, f1: 0.7286
  Test loss: 1.2859, acc: 0.7607, f1: 0.7162
Epoch 117/500 (0.02s):
  Train loss: 1.1567, acc: 0.8910, f1: 0.8587
  Vali loss: 1.2837, acc: 0.7681, f1: 0.7356
  Test loss: 1.2853, acc: 0.7639, f1: 0.7202
Epoch 118/500 (0.02s):
  Train loss: 1.1565, acc: 0.8910, f1: 0.8589
  Vali loss: 1.2829, acc: 0.7626, f1: 0.7298
  Test loss: 1.2844, acc: 0.7607, f1: 0.7175
Epoch 119/500 (0.02s):
  Train loss: 1.1553, acc: 0.8910, f1: 0.8592
  Vali loss: 1.2822, acc: 0.7670, f1: 0.7345
  Test loss: 1.2833, acc: 0.7617, f1: 0.7201
Epoch 120/500 (0.02s):
  Train loss: 1.1552, acc: 0.8910, f1: 0.8591
  Vali loss: 1.2814, acc: 0.7637, f1: 0.7308
  Test loss: 1.2829, acc: 0.7639, f1: 0.7213
Epoch 121/500 (0.02s):
  Train loss: 1.1549, acc: 0.8910, f1: 0.8604
  Vali loss: 1.2822, acc: 0.7681, f1: 0.7358
  Test loss: 1.2836, acc: 0.7628, f1: 0.7211
Epoch 122/500 (0.02s):
  Train loss: 1.1549, acc: 0.8924, f1: 0.8615
  Vali loss: 1.2821, acc: 0.7637, f1: 0.7306
  Test loss: 1.2831, acc: 0.7617, f1: 0.7195
Epoch 123/500 (0.02s):
  Train loss: 1.1545, acc: 0.8910, f1: 0.8591
  Vali loss: 1.2803, acc: 0.7659, f1: 0.7334
  Test loss: 1.2822, acc: 0.7650, f1: 0.7243
Epoch 124/500 (0.02s):
  Train loss: 1.1545, acc: 0.8924, f1: 0.8616
  Vali loss: 1.2812, acc: 0.7691, f1: 0.7370
  Test loss: 1.2828, acc: 0.7650, f1: 0.7235
Epoch 125/500 (0.02s):
  Train loss: 1.1541, acc: 0.8910, f1: 0.8612
  Vali loss: 1.2809, acc: 0.7670, f1: 0.7347
  Test loss: 1.2823, acc: 0.7639, f1: 0.7225
Epoch 126/500 (0.02s):
  Train loss: 1.1538, acc: 0.8924, f1: 0.8618
  Vali loss: 1.2801, acc: 0.7713, f1: 0.7394
  Test loss: 1.2819, acc: 0.7628, f1: 0.7217
Epoch 127/500 (0.02s):
  Train loss: 1.1534, acc: 0.8924, f1: 0.8618
  Vali loss: 1.2804, acc: 0.7681, f1: 0.7360
  Test loss: 1.2821, acc: 0.7639, f1: 0.7232
Epoch 128/500 (0.02s):
  Train loss: 1.1533, acc: 0.8924, f1: 0.8621
  Vali loss: 1.2805, acc: 0.7681, f1: 0.7360
  Test loss: 1.2818, acc: 0.7650, f1: 0.7250
Epoch 129/500 (0.02s):
  Train loss: 1.1528, acc: 0.8924, f1: 0.8613
  Vali loss: 1.2800, acc: 0.7681, f1: 0.7358
  Test loss: 1.2820, acc: 0.7628, f1: 0.7217
Epoch 130/500 (0.02s):
  Train loss: 1.1523, acc: 0.8951, f1: 0.8647
  Vali loss: 1.2799, acc: 0.7713, f1: 0.7392
  Test loss: 1.2816, acc: 0.7683, f1: 0.7271
Epoch 131/500 (0.02s):
  Train loss: 1.1519, acc: 0.8951, f1: 0.8640
  Vali loss: 1.2796, acc: 0.7681, f1: 0.7353
  Test loss: 1.2816, acc: 0.7639, f1: 0.7223
Epoch 132/500 (0.02s):
  Train loss: 1.1519, acc: 0.8951, f1: 0.8655
  Vali loss: 1.2800, acc: 0.7681, f1: 0.7355
  Test loss: 1.2818, acc: 0.7650, f1: 0.7233
Epoch 133/500 (0.02s):
  Train loss: 1.1512, acc: 0.8951, f1: 0.8649
  Vali loss: 1.2794, acc: 0.7691, f1: 0.7361
  Test loss: 1.2813, acc: 0.7650, f1: 0.7232
Epoch 134/500 (0.02s):
  Train loss: 1.1514, acc: 0.8937, f1: 0.8644
  Vali loss: 1.2798, acc: 0.7659, f1: 0.7322
  Test loss: 1.2816, acc: 0.7650, f1: 0.7231
Epoch 135/500 (0.02s):
  Train loss: 1.1510, acc: 0.8951, f1: 0.8655
  Vali loss: 1.2790, acc: 0.7670, f1: 0.7334
  Test loss: 1.2812, acc: 0.7628, f1: 0.7219
Epoch 136/500 (0.02s):
  Train loss: 1.1509, acc: 0.8951, f1: 0.8668
  Vali loss: 1.2791, acc: 0.7691, f1: 0.7364
  Test loss: 1.2811, acc: 0.7661, f1: 0.7238
Epoch 137/500 (0.02s):
  Train loss: 1.1505, acc: 0.8951, f1: 0.8665
  Vali loss: 1.2790, acc: 0.7670, f1: 0.7338
  Test loss: 1.2814, acc: 0.7607, f1: 0.7194
Epoch 138/500 (0.02s):
  Train loss: 1.1501, acc: 0.8965, f1: 0.8666
  Vali loss: 1.2779, acc: 0.7691, f1: 0.7365
  Test loss: 1.2807, acc: 0.7639, f1: 0.7221
Epoch 139/500 (0.02s):
  Train loss: 1.1499, acc: 0.8965, f1: 0.8679
  Vali loss: 1.2785, acc: 0.7648, f1: 0.7321
  Test loss: 1.2809, acc: 0.7617, f1: 0.7205
Epoch 140/500 (0.02s):
  Train loss: 1.1498, acc: 0.8965, f1: 0.8661
  Vali loss: 1.2773, acc: 0.7670, f1: 0.7351
  Test loss: 1.2806, acc: 0.7617, f1: 0.7204
Epoch 141/500 (0.02s):
  Train loss: 1.1495, acc: 0.8965, f1: 0.8673
  Vali loss: 1.2780, acc: 0.7670, f1: 0.7340
  Test loss: 1.2810, acc: 0.7639, f1: 0.7221
Epoch 142/500 (0.02s):
  Train loss: 1.1491, acc: 0.8965, f1: 0.8663
  Vali loss: 1.2773, acc: 0.7670, f1: 0.7351
  Test loss: 1.2805, acc: 0.7628, f1: 0.7212
Epoch 143/500 (0.02s):
  Train loss: 1.1495, acc: 0.8951, f1: 0.8667
  Vali loss: 1.2772, acc: 0.7659, f1: 0.7339
  Test loss: 1.2805, acc: 0.7617, f1: 0.7217
Epoch 144/500 (0.02s):
  Train loss: 1.1491, acc: 0.8965, f1: 0.8665
  Vali loss: 1.2774, acc: 0.7637, f1: 0.7320
  Test loss: 1.2808, acc: 0.7661, f1: 0.7239
Epoch 145/500 (0.02s):
  Train loss: 1.1489, acc: 0.8965, f1: 0.8679
  Vali loss: 1.2770, acc: 0.7648, f1: 0.7328
  Test loss: 1.2804, acc: 0.7617, f1: 0.7210
Epoch 146/500 (0.02s):
  Train loss: 1.1490, acc: 0.8965, f1: 0.8673
  Vali loss: 1.2766, acc: 0.7659, f1: 0.7332
  Test loss: 1.2803, acc: 0.7617, f1: 0.7204
Epoch 147/500 (0.02s):
  Train loss: 1.1483, acc: 0.8965, f1: 0.8673
  Vali loss: 1.2759, acc: 0.7648, f1: 0.7330
  Test loss: 1.2798, acc: 0.7607, f1: 0.7202
Epoch 148/500 (0.02s):
  Train loss: 1.1486, acc: 0.8965, f1: 0.8668
  Vali loss: 1.2759, acc: 0.7670, f1: 0.7347
  Test loss: 1.2799, acc: 0.7628, f1: 0.7219
Epoch 149/500 (0.02s):
  Train loss: 1.1482, acc: 0.8965, f1: 0.8668
  Vali loss: 1.2761, acc: 0.7648, f1: 0.7328
  Test loss: 1.2800, acc: 0.7607, f1: 0.7202
Epoch 150/500 (0.02s):
  Train loss: 1.1483, acc: 0.8965, f1: 0.8668
  Vali loss: 1.2754, acc: 0.7659, f1: 0.7338
  Test loss: 1.2794, acc: 0.7628, f1: 0.7219
Epoch 151/500 (0.02s):
  Train loss: 1.1483, acc: 0.8965, f1: 0.8687
  Vali loss: 1.2768, acc: 0.7637, f1: 0.7319
  Test loss: 1.2803, acc: 0.7617, f1: 0.7210
Epoch 152/500 (0.02s):
  Train loss: 1.1480, acc: 0.8978, f1: 0.8675
  Vali loss: 1.2751, acc: 0.7681, f1: 0.7364
  Test loss: 1.2793, acc: 0.7639, f1: 0.7228
Epoch 153/500 (0.02s):
  Train loss: 1.1477, acc: 0.8965, f1: 0.8681
  Vali loss: 1.2755, acc: 0.7670, f1: 0.7348
  Test loss: 1.2796, acc: 0.7650, f1: 0.7236
Epoch 154/500 (0.02s):
  Train loss: 1.1479, acc: 0.8965, f1: 0.8668
  Vali loss: 1.2749, acc: 0.7681, f1: 0.7364
  Test loss: 1.2794, acc: 0.7628, f1: 0.7219
Epoch 155/500 (0.02s):
  Train loss: 1.1476, acc: 0.8978, f1: 0.8691
  Vali loss: 1.2751, acc: 0.7670, f1: 0.7355
  Test loss: 1.2794, acc: 0.7639, f1: 0.7227
Epoch 156/500 (0.02s):
  Train loss: 1.1475, acc: 0.8965, f1: 0.8675
  Vali loss: 1.2746, acc: 0.7691, f1: 0.7378
  Test loss: 1.2791, acc: 0.7617, f1: 0.7204
Epoch 157/500 (0.02s):
  Train loss: 1.1473, acc: 0.8965, f1: 0.8678
  Vali loss: 1.2744, acc: 0.7681, f1: 0.7368
  Test loss: 1.2790, acc: 0.7639, f1: 0.7227
Epoch 158/500 (0.02s):
  Train loss: 1.1477, acc: 0.8965, f1: 0.8673
  Vali loss: 1.2748, acc: 0.7670, f1: 0.7354
  Test loss: 1.2792, acc: 0.7628, f1: 0.7212
Epoch 159/500 (0.02s):
  Train loss: 1.1473, acc: 0.8965, f1: 0.8702
  Vali loss: 1.2745, acc: 0.7691, f1: 0.7387
  Test loss: 1.2788, acc: 0.7672, f1: 0.7260
Epoch 160/500 (0.02s):
  Train loss: 1.1473, acc: 0.8965, f1: 0.8673
  Vali loss: 1.2743, acc: 0.7681, f1: 0.7367
  Test loss: 1.2789, acc: 0.7672, f1: 0.7260
Epoch 161/500 (0.02s):
  Train loss: 1.1471, acc: 0.8978, f1: 0.8685
  Vali loss: 1.2744, acc: 0.7626, f1: 0.7316
  Test loss: 1.2789, acc: 0.7617, f1: 0.7215
Epoch 162/500 (0.02s):
  Train loss: 1.1470, acc: 0.8978, f1: 0.8722
  Vali loss: 1.2743, acc: 0.7670, f1: 0.7356
  Test loss: 1.2786, acc: 0.7628, f1: 0.7215
Epoch 163/500 (0.02s):
  Train loss: 1.1468, acc: 0.8978, f1: 0.8683
  Vali loss: 1.2736, acc: 0.7637, f1: 0.7329
  Test loss: 1.2782, acc: 0.7607, f1: 0.7201
Epoch 164/500 (0.02s):
  Train loss: 1.1467, acc: 0.8978, f1: 0.8719
  Vali loss: 1.2734, acc: 0.7659, f1: 0.7348
  Test loss: 1.2781, acc: 0.7672, f1: 0.7259
Epoch 165/500 (0.02s):
  Train loss: 1.1468, acc: 0.8978, f1: 0.8709
  Vali loss: 1.2742, acc: 0.7681, f1: 0.7374
  Test loss: 1.2789, acc: 0.7628, f1: 0.7212
Epoch 166/500 (0.02s):
  Train loss: 1.1467, acc: 0.8992, f1: 0.8688
  Vali loss: 1.2726, acc: 0.7702, f1: 0.7405
  Test loss: 1.2775, acc: 0.7716, f1: 0.7315
Epoch 167/500 (0.02s):
  Train loss: 1.1466, acc: 0.8965, f1: 0.8665
  Vali loss: 1.2732, acc: 0.7648, f1: 0.7339
  Test loss: 1.2780, acc: 0.7617, f1: 0.7221
Epoch 168/500 (0.02s):
  Train loss: 1.1463, acc: 0.8992, f1: 0.8733
  Vali loss: 1.2735, acc: 0.7670, f1: 0.7357
  Test loss: 1.2782, acc: 0.7661, f1: 0.7244
Epoch 169/500 (0.02s):
  Train loss: 1.1462, acc: 0.8992, f1: 0.8692
  Vali loss: 1.2731, acc: 0.7681, f1: 0.7371
  Test loss: 1.2778, acc: 0.7672, f1: 0.7265
Epoch 170/500 (0.02s):
  Train loss: 1.1460, acc: 0.8992, f1: 0.8708
  Vali loss: 1.2728, acc: 0.7702, f1: 0.7396
  Test loss: 1.2774, acc: 0.7683, f1: 0.7268
Epoch 171/500 (0.02s):
  Train loss: 1.1459, acc: 0.8992, f1: 0.8742
  Vali loss: 1.2731, acc: 0.7681, f1: 0.7371
  Test loss: 1.2777, acc: 0.7661, f1: 0.7250
Epoch 172/500 (0.02s):
  Train loss: 1.1462, acc: 0.8965, f1: 0.8675
  Vali loss: 1.2729, acc: 0.7670, f1: 0.7366
  Test loss: 1.2778, acc: 0.7617, f1: 0.7216
Epoch 173/500 (0.02s):
  Train loss: 1.1461, acc: 0.8992, f1: 0.8716
  Vali loss: 1.2725, acc: 0.7702, f1: 0.7402
  Test loss: 1.2768, acc: 0.7716, f1: 0.7318
Epoch 174/500 (0.02s):
  Train loss: 1.1457, acc: 0.8992, f1: 0.8718
  Vali loss: 1.2729, acc: 0.7702, f1: 0.7398
  Test loss: 1.2775, acc: 0.7650, f1: 0.7237
Epoch 175/500 (0.02s):
  Train loss: 1.1456, acc: 0.9005, f1: 0.8742
  Vali loss: 1.2722, acc: 0.7702, f1: 0.7396
  Test loss: 1.2766, acc: 0.7672, f1: 0.7260
Epoch 176/500 (0.02s):
  Train loss: 1.1457, acc: 0.9005, f1: 0.8711
  Vali loss: 1.2720, acc: 0.7713, f1: 0.7414
  Test loss: 1.2763, acc: 0.7683, f1: 0.7275
Epoch 177/500 (0.02s):
  Train loss: 1.1456, acc: 0.9005, f1: 0.8742
  Vali loss: 1.2718, acc: 0.7702, f1: 0.7399
  Test loss: 1.2759, acc: 0.7694, f1: 0.7285
Epoch 178/500 (0.02s):
  Train loss: 1.1456, acc: 0.8992, f1: 0.8700
  Vali loss: 1.2714, acc: 0.7713, f1: 0.7411
  Test loss: 1.2757, acc: 0.7716, f1: 0.7320
Epoch 179/500 (0.02s):
  Train loss: 1.1447, acc: 0.9019, f1: 0.8778
  Vali loss: 1.2721, acc: 0.7691, f1: 0.7383
  Test loss: 1.2746, acc: 0.7683, f1: 0.7279
Epoch 180/500 (0.02s):
  Train loss: 1.1442, acc: 0.9005, f1: 0.8708
  Vali loss: 1.2706, acc: 0.7735, f1: 0.7428
  Test loss: 1.2729, acc: 0.7760, f1: 0.7363
Epoch 181/500 (0.02s):
  Train loss: 1.1440, acc: 0.9005, f1: 0.8739
  Vali loss: 1.2720, acc: 0.7702, f1: 0.7388
  Test loss: 1.2735, acc: 0.7727, f1: 0.7327
Epoch 182/500 (0.02s):
  Train loss: 1.1441, acc: 0.9019, f1: 0.8735
  Vali loss: 1.2718, acc: 0.7691, f1: 0.7377
  Test loss: 1.2732, acc: 0.7716, f1: 0.7319
Epoch 183/500 (0.02s):
  Train loss: 1.1440, acc: 0.8992, f1: 0.8705
  Vali loss: 1.2714, acc: 0.7681, f1: 0.7366
  Test loss: 1.2732, acc: 0.7661, f1: 0.7276
Epoch 184/500 (0.02s):
  Train loss: 1.1438, acc: 0.9019, f1: 0.8778
  Vali loss: 1.2719, acc: 0.7691, f1: 0.7379
  Test loss: 1.2733, acc: 0.7716, f1: 0.7319
Epoch 185/500 (0.02s):
  Train loss: 1.1435, acc: 0.9005, f1: 0.8716
  Vali loss: 1.2718, acc: 0.7691, f1: 0.7382
  Test loss: 1.2730, acc: 0.7716, f1: 0.7320
Epoch 186/500 (0.02s):
  Train loss: 1.1436, acc: 0.9005, f1: 0.8708
  Vali loss: 1.2716, acc: 0.7681, f1: 0.7365
  Test loss: 1.2729, acc: 0.7705, f1: 0.7311
Epoch 187/500 (0.02s):
  Train loss: 1.1438, acc: 0.9005, f1: 0.8729
  Vali loss: 1.2717, acc: 0.7691, f1: 0.7376
  Test loss: 1.2731, acc: 0.7694, f1: 0.7295
Epoch 188/500 (0.02s):
  Train loss: 1.1436, acc: 0.9005, f1: 0.8729
  Vali loss: 1.2714, acc: 0.7702, f1: 0.7396
  Test loss: 1.2729, acc: 0.7694, f1: 0.7294
Epoch 189/500 (0.02s):
  Train loss: 1.1437, acc: 0.9005, f1: 0.8756
  Vali loss: 1.2724, acc: 0.7713, f1: 0.7410
  Test loss: 1.2735, acc: 0.7716, f1: 0.7325
Epoch 190/500 (0.02s):
  Train loss: 1.1436, acc: 0.9019, f1: 0.8736
  Vali loss: 1.2719, acc: 0.7691, f1: 0.7383
  Test loss: 1.2731, acc: 0.7716, f1: 0.7324
Epoch 191/500 (0.02s):
  Train loss: 1.1430, acc: 0.9019, f1: 0.8752
  Vali loss: 1.2718, acc: 0.7702, f1: 0.7391
  Test loss: 1.2729, acc: 0.7716, f1: 0.7320
Epoch 192/500 (0.02s):
  Train loss: 1.1431, acc: 0.9019, f1: 0.8718
  Vali loss: 1.2706, acc: 0.7735, f1: 0.7424
  Test loss: 1.2723, acc: 0.7738, f1: 0.7348
Epoch 193/500 (0.02s):
  Train loss: 1.1425, acc: 0.9019, f1: 0.8749
  Vali loss: 1.2715, acc: 0.7746, f1: 0.7445
  Test loss: 1.2730, acc: 0.7727, f1: 0.7330
Epoch 194/500 (0.02s):
  Train loss: 1.1421, acc: 0.9033, f1: 0.8793
  Vali loss: 1.2717, acc: 0.7713, f1: 0.7402
  Test loss: 1.2729, acc: 0.7716, f1: 0.7320
Epoch 195/500 (0.02s):
  Train loss: 1.1421, acc: 0.9033, f1: 0.8743
  Vali loss: 1.2708, acc: 0.7735, f1: 0.7432
  Test loss: 1.2728, acc: 0.7716, f1: 0.7319
Epoch 196/500 (0.02s):
  Train loss: 1.1418, acc: 0.9033, f1: 0.8761
  Vali loss: 1.2709, acc: 0.7735, f1: 0.7431
  Test loss: 1.2726, acc: 0.7705, f1: 0.7305
Epoch 197/500 (0.02s):
  Train loss: 1.1422, acc: 0.9019, f1: 0.8779
  Vali loss: 1.2709, acc: 0.7746, f1: 0.7443
  Test loss: 1.2724, acc: 0.7727, f1: 0.7331
Epoch 198/500 (0.02s):
  Train loss: 1.1418, acc: 0.9019, f1: 0.8745
  Vali loss: 1.2706, acc: 0.7724, f1: 0.7421
  Test loss: 1.2724, acc: 0.7705, f1: 0.7304
Epoch 199/500 (0.02s):
  Train loss: 1.1415, acc: 0.9033, f1: 0.8730
  Vali loss: 1.2705, acc: 0.7735, f1: 0.7432
  Test loss: 1.2726, acc: 0.7705, f1: 0.7305
Epoch 200/500 (0.02s):
  Train loss: 1.1417, acc: 0.9019, f1: 0.8758
  Vali loss: 1.2712, acc: 0.7735, f1: 0.7433
  Test loss: 1.2728, acc: 0.7705, f1: 0.7306
Epoch 201/500 (0.02s):
  Train loss: 1.1415, acc: 0.9033, f1: 0.8785
  Vali loss: 1.2711, acc: 0.7724, f1: 0.7412
  Test loss: 1.2723, acc: 0.7705, f1: 0.7306
Epoch 202/500 (0.02s):
  Train loss: 1.1415, acc: 0.9033, f1: 0.8775
  Vali loss: 1.2714, acc: 0.7735, f1: 0.7433
  Test loss: 1.2731, acc: 0.7694, f1: 0.7290
Epoch 203/500 (0.02s):
  Train loss: 1.1419, acc: 0.9019, f1: 0.8732
  Vali loss: 1.2710, acc: 0.7691, f1: 0.7376
  Test loss: 1.2724, acc: 0.7661, f1: 0.7247
Epoch 204/500 (0.02s):
  Train loss: 1.1418, acc: 0.9033, f1: 0.8744
  Vali loss: 1.2707, acc: 0.7746, f1: 0.7447
  Test loss: 1.2727, acc: 0.7705, f1: 0.7303
Epoch 205/500 (0.02s):
  Train loss: 1.1413, acc: 0.9033, f1: 0.8777
  Vali loss: 1.2712, acc: 0.7702, f1: 0.7395
  Test loss: 1.2729, acc: 0.7672, f1: 0.7271
Epoch 206/500 (0.02s):
  Train loss: 1.1414, acc: 0.9033, f1: 0.8761
  Vali loss: 1.2705, acc: 0.7713, f1: 0.7407
  Test loss: 1.2723, acc: 0.7694, f1: 0.7294
Epoch 207/500 (0.02s):
  Train loss: 1.1411, acc: 0.9033, f1: 0.8776
  Vali loss: 1.2706, acc: 0.7713, f1: 0.7402
  Test loss: 1.2720, acc: 0.7694, f1: 0.7290
Epoch 208/500 (0.02s):
  Train loss: 1.1413, acc: 0.9019, f1: 0.8783
  Vali loss: 1.2712, acc: 0.7746, f1: 0.7442
  Test loss: 1.2727, acc: 0.7683, f1: 0.7279
Epoch 209/500 (0.02s):
  Train loss: 1.1412, acc: 0.9033, f1: 0.8786
  Vali loss: 1.2712, acc: 0.7702, f1: 0.7392
  Test loss: 1.2728, acc: 0.7672, f1: 0.7267
Epoch 210/500 (0.01s):
  Train loss: 1.1410, acc: 0.9033, f1: 0.8742
  Vali loss: 1.2705, acc: 0.7724, f1: 0.7416
  Test loss: 1.2722, acc: 0.7705, f1: 0.7300
Epoch 211/500 (0.01s):
  Train loss: 1.1408, acc: 0.9033, f1: 0.8787
  Vali loss: 1.2711, acc: 0.7702, f1: 0.7392
  Test loss: 1.2724, acc: 0.7672, f1: 0.7263
Epoch 212/500 (0.01s):
  Train loss: 1.1411, acc: 0.9033, f1: 0.8766
  Vali loss: 1.2709, acc: 0.7691, f1: 0.7382
  Test loss: 1.2720, acc: 0.7705, f1: 0.7296
Epoch 213/500 (0.01s):
  Train loss: 1.1410, acc: 0.9033, f1: 0.8774
  Vali loss: 1.2714, acc: 0.7746, f1: 0.7450
  Test loss: 1.2729, acc: 0.7727, f1: 0.7329
Epoch 214/500 (0.01s):
  Train loss: 1.1408, acc: 0.9033, f1: 0.8727
  Vali loss: 1.2708, acc: 0.7702, f1: 0.7392
  Test loss: 1.2723, acc: 0.7672, f1: 0.7266
Epoch 215/500 (0.01s):
  Train loss: 1.1408, acc: 0.9019, f1: 0.8741
  Vali loss: 1.2713, acc: 0.7724, f1: 0.7413
  Test loss: 1.2727, acc: 0.7705, f1: 0.7306
Epoch 216/500 (0.01s):
  Train loss: 1.1405, acc: 0.9033, f1: 0.8747
  Vali loss: 1.2707, acc: 0.7702, f1: 0.7392
  Test loss: 1.2720, acc: 0.7694, f1: 0.7293
Epoch 217/500 (0.01s):
  Train loss: 1.1405, acc: 0.9019, f1: 0.8769
  Vali loss: 1.2716, acc: 0.7702, f1: 0.7392
  Test loss: 1.2725, acc: 0.7705, f1: 0.7303
Epoch 218/500 (0.01s):
  Train loss: 1.1409, acc: 0.9019, f1: 0.8763
  Vali loss: 1.2719, acc: 0.7691, f1: 0.7379
  Test loss: 1.2726, acc: 0.7628, f1: 0.7226
Epoch 219/500 (0.01s):
  Train loss: 1.1405, acc: 0.9019, f1: 0.8745
  Vali loss: 1.2709, acc: 0.7735, f1: 0.7424
  Test loss: 1.2722, acc: 0.7705, f1: 0.7302
Epoch 220/500 (0.01s):
  Train loss: 1.1405, acc: 0.9033, f1: 0.8720
  Vali loss: 1.2715, acc: 0.7702, f1: 0.7399
  Test loss: 1.2727, acc: 0.7694, f1: 0.7296
Epoch 221/500 (0.01s):
  Train loss: 1.1403, acc: 0.9033, f1: 0.8774
  Vali loss: 1.2717, acc: 0.7691, f1: 0.7382
  Test loss: 1.2723, acc: 0.7672, f1: 0.7265
Epoch 222/500 (0.01s):
  Train loss: 1.1402, acc: 0.9033, f1: 0.8723
  Vali loss: 1.2714, acc: 0.7713, f1: 0.7403
  Test loss: 1.2721, acc: 0.7705, f1: 0.7304
Epoch 223/500 (0.01s):
  Train loss: 1.1402, acc: 0.9033, f1: 0.8798
  Vali loss: 1.2715, acc: 0.7713, f1: 0.7417
  Test loss: 1.2726, acc: 0.7727, f1: 0.7323
Epoch 224/500 (0.01s):
  Train loss: 1.1401, acc: 0.9033, f1: 0.8758
  Vali loss: 1.2716, acc: 0.7746, f1: 0.7454
  Test loss: 1.2726, acc: 0.7705, f1: 0.7302
Epoch 225/500 (0.01s):
  Train loss: 1.1399, acc: 0.9033, f1: 0.8778
  Vali loss: 1.2715, acc: 0.7746, f1: 0.7455
  Test loss: 1.2722, acc: 0.7716, f1: 0.7310
Epoch 226/500 (0.01s):
  Train loss: 1.1401, acc: 0.9019, f1: 0.8698
  Vali loss: 1.2714, acc: 0.7757, f1: 0.7460
  Test loss: 1.2728, acc: 0.7683, f1: 0.7280
Epoch 227/500 (0.01s):
  Train loss: 1.1389, acc: 0.9046, f1: 0.8813
  Vali loss: 1.2724, acc: 0.7735, f1: 0.7447
  Test loss: 1.2733, acc: 0.7716, f1: 0.7313
Epoch 228/500 (0.01s):
  Train loss: 1.1390, acc: 0.9046, f1: 0.8817
  Vali loss: 1.2729, acc: 0.7724, f1: 0.7440
  Test loss: 1.2730, acc: 0.7727, f1: 0.7325
Epoch 229/500 (0.01s):
  Train loss: 1.1387, acc: 0.9046, f1: 0.8766
  Vali loss: 1.2716, acc: 0.7713, f1: 0.7418
  Test loss: 1.2725, acc: 0.7716, f1: 0.7313
Epoch 230/500 (0.01s):
  Train loss: 1.1390, acc: 0.9046, f1: 0.8782
  Vali loss: 1.2724, acc: 0.7691, f1: 0.7401
  Test loss: 1.2732, acc: 0.7716, f1: 0.7315
Epoch 231/500 (0.01s):
  Train loss: 1.1389, acc: 0.9033, f1: 0.8761
  Vali loss: 1.2719, acc: 0.7724, f1: 0.7424
  Test loss: 1.2729, acc: 0.7694, f1: 0.7298
Epoch 232/500 (0.01s):
  Train loss: 1.1385, acc: 0.9046, f1: 0.8747
  Vali loss: 1.2721, acc: 0.7702, f1: 0.7412
  Test loss: 1.2732, acc: 0.7727, f1: 0.7328
Epoch 233/500 (0.01s):
  Train loss: 1.1386, acc: 0.9046, f1: 0.8754
  Vali loss: 1.2723, acc: 0.7702, f1: 0.7412
  Test loss: 1.2733, acc: 0.7727, f1: 0.7325
Epoch 234/500 (0.01s):
  Train loss: 1.1385, acc: 0.9046, f1: 0.8738
  Vali loss: 1.2716, acc: 0.7702, f1: 0.7404
  Test loss: 1.2730, acc: 0.7716, f1: 0.7315
Epoch 235/500 (0.01s):
  Train loss: 1.1386, acc: 0.9046, f1: 0.8769
  Vali loss: 1.2731, acc: 0.7691, f1: 0.7401
  Test loss: 1.2738, acc: 0.7727, f1: 0.7327
Epoch 236/500 (0.01s):
  Train loss: 1.1384, acc: 0.9046, f1: 0.8784
  Vali loss: 1.2726, acc: 0.7713, f1: 0.7427
  Test loss: 1.2737, acc: 0.7694, f1: 0.7293
Epoch 237/500 (0.01s):
  Train loss: 1.1381, acc: 0.9046, f1: 0.8817
  Vali loss: 1.2731, acc: 0.7713, f1: 0.7421
  Test loss: 1.2741, acc: 0.7694, f1: 0.7285
Epoch 238/500 (0.01s):
  Train loss: 1.1382, acc: 0.9046, f1: 0.8807
  Vali loss: 1.2728, acc: 0.7713, f1: 0.7420
  Test loss: 1.2739, acc: 0.7716, f1: 0.7313
Epoch 239/500 (0.01s):
  Train loss: 1.1379, acc: 0.9060, f1: 0.8802
  Vali loss: 1.2732, acc: 0.7702, f1: 0.7413
  Test loss: 1.2747, acc: 0.7694, f1: 0.7288
Epoch 240/500 (0.01s):
  Train loss: 1.1378, acc: 0.9060, f1: 0.8811
  Vali loss: 1.2727, acc: 0.7702, f1: 0.7408
  Test loss: 1.2745, acc: 0.7694, f1: 0.7288
Epoch 241/500 (0.01s):
  Train loss: 1.1379, acc: 0.9060, f1: 0.8803
  Vali loss: 1.2733, acc: 0.7713, f1: 0.7429
  Test loss: 1.2750, acc: 0.7705, f1: 0.7302
Epoch 242/500 (0.01s):
  Train loss: 1.1375, acc: 0.9060, f1: 0.8764
  Vali loss: 1.2734, acc: 0.7713, f1: 0.7430
  Test loss: 1.2754, acc: 0.7683, f1: 0.7278
Epoch 243/500 (0.01s):
  Train loss: 1.1376, acc: 0.9060, f1: 0.8814
  Vali loss: 1.2728, acc: 0.7702, f1: 0.7412
  Test loss: 1.2750, acc: 0.7683, f1: 0.7277
Epoch 244/500 (0.01s):
  Train loss: 1.1373, acc: 0.9060, f1: 0.8823
  Vali loss: 1.2739, acc: 0.7670, f1: 0.7380
  Test loss: 1.2755, acc: 0.7694, f1: 0.7286
Epoch 245/500 (0.01s):
  Train loss: 1.1373, acc: 0.9060, f1: 0.8808
  Vali loss: 1.2735, acc: 0.7702, f1: 0.7401
  Test loss: 1.2753, acc: 0.7694, f1: 0.7277
Epoch 246/500 (0.01s):
  Train loss: 1.1373, acc: 0.9060, f1: 0.8760
  Vali loss: 1.2732, acc: 0.7691, f1: 0.7404
  Test loss: 1.2757, acc: 0.7694, f1: 0.7285
Epoch 247/500 (0.01s):
  Train loss: 1.1372, acc: 0.9060, f1: 0.8784
  Vali loss: 1.2740, acc: 0.7681, f1: 0.7388
  Test loss: 1.2760, acc: 0.7694, f1: 0.7277
Epoch 248/500 (0.01s):
  Train loss: 1.1371, acc: 0.9060, f1: 0.8815
  Vali loss: 1.2741, acc: 0.7681, f1: 0.7385
  Test loss: 1.2759, acc: 0.7683, f1: 0.7266
Epoch 249/500 (0.01s):
  Train loss: 1.1371, acc: 0.9060, f1: 0.8772
  Vali loss: 1.2740, acc: 0.7691, f1: 0.7394
  Test loss: 1.2760, acc: 0.7694, f1: 0.7277
Epoch 250/500 (0.01s):
  Train loss: 1.1369, acc: 0.9060, f1: 0.8791
  Vali loss: 1.2734, acc: 0.7713, f1: 0.7416
  Test loss: 1.2759, acc: 0.7716, f1: 0.7306
Epoch 251/500 (0.01s):
  Train loss: 1.1369, acc: 0.9060, f1: 0.8778
  Vali loss: 1.2743, acc: 0.7691, f1: 0.7396
  Test loss: 1.2765, acc: 0.7716, f1: 0.7306
Epoch 252/500 (0.01s):
  Train loss: 1.1372, acc: 0.9074, f1: 0.8860
  Vali loss: 1.2746, acc: 0.7681, f1: 0.7383
  Test loss: 1.2763, acc: 0.7705, f1: 0.7288
Epoch 253/500 (0.01s):
  Train loss: 1.1367, acc: 0.9060, f1: 0.8816
  Vali loss: 1.2740, acc: 0.7691, f1: 0.7395
  Test loss: 1.2761, acc: 0.7694, f1: 0.7279
Epoch 254/500 (0.01s):
  Train loss: 1.1371, acc: 0.9060, f1: 0.8770
  Vali loss: 1.2738, acc: 0.7724, f1: 0.7423
  Test loss: 1.2763, acc: 0.7694, f1: 0.7287
Epoch 255/500 (0.01s):
  Train loss: 1.1367, acc: 0.9060, f1: 0.8794
  Vali loss: 1.2737, acc: 0.7702, f1: 0.7405
  Test loss: 1.2762, acc: 0.7694, f1: 0.7284
Epoch 256/500 (0.01s):
  Train loss: 1.1370, acc: 0.9060, f1: 0.8830
  Vali loss: 1.2754, acc: 0.7648, f1: 0.7358
  Test loss: 1.2770, acc: 0.7694, f1: 0.7273
Epoch 257/500 (0.01s):
  Train loss: 1.1364, acc: 0.9074, f1: 0.8777
  Vali loss: 1.2740, acc: 0.7670, f1: 0.7380
  Test loss: 1.2762, acc: 0.7694, f1: 0.7278
Epoch 258/500 (0.01s):
  Train loss: 1.1365, acc: 0.9060, f1: 0.8828
  Vali loss: 1.2745, acc: 0.7702, f1: 0.7405
  Test loss: 1.2765, acc: 0.7694, f1: 0.7275
Epoch 259/500 (0.01s):
  Train loss: 1.1365, acc: 0.9074, f1: 0.8798
  Vali loss: 1.2745, acc: 0.7670, f1: 0.7378
  Test loss: 1.2766, acc: 0.7694, f1: 0.7272
Epoch 260/500 (0.01s):
  Train loss: 1.1366, acc: 0.9060, f1: 0.8808
  Vali loss: 1.2745, acc: 0.7691, f1: 0.7396
  Test loss: 1.2767, acc: 0.7672, f1: 0.7253
Epoch 261/500 (0.01s):
  Train loss: 1.1366, acc: 0.9060, f1: 0.8849
  Vali loss: 1.2747, acc: 0.7681, f1: 0.7386
  Test loss: 1.2768, acc: 0.7683, f1: 0.7262
Epoch 262/500 (0.01s):
  Train loss: 1.1367, acc: 0.9074, f1: 0.8835
  Vali loss: 1.2745, acc: 0.7681, f1: 0.7386
  Test loss: 1.2765, acc: 0.7683, f1: 0.7266
Epoch 263/500 (0.01s):
  Train loss: 1.1364, acc: 0.9060, f1: 0.8798
  Vali loss: 1.2745, acc: 0.7670, f1: 0.7370
  Test loss: 1.2769, acc: 0.7683, f1: 0.7269
Epoch 264/500 (0.01s):
  Train loss: 1.1366, acc: 0.9060, f1: 0.8770
  Vali loss: 1.2750, acc: 0.7670, f1: 0.7381
  Test loss: 1.2772, acc: 0.7694, f1: 0.7282
Epoch 265/500 (0.01s):
  Train loss: 1.1363, acc: 0.9060, f1: 0.8772
  Vali loss: 1.2743, acc: 0.7691, f1: 0.7392
  Test loss: 1.2767, acc: 0.7694, f1: 0.7278
Epoch 266/500 (0.01s):
  Train loss: 1.1363, acc: 0.9074, f1: 0.8819
  Vali loss: 1.2749, acc: 0.7659, f1: 0.7362
  Test loss: 1.2771, acc: 0.7672, f1: 0.7255
Epoch 267/500 (0.01s):
  Train loss: 1.1363, acc: 0.9074, f1: 0.8819
  Vali loss: 1.2748, acc: 0.7659, f1: 0.7362
  Test loss: 1.2773, acc: 0.7661, f1: 0.7247
Epoch 268/500 (0.01s):
  Train loss: 1.1362, acc: 0.9074, f1: 0.8778
  Vali loss: 1.2747, acc: 0.7659, f1: 0.7362
  Test loss: 1.2770, acc: 0.7683, f1: 0.7275
Epoch 269/500 (0.01s):
  Train loss: 1.1367, acc: 0.9074, f1: 0.8846
  Vali loss: 1.2755, acc: 0.7659, f1: 0.7362
  Test loss: 1.2776, acc: 0.7672, f1: 0.7255
Epoch 270/500 (0.01s):
  Train loss: 1.1361, acc: 0.9060, f1: 0.8805
  Vali loss: 1.2750, acc: 0.7670, f1: 0.7370
  Test loss: 1.2774, acc: 0.7683, f1: 0.7276
Epoch 271/500 (0.01s):
  Train loss: 1.1360, acc: 0.9074, f1: 0.8809
  Vali loss: 1.2758, acc: 0.7637, f1: 0.7344
  Test loss: 1.2778, acc: 0.7661, f1: 0.7248
Epoch 272/500 (0.01s):
  Train loss: 1.1361, acc: 0.9074, f1: 0.8820
  Vali loss: 1.2750, acc: 0.7659, f1: 0.7362
  Test loss: 1.2776, acc: 0.7672, f1: 0.7263
Epoch 273/500 (0.01s):
  Train loss: 1.1361, acc: 0.9060, f1: 0.8803
  Vali loss: 1.2761, acc: 0.7691, f1: 0.7398
  Test loss: 1.2782, acc: 0.7683, f1: 0.7275
Epoch 274/500 (0.01s):
  Train loss: 1.1362, acc: 0.9060, f1: 0.8831
  Vali loss: 1.2765, acc: 0.7659, f1: 0.7369
  Test loss: 1.2782, acc: 0.7661, f1: 0.7243
Epoch 275/500 (0.01s):
  Train loss: 1.1359, acc: 0.9060, f1: 0.8823
  Vali loss: 1.2759, acc: 0.7670, f1: 0.7377
  Test loss: 1.2788, acc: 0.7661, f1: 0.7258
Epoch 276/500 (0.01s):
  Train loss: 1.1359, acc: 0.9060, f1: 0.8813
  Vali loss: 1.2770, acc: 0.7637, f1: 0.7360
  Test loss: 1.2789, acc: 0.7639, f1: 0.7220
Epoch 277/500 (0.01s):
  Train loss: 1.1357, acc: 0.9074, f1: 0.8780
  Vali loss: 1.2760, acc: 0.7681, f1: 0.7394
  Test loss: 1.2784, acc: 0.7650, f1: 0.7238
Epoch 278/500 (0.01s):
  Train loss: 1.1361, acc: 0.9074, f1: 0.8859
  Vali loss: 1.2759, acc: 0.7670, f1: 0.7379
  Test loss: 1.2786, acc: 0.7661, f1: 0.7248
Epoch 279/500 (0.01s):
  Train loss: 1.1360, acc: 0.9074, f1: 0.8841
  Vali loss: 1.2764, acc: 0.7648, f1: 0.7360
  Test loss: 1.2787, acc: 0.7628, f1: 0.7212
Epoch 280/500 (0.01s):
  Train loss: 1.1356, acc: 0.9074, f1: 0.8772
  Vali loss: 1.2766, acc: 0.7659, f1: 0.7376
  Test loss: 1.2791, acc: 0.7650, f1: 0.7239
Epoch 281/500 (0.01s):
  Train loss: 1.1357, acc: 0.9074, f1: 0.8850
  Vali loss: 1.2767, acc: 0.7659, f1: 0.7369
  Test loss: 1.2790, acc: 0.7628, f1: 0.7212
Epoch 282/500 (0.01s):
  Train loss: 1.1359, acc: 0.9060, f1: 0.8786
  Vali loss: 1.2770, acc: 0.7648, f1: 0.7367
  Test loss: 1.2793, acc: 0.7628, f1: 0.7212
Epoch 283/500 (0.01s):
  Train loss: 1.1359, acc: 0.9060, f1: 0.8863
  Vali loss: 1.2764, acc: 0.7659, f1: 0.7367
  Test loss: 1.2792, acc: 0.7639, f1: 0.7219
Epoch 284/500 (0.01s):
  Train loss: 1.1361, acc: 0.9074, f1: 0.8832
  Vali loss: 1.2776, acc: 0.7637, f1: 0.7361
  Test loss: 1.2799, acc: 0.7596, f1: 0.7183
Epoch 285/500 (0.01s):
  Train loss: 1.1357, acc: 0.9074, f1: 0.8819
  Vali loss: 1.2769, acc: 0.7681, f1: 0.7397
  Test loss: 1.2793, acc: 0.7628, f1: 0.7208
Epoch 286/500 (0.01s):
  Train loss: 1.1358, acc: 0.9074, f1: 0.8826
  Vali loss: 1.2775, acc: 0.7648, f1: 0.7368
  Test loss: 1.2798, acc: 0.7628, f1: 0.7210
Epoch 287/500 (0.01s):
  Train loss: 1.1356, acc: 0.9074, f1: 0.8787
  Vali loss: 1.2773, acc: 0.7615, f1: 0.7330
  Test loss: 1.2796, acc: 0.7650, f1: 0.7238
Epoch 288/500 (0.01s):
  Train loss: 1.1353, acc: 0.9060, f1: 0.8800
  Vali loss: 1.2770, acc: 0.7637, f1: 0.7348
  Test loss: 1.2795, acc: 0.7628, f1: 0.7210
Epoch 289/500 (0.01s):
  Train loss: 1.1354, acc: 0.9074, f1: 0.8777
  Vali loss: 1.2773, acc: 0.7670, f1: 0.7399
  Test loss: 1.2797, acc: 0.7639, f1: 0.7225
Epoch 290/500 (0.01s):
  Train loss: 1.1354, acc: 0.9074, f1: 0.8789
  Vali loss: 1.2768, acc: 0.7659, f1: 0.7369
  Test loss: 1.2799, acc: 0.7617, f1: 0.7201
Epoch 291/500 (0.01s):
  Train loss: 1.1352, acc: 0.9060, f1: 0.8750
  Vali loss: 1.2775, acc: 0.7648, f1: 0.7370
  Test loss: 1.2806, acc: 0.7617, f1: 0.7207
Epoch 292/500 (0.01s):
  Train loss: 1.1350, acc: 0.9087, f1: 0.8807
  Vali loss: 1.2788, acc: 0.7637, f1: 0.7364
  Test loss: 1.2817, acc: 0.7585, f1: 0.7163
Epoch 293/500 (0.01s):
  Train loss: 1.1349, acc: 0.9087, f1: 0.8833
  Vali loss: 1.2767, acc: 0.7648, f1: 0.7370
  Test loss: 1.2803, acc: 0.7607, f1: 0.7190
Epoch 294/500 (0.01s):
  Train loss: 1.1348, acc: 0.9087, f1: 0.8806
  Vali loss: 1.2789, acc: 0.7659, f1: 0.7386
  Test loss: 1.2823, acc: 0.7552, f1: 0.7141
Epoch 295/500 (0.01s):
  Train loss: 1.1346, acc: 0.9087, f1: 0.8863
  Vali loss: 1.2782, acc: 0.7626, f1: 0.7340
  Test loss: 1.2818, acc: 0.7607, f1: 0.7179
Epoch 296/500 (0.01s):
  Train loss: 1.1345, acc: 0.9087, f1: 0.8810
  Vali loss: 1.2792, acc: 0.7637, f1: 0.7353
  Test loss: 1.2836, acc: 0.7563, f1: 0.7142
Epoch 297/500 (0.01s):
  Train loss: 1.1341, acc: 0.9087, f1: 0.8817
  Vali loss: 1.2793, acc: 0.7626, f1: 0.7345
  Test loss: 1.2837, acc: 0.7552, f1: 0.7106
Epoch 298/500 (0.01s):
  Train loss: 1.1343, acc: 0.9087, f1: 0.8823
  Vali loss: 1.2785, acc: 0.7648, f1: 0.7365
  Test loss: 1.2834, acc: 0.7585, f1: 0.7157
Epoch 299/500 (0.01s):
  Train loss: 1.1343, acc: 0.9087, f1: 0.8797
  Vali loss: 1.2785, acc: 0.7637, f1: 0.7356
  Test loss: 1.2833, acc: 0.7552, f1: 0.7104
Epoch 300/500 (0.01s):
  Train loss: 1.1343, acc: 0.9087, f1: 0.8837
  Vali loss: 1.2781, acc: 0.7637, f1: 0.7354
  Test loss: 1.2832, acc: 0.7574, f1: 0.7137
Epoch 301/500 (0.01s):
  Train loss: 1.1343, acc: 0.9087, f1: 0.8835
  Vali loss: 1.2789, acc: 0.7626, f1: 0.7342
  Test loss: 1.2832, acc: 0.7574, f1: 0.7141
Epoch 302/500 (0.01s):
  Train loss: 1.1343, acc: 0.9087, f1: 0.8782
  Vali loss: 1.2795, acc: 0.7626, f1: 0.7349
  Test loss: 1.2843, acc: 0.7574, f1: 0.7135
Epoch 303/500 (0.01s):
  Train loss: 1.1341, acc: 0.9074, f1: 0.8823
  Vali loss: 1.2785, acc: 0.7637, f1: 0.7351
  Test loss: 1.2837, acc: 0.7563, f1: 0.7111
Epoch 304/500 (0.01s):
  Train loss: 1.1341, acc: 0.9074, f1: 0.8780
  Vali loss: 1.2785, acc: 0.7637, f1: 0.7352
  Test loss: 1.2837, acc: 0.7574, f1: 0.7126
Epoch 305/500 (0.01s):
  Train loss: 1.1340, acc: 0.9087, f1: 0.8826
  Vali loss: 1.2779, acc: 0.7648, f1: 0.7366
  Test loss: 1.2834, acc: 0.7585, f1: 0.7146
Epoch 306/500 (0.01s):
  Train loss: 1.1341, acc: 0.9087, f1: 0.8827
  Vali loss: 1.2793, acc: 0.7615, f1: 0.7335
  Test loss: 1.2844, acc: 0.7563, f1: 0.7118
Epoch 307/500 (0.01s):
  Train loss: 1.1337, acc: 0.9087, f1: 0.8881
  Vali loss: 1.2790, acc: 0.7604, f1: 0.7321
  Test loss: 1.2842, acc: 0.7530, f1: 0.7078
Epoch 308/500 (0.01s):
  Train loss: 1.1338, acc: 0.9087, f1: 0.8789
  Vali loss: 1.2784, acc: 0.7637, f1: 0.7359
  Test loss: 1.2838, acc: 0.7574, f1: 0.7126
Epoch 309/500 (0.01s):
  Train loss: 1.1336, acc: 0.9087, f1: 0.8819
  Vali loss: 1.2783, acc: 0.7637, f1: 0.7358
  Test loss: 1.2840, acc: 0.7563, f1: 0.7117
Epoch 310/500 (0.01s):
  Train loss: 1.1337, acc: 0.9087, f1: 0.8810
  Vali loss: 1.2788, acc: 0.7637, f1: 0.7358
  Test loss: 1.2841, acc: 0.7585, f1: 0.7144
Epoch 311/500 (0.01s):
  Train loss: 1.1335, acc: 0.9087, f1: 0.8814
  Vali loss: 1.2776, acc: 0.7615, f1: 0.7330
  Test loss: 1.2835, acc: 0.7585, f1: 0.7142
Epoch 312/500 (0.01s):
  Train loss: 1.1336, acc: 0.9087, f1: 0.8816
  Vali loss: 1.2775, acc: 0.7637, f1: 0.7359
  Test loss: 1.2838, acc: 0.7552, f1: 0.7110
Epoch 313/500 (0.01s):
  Train loss: 1.1335, acc: 0.9087, f1: 0.8791
  Vali loss: 1.2789, acc: 0.7615, f1: 0.7340
  Test loss: 1.2843, acc: 0.7552, f1: 0.7108
Epoch 314/500 (0.01s):
  Train loss: 1.1337, acc: 0.9074, f1: 0.8809
  Vali loss: 1.2778, acc: 0.7637, f1: 0.7346
  Test loss: 1.2833, acc: 0.7607, f1: 0.7160
Epoch 315/500 (0.01s):
  Train loss: 1.1332, acc: 0.9087, f1: 0.8835
  Vali loss: 1.2765, acc: 0.7659, f1: 0.7370
  Test loss: 1.2825, acc: 0.7596, f1: 0.7162
Epoch 316/500 (0.01s):
  Train loss: 1.1327, acc: 0.9101, f1: 0.8835
  Vali loss: 1.2764, acc: 0.7659, f1: 0.7372
  Test loss: 1.2824, acc: 0.7596, f1: 0.7179
Epoch 317/500 (0.01s):
  Train loss: 1.1331, acc: 0.9101, f1: 0.8907
  Vali loss: 1.2771, acc: 0.7648, f1: 0.7354
  Test loss: 1.2830, acc: 0.7585, f1: 0.7160
Epoch 318/500 (0.01s):
  Train loss: 1.1323, acc: 0.9101, f1: 0.8836
  Vali loss: 1.2766, acc: 0.7670, f1: 0.7380
  Test loss: 1.2831, acc: 0.7596, f1: 0.7170
Epoch 319/500 (0.01s):
  Train loss: 1.1324, acc: 0.9101, f1: 0.8902
  Vali loss: 1.2770, acc: 0.7648, f1: 0.7357
  Test loss: 1.2835, acc: 0.7585, f1: 0.7154
Epoch 320/500 (0.01s):
  Train loss: 1.1326, acc: 0.9087, f1: 0.8864
  Vali loss: 1.2763, acc: 0.7670, f1: 0.7377
  Test loss: 1.2830, acc: 0.7607, f1: 0.7182
Epoch 321/500 (0.01s):
  Train loss: 1.1320, acc: 0.9101, f1: 0.8858
  Vali loss: 1.2767, acc: 0.7670, f1: 0.7384
  Test loss: 1.2835, acc: 0.7607, f1: 0.7182
Epoch 322/500 (0.01s):
  Train loss: 1.1323, acc: 0.9101, f1: 0.8839
  Vali loss: 1.2754, acc: 0.7702, f1: 0.7411
  Test loss: 1.2832, acc: 0.7617, f1: 0.7190
Epoch 323/500 (0.01s):
  Train loss: 1.1321, acc: 0.9101, f1: 0.8821
  Vali loss: 1.2767, acc: 0.7670, f1: 0.7384
  Test loss: 1.2840, acc: 0.7596, f1: 0.7169
Epoch 324/500 (0.01s):
  Train loss: 1.1321, acc: 0.9101, f1: 0.8809
  Vali loss: 1.2751, acc: 0.7691, f1: 0.7403
  Test loss: 1.2832, acc: 0.7617, f1: 0.7193
Epoch 325/500 (0.01s):
  Train loss: 1.1322, acc: 0.9101, f1: 0.8853
  Vali loss: 1.2755, acc: 0.7681, f1: 0.7399
  Test loss: 1.2836, acc: 0.7596, f1: 0.7174
Epoch 326/500 (0.01s):
  Train loss: 1.1319, acc: 0.9101, f1: 0.8863
  Vali loss: 1.2761, acc: 0.7702, f1: 0.7419
  Test loss: 1.2842, acc: 0.7607, f1: 0.7184
Epoch 327/500 (0.01s):
  Train loss: 1.1320, acc: 0.9101, f1: 0.8812
  Vali loss: 1.2748, acc: 0.7670, f1: 0.7381
  Test loss: 1.2839, acc: 0.7628, f1: 0.7203
Epoch 328/500 (0.01s):
  Train loss: 1.1322, acc: 0.9101, f1: 0.8852
  Vali loss: 1.2763, acc: 0.7681, f1: 0.7397
  Test loss: 1.2849, acc: 0.7596, f1: 0.7171
Epoch 329/500 (0.01s):
  Train loss: 1.1323, acc: 0.9087, f1: 0.8825
  Vali loss: 1.2752, acc: 0.7681, f1: 0.7394
  Test loss: 1.2845, acc: 0.7585, f1: 0.7156
Epoch 330/500 (0.01s):
  Train loss: 1.1320, acc: 0.9101, f1: 0.8799
  Vali loss: 1.2762, acc: 0.7670, f1: 0.7385
  Test loss: 1.2848, acc: 0.7585, f1: 0.7158
Epoch 331/500 (0.01s):
  Train loss: 1.1317, acc: 0.9101, f1: 0.8876
  Vali loss: 1.2763, acc: 0.7702, f1: 0.7418
  Test loss: 1.2847, acc: 0.7596, f1: 0.7162
Epoch 332/500 (0.01s):
  Train loss: 1.1318, acc: 0.9101, f1: 0.8855
  Vali loss: 1.2756, acc: 0.7713, f1: 0.7429
  Test loss: 1.2847, acc: 0.7596, f1: 0.7159
Epoch 333/500 (0.01s):
  Train loss: 1.1317, acc: 0.9101, f1: 0.8886
  Vali loss: 1.2758, acc: 0.7713, f1: 0.7430
  Test loss: 1.2848, acc: 0.7585, f1: 0.7151
Epoch 334/500 (0.01s):
  Train loss: 1.1317, acc: 0.9101, f1: 0.8841
  Vali loss: 1.2754, acc: 0.7691, f1: 0.7406
  Test loss: 1.2851, acc: 0.7574, f1: 0.7142
Epoch 335/500 (0.01s):
  Train loss: 1.1315, acc: 0.9101, f1: 0.8810
  Vali loss: 1.2757, acc: 0.7702, f1: 0.7417
  Test loss: 1.2853, acc: 0.7574, f1: 0.7140
Epoch 336/500 (0.01s):
  Train loss: 1.1316, acc: 0.9101, f1: 0.8845
  Vali loss: 1.2751, acc: 0.7735, f1: 0.7448
  Test loss: 1.2847, acc: 0.7574, f1: 0.7140
Epoch 337/500 (0.01s):
  Train loss: 1.1318, acc: 0.9101, f1: 0.8872
  Vali loss: 1.2754, acc: 0.7691, f1: 0.7409
  Test loss: 1.2854, acc: 0.7563, f1: 0.7137
Epoch 338/500 (0.01s):
  Train loss: 1.1315, acc: 0.9101, f1: 0.8834
  Vali loss: 1.2760, acc: 0.7691, f1: 0.7408
  Test loss: 1.2857, acc: 0.7563, f1: 0.7122
Epoch 339/500 (0.01s):
  Train loss: 1.1317, acc: 0.9101, f1: 0.8835
  Vali loss: 1.2768, acc: 0.7670, f1: 0.7394
  Test loss: 1.2862, acc: 0.7552, f1: 0.7126
Epoch 340/500 (0.01s):
  Train loss: 1.1322, acc: 0.9087, f1: 0.8832
  Vali loss: 1.2759, acc: 0.7648, f1: 0.7354
  Test loss: 1.2859, acc: 0.7596, f1: 0.7164
Epoch 341/500 (0.01s):
  Train loss: 1.1314, acc: 0.9101, f1: 0.8801
  Vali loss: 1.2755, acc: 0.7724, f1: 0.7442
  Test loss: 1.2859, acc: 0.7552, f1: 0.7099
Epoch 342/500 (0.01s):
  Train loss: 1.1318, acc: 0.9101, f1: 0.8814
  Vali loss: 1.2766, acc: 0.7702, f1: 0.7423
  Test loss: 1.2865, acc: 0.7563, f1: 0.7127
Epoch 343/500 (0.01s):
  Train loss: 1.1314, acc: 0.9101, f1: 0.8842
  Vali loss: 1.2766, acc: 0.7713, f1: 0.7431
  Test loss: 1.2863, acc: 0.7585, f1: 0.7145
Epoch 344/500 (0.01s):
  Train loss: 1.1312, acc: 0.9101, f1: 0.8807
  Vali loss: 1.2753, acc: 0.7735, f1: 0.7457
  Test loss: 1.2857, acc: 0.7574, f1: 0.7132
Epoch 345/500 (0.01s):
  Train loss: 1.1311, acc: 0.9114, f1: 0.8882
  Vali loss: 1.2768, acc: 0.7702, f1: 0.7420
  Test loss: 1.2868, acc: 0.7541, f1: 0.7100
Epoch 346/500 (0.01s):
  Train loss: 1.1313, acc: 0.9101, f1: 0.8871
  Vali loss: 1.2761, acc: 0.7702, f1: 0.7417
  Test loss: 1.2864, acc: 0.7552, f1: 0.7109
Epoch 347/500 (0.01s):
  Train loss: 1.1309, acc: 0.9101, f1: 0.8853
  Vali loss: 1.2764, acc: 0.7724, f1: 0.7440
  Test loss: 1.2867, acc: 0.7596, f1: 0.7156
Epoch 348/500 (0.01s):
  Train loss: 1.1308, acc: 0.9114, f1: 0.8848
  Vali loss: 1.2768, acc: 0.7724, f1: 0.7451
  Test loss: 1.2875, acc: 0.7541, f1: 0.7099
Epoch 349/500 (0.01s):
  Train loss: 1.1307, acc: 0.9114, f1: 0.8882
  Vali loss: 1.2762, acc: 0.7724, f1: 0.7446
  Test loss: 1.2870, acc: 0.7563, f1: 0.7122
Epoch 350/500 (0.01s):
  Train loss: 1.1309, acc: 0.9114, f1: 0.8840
  Vali loss: 1.2770, acc: 0.7670, f1: 0.7388
  Test loss: 1.2878, acc: 0.7530, f1: 0.7091
Epoch 351/500 (0.01s):
  Train loss: 1.1308, acc: 0.9114, f1: 0.8900
  Vali loss: 1.2761, acc: 0.7724, f1: 0.7443
  Test loss: 1.2871, acc: 0.7563, f1: 0.7121
Epoch 352/500 (0.01s):
  Train loss: 1.1307, acc: 0.9114, f1: 0.8852
  Vali loss: 1.2765, acc: 0.7702, f1: 0.7424
  Test loss: 1.2877, acc: 0.7552, f1: 0.7109
Epoch 353/500 (0.01s):
  Train loss: 1.1307, acc: 0.9128, f1: 0.8854
  Vali loss: 1.2769, acc: 0.7702, f1: 0.7417
  Test loss: 1.2881, acc: 0.7574, f1: 0.7129
Epoch 354/500 (0.01s):
  Train loss: 1.1307, acc: 0.9101, f1: 0.8830
  Vali loss: 1.2752, acc: 0.7713, f1: 0.7425
  Test loss: 1.2873, acc: 0.7585, f1: 0.7136
Epoch 355/500 (0.01s):
  Train loss: 1.1306, acc: 0.9128, f1: 0.8868
  Vali loss: 1.2778, acc: 0.7670, f1: 0.7382
  Test loss: 1.2884, acc: 0.7530, f1: 0.7087
Epoch 356/500 (0.01s):
  Train loss: 1.1307, acc: 0.9101, f1: 0.8827
  Vali loss: 1.2790, acc: 0.7648, f1: 0.7357
  Test loss: 1.2897, acc: 0.7530, f1: 0.7085
Epoch 357/500 (0.01s):
  Train loss: 1.1308, acc: 0.9114, f1: 0.8849
  Vali loss: 1.2755, acc: 0.7702, f1: 0.7413
  Test loss: 1.2879, acc: 0.7563, f1: 0.7112
Epoch 358/500 (0.01s):
  Train loss: 1.1302, acc: 0.9128, f1: 0.8889
  Vali loss: 1.2772, acc: 0.7659, f1: 0.7370
  Test loss: 1.2882, acc: 0.7563, f1: 0.7113
Epoch 359/500 (0.01s):
  Train loss: 1.1306, acc: 0.9128, f1: 0.8830
  Vali loss: 1.2759, acc: 0.7659, f1: 0.7376
  Test loss: 1.2877, acc: 0.7552, f1: 0.7095
Epoch 360/500 (0.01s):
  Train loss: 1.1304, acc: 0.9128, f1: 0.8846
  Vali loss: 1.2776, acc: 0.7659, f1: 0.7368
  Test loss: 1.2889, acc: 0.7585, f1: 0.7134
Epoch 361/500 (0.01s):
  Train loss: 1.1303, acc: 0.9128, f1: 0.8835
  Vali loss: 1.2758, acc: 0.7681, f1: 0.7398
  Test loss: 1.2883, acc: 0.7541, f1: 0.7082
Epoch 362/500 (0.01s):
  Train loss: 1.1303, acc: 0.9128, f1: 0.8882
  Vali loss: 1.2786, acc: 0.7670, f1: 0.7379
  Test loss: 1.2897, acc: 0.7541, f1: 0.7079
Epoch 363/500 (0.01s):
  Train loss: 1.1303, acc: 0.9128, f1: 0.8880
  Vali loss: 1.2776, acc: 0.7691, f1: 0.7398
  Test loss: 1.2893, acc: 0.7563, f1: 0.7105
Epoch 364/500 (0.01s):
  Train loss: 1.1303, acc: 0.9128, f1: 0.8896
  Vali loss: 1.2776, acc: 0.7681, f1: 0.7389
  Test loss: 1.2892, acc: 0.7574, f1: 0.7113
Epoch 365/500 (0.01s):
  Train loss: 1.1300, acc: 0.9128, f1: 0.8864
  Vali loss: 1.2776, acc: 0.7659, f1: 0.7365
  Test loss: 1.2891, acc: 0.7552, f1: 0.7101
Epoch 366/500 (0.01s):
  Train loss: 1.1303, acc: 0.9128, f1: 0.8851
  Vali loss: 1.2772, acc: 0.7670, f1: 0.7377
  Test loss: 1.2893, acc: 0.7563, f1: 0.7097
Epoch 367/500 (0.01s):
  Train loss: 1.1301, acc: 0.9128, f1: 0.8847
  Vali loss: 1.2778, acc: 0.7648, f1: 0.7358
  Test loss: 1.2900, acc: 0.7574, f1: 0.7112
Epoch 368/500 (0.01s):
  Train loss: 1.1305, acc: 0.9128, f1: 0.8890
  Vali loss: 1.2775, acc: 0.7681, f1: 0.7400
  Test loss: 1.2898, acc: 0.7519, f1: 0.7049
Epoch 369/500 (0.01s):
  Train loss: 1.1304, acc: 0.9128, f1: 0.8834
  Vali loss: 1.2794, acc: 0.7681, f1: 0.7396
  Test loss: 1.2910, acc: 0.7508, f1: 0.7031
Epoch 370/500 (0.01s):
  Train loss: 1.1299, acc: 0.9128, f1: 0.8859
  Vali loss: 1.2776, acc: 0.7659, f1: 0.7366
  Test loss: 1.2898, acc: 0.7519, f1: 0.7037
Epoch 371/500 (0.01s):
  Train loss: 1.1301, acc: 0.9128, f1: 0.8882
  Vali loss: 1.2795, acc: 0.7659, f1: 0.7372
  Test loss: 1.2915, acc: 0.7519, f1: 0.7038
Epoch 372/500 (0.01s):
  Train loss: 1.1302, acc: 0.9114, f1: 0.8859
  Vali loss: 1.2770, acc: 0.7659, f1: 0.7378
  Test loss: 1.2904, acc: 0.7508, f1: 0.7027
Epoch 373/500 (0.01s):
  Train loss: 1.1302, acc: 0.9114, f1: 0.8826
  Vali loss: 1.2802, acc: 0.7659, f1: 0.7378
  Test loss: 1.2922, acc: 0.7486, f1: 0.7007
Epoch 374/500 (0.01s):
  Train loss: 1.1303, acc: 0.9128, f1: 0.8857
  Vali loss: 1.2770, acc: 0.7659, f1: 0.7372
  Test loss: 1.2902, acc: 0.7497, f1: 0.7011
Epoch 375/500 (0.01s):
  Train loss: 1.1300, acc: 0.9128, f1: 0.8845
  Vali loss: 1.2792, acc: 0.7659, f1: 0.7367
  Test loss: 1.2912, acc: 0.7530, f1: 0.7042
Epoch 376/500 (0.01s):
  Train loss: 1.1304, acc: 0.9114, f1: 0.8841
  Vali loss: 1.2773, acc: 0.7659, f1: 0.7374
  Test loss: 1.2913, acc: 0.7497, f1: 0.7012
Epoch 377/500 (0.01s):
  Train loss: 1.1301, acc: 0.9114, f1: 0.8839
  Vali loss: 1.2793, acc: 0.7681, f1: 0.7395
  Test loss: 1.2918, acc: 0.7486, f1: 0.6995
Epoch 378/500 (0.01s):
  Train loss: 1.1299, acc: 0.9128, f1: 0.8851
  Vali loss: 1.2785, acc: 0.7637, f1: 0.7349
  Test loss: 1.2914, acc: 0.7486, f1: 0.7005
Epoch 379/500 (0.01s):
  Train loss: 1.1301, acc: 0.9128, f1: 0.8846
  Vali loss: 1.2780, acc: 0.7648, f1: 0.7365
  Test loss: 1.2909, acc: 0.7497, f1: 0.7005
Epoch 380/500 (0.01s):
  Train loss: 1.1297, acc: 0.9128, f1: 0.8875
  Vali loss: 1.2792, acc: 0.7659, f1: 0.7372
  Test loss: 1.2919, acc: 0.7497, f1: 0.7004
Epoch 381/500 (0.01s):
  Train loss: 1.1298, acc: 0.9128, f1: 0.8892
  Vali loss: 1.2774, acc: 0.7659, f1: 0.7375
  Test loss: 1.2907, acc: 0.7508, f1: 0.7016
Epoch 382/500 (0.01s):
  Train loss: 1.1296, acc: 0.9128, f1: 0.8833
  Vali loss: 1.2793, acc: 0.7681, f1: 0.7395
  Test loss: 1.2918, acc: 0.7508, f1: 0.7015
Epoch 383/500 (0.01s):
  Train loss: 1.1299, acc: 0.9128, f1: 0.8841
  Vali loss: 1.2794, acc: 0.7659, f1: 0.7376
  Test loss: 1.2921, acc: 0.7508, f1: 0.7016
Epoch 384/500 (0.01s):
  Train loss: 1.1303, acc: 0.9128, f1: 0.8840
  Vali loss: 1.2799, acc: 0.7713, f1: 0.7431
  Test loss: 1.2921, acc: 0.7486, f1: 0.6989
Epoch 385/500 (0.01s):
  Train loss: 1.1299, acc: 0.9128, f1: 0.8872
  Vali loss: 1.2779, acc: 0.7648, f1: 0.7366
  Test loss: 1.2914, acc: 0.7475, f1: 0.6979
Epoch 386/500 (0.01s):
  Train loss: 1.1296, acc: 0.9128, f1: 0.8833
  Vali loss: 1.2792, acc: 0.7648, f1: 0.7370
  Test loss: 1.2920, acc: 0.7486, f1: 0.6990
Epoch 387/500 (0.01s):
  Train loss: 1.1295, acc: 0.9128, f1: 0.8884
  Vali loss: 1.2793, acc: 0.7637, f1: 0.7355
  Test loss: 1.2923, acc: 0.7475, f1: 0.6977
Epoch 388/500 (0.01s):
  Train loss: 1.1295, acc: 0.9128, f1: 0.8855
  Vali loss: 1.2783, acc: 0.7659, f1: 0.7380
  Test loss: 1.2913, acc: 0.7486, f1: 0.6991
Epoch 389/500 (0.01s):
  Train loss: 1.1294, acc: 0.9128, f1: 0.8862
  Vali loss: 1.2792, acc: 0.7637, f1: 0.7356
  Test loss: 1.2921, acc: 0.7497, f1: 0.7000
Epoch 390/500 (0.01s):
  Train loss: 1.1297, acc: 0.9128, f1: 0.8870
  Vali loss: 1.2793, acc: 0.7637, f1: 0.7355
  Test loss: 1.2921, acc: 0.7475, f1: 0.6977
Epoch 391/500 (0.01s):
  Train loss: 1.1299, acc: 0.9114, f1: 0.8846
  Vali loss: 1.2807, acc: 0.7648, f1: 0.7373
  Test loss: 1.2935, acc: 0.7454, f1: 0.6963
Epoch 392/500 (0.01s):
  Train loss: 1.1297, acc: 0.9128, f1: 0.8856
  Vali loss: 1.2780, acc: 0.7659, f1: 0.7378
  Test loss: 1.2917, acc: 0.7475, f1: 0.6979
Epoch 393/500 (0.01s):
  Train loss: 1.1292, acc: 0.9128, f1: 0.8840
  Vali loss: 1.2791, acc: 0.7637, f1: 0.7356
  Test loss: 1.2924, acc: 0.7486, f1: 0.6992
Epoch 394/500 (0.01s):
  Train loss: 1.1293, acc: 0.9128, f1: 0.8899
  Vali loss: 1.2797, acc: 0.7648, f1: 0.7367
  Test loss: 1.2930, acc: 0.7475, f1: 0.6980
Epoch 395/500 (0.01s):
  Train loss: 1.1292, acc: 0.9128, f1: 0.8827
  Vali loss: 1.2804, acc: 0.7615, f1: 0.7345
  Test loss: 1.2930, acc: 0.7486, f1: 0.6994
Epoch 396/500 (0.01s):
  Train loss: 1.1294, acc: 0.9128, f1: 0.8934
  Vali loss: 1.2797, acc: 0.7659, f1: 0.7378
  Test loss: 1.2925, acc: 0.7497, f1: 0.7001
Epoch 397/500 (0.01s):
  Train loss: 1.1295, acc: 0.9128, f1: 0.8827
  Vali loss: 1.2800, acc: 0.7604, f1: 0.7333
  Test loss: 1.2931, acc: 0.7464, f1: 0.6970
Epoch 398/500 (0.01s):
  Train loss: 1.1296, acc: 0.9128, f1: 0.8886
  Vali loss: 1.2789, acc: 0.7648, f1: 0.7366
  Test loss: 1.2927, acc: 0.7486, f1: 0.6989
Epoch 399/500 (0.01s):
  Train loss: 1.1293, acc: 0.9128, f1: 0.8865
  Vali loss: 1.2802, acc: 0.7659, f1: 0.7375
  Test loss: 1.2934, acc: 0.7497, f1: 0.7006
Epoch 400/500 (0.01s):
  Train loss: 1.1293, acc: 0.9128, f1: 0.8927
  Vali loss: 1.2805, acc: 0.7637, f1: 0.7357
  Test loss: 1.2935, acc: 0.7508, f1: 0.7016
Epoch 401/500 (0.01s):
  Train loss: 1.1295, acc: 0.9128, f1: 0.8894
  Vali loss: 1.2793, acc: 0.7670, f1: 0.7390
  Test loss: 1.2933, acc: 0.7497, f1: 0.7002
Epoch 402/500 (0.01s):
  Train loss: 1.1292, acc: 0.9128, f1: 0.8900
  Vali loss: 1.2800, acc: 0.7626, f1: 0.7340
  Test loss: 1.2936, acc: 0.7486, f1: 0.6986
Epoch 403/500 (0.01s):
  Train loss: 1.1293, acc: 0.9128, f1: 0.8916
  Vali loss: 1.2804, acc: 0.7626, f1: 0.7340
  Test loss: 1.2935, acc: 0.7497, f1: 0.7007
Epoch 404/500 (0.01s):
  Train loss: 1.1290, acc: 0.9128, f1: 0.8857
  Vali loss: 1.2808, acc: 0.7604, f1: 0.7330
  Test loss: 1.2937, acc: 0.7497, f1: 0.7004
Epoch 405/500 (0.01s):
  Train loss: 1.1300, acc: 0.9128, f1: 0.8880
  Vali loss: 1.2801, acc: 0.7615, f1: 0.7331
  Test loss: 1.2945, acc: 0.7475, f1: 0.6982
Epoch 406/500 (0.01s):
  Train loss: 1.1293, acc: 0.9128, f1: 0.8836
  Vali loss: 1.2799, acc: 0.7626, f1: 0.7345
  Test loss: 1.2934, acc: 0.7508, f1: 0.7019
Epoch 407/500 (0.01s):
  Train loss: 1.1291, acc: 0.9128, f1: 0.8837
  Vali loss: 1.2807, acc: 0.7626, f1: 0.7353
  Test loss: 1.2945, acc: 0.7475, f1: 0.6983
Epoch 408/500 (0.01s):
  Train loss: 1.1291, acc: 0.9128, f1: 0.8858
  Vali loss: 1.2804, acc: 0.7615, f1: 0.7325
  Test loss: 1.2935, acc: 0.7508, f1: 0.7009
Epoch 409/500 (0.01s):
  Train loss: 1.1291, acc: 0.9128, f1: 0.8829
  Vali loss: 1.2805, acc: 0.7604, f1: 0.7327
  Test loss: 1.2941, acc: 0.7475, f1: 0.6982
Epoch 410/500 (0.01s):
  Train loss: 1.1289, acc: 0.9128, f1: 0.8864
  Vali loss: 1.2804, acc: 0.7604, f1: 0.7315
  Test loss: 1.2937, acc: 0.7497, f1: 0.6992
Epoch 411/500 (0.01s):
  Train loss: 1.1291, acc: 0.9128, f1: 0.8823
  Vali loss: 1.2808, acc: 0.7593, f1: 0.7315
  Test loss: 1.2939, acc: 0.7486, f1: 0.6989
Epoch 412/500 (0.01s):
  Train loss: 1.1290, acc: 0.9128, f1: 0.8913
  Vali loss: 1.2803, acc: 0.7637, f1: 0.7356
  Test loss: 1.2936, acc: 0.7519, f1: 0.7028
Epoch 413/500 (0.01s):
  Train loss: 1.1293, acc: 0.9128, f1: 0.8818
  Vali loss: 1.2805, acc: 0.7604, f1: 0.7326
  Test loss: 1.2938, acc: 0.7497, f1: 0.6995
Epoch 414/500 (0.01s):
  Train loss: 1.1289, acc: 0.9128, f1: 0.8901
  Vali loss: 1.2806, acc: 0.7626, f1: 0.7336
  Test loss: 1.2941, acc: 0.7497, f1: 0.7003
Epoch 415/500 (0.01s):
  Train loss: 1.1290, acc: 0.9128, f1: 0.8852
  Vali loss: 1.2809, acc: 0.7593, f1: 0.7317
  Test loss: 1.2938, acc: 0.7486, f1: 0.6990
Epoch 416/500 (0.01s):
  Train loss: 1.1291, acc: 0.9128, f1: 0.8914
  Vali loss: 1.2814, acc: 0.7637, f1: 0.7354
  Test loss: 1.2941, acc: 0.7497, f1: 0.7002
Epoch 417/500 (0.01s):
  Train loss: 1.1290, acc: 0.9128, f1: 0.8924
  Vali loss: 1.2810, acc: 0.7626, f1: 0.7338
  Test loss: 1.2937, acc: 0.7508, f1: 0.7014
Epoch 418/500 (0.01s):
  Train loss: 1.1292, acc: 0.9128, f1: 0.8857
  Vali loss: 1.2814, acc: 0.7615, f1: 0.7335
  Test loss: 1.2945, acc: 0.7497, f1: 0.6999
Epoch 419/500 (0.01s):
  Train loss: 1.1291, acc: 0.9128, f1: 0.8873
  Vali loss: 1.2812, acc: 0.7593, f1: 0.7318
  Test loss: 1.2943, acc: 0.7486, f1: 0.6994
Epoch 420/500 (0.01s):
  Train loss: 1.1290, acc: 0.9128, f1: 0.8815
  Vali loss: 1.2823, acc: 0.7593, f1: 0.7325
  Test loss: 1.2946, acc: 0.7497, f1: 0.7004
Epoch 421/500 (0.01s):
  Train loss: 1.1291, acc: 0.9128, f1: 0.8945
  Vali loss: 1.2815, acc: 0.7593, f1: 0.7299
  Test loss: 1.2941, acc: 0.7486, f1: 0.6986
Epoch 422/500 (0.01s):
  Train loss: 1.1293, acc: 0.9128, f1: 0.8863
  Vali loss: 1.2818, acc: 0.7604, f1: 0.7330
  Test loss: 1.2948, acc: 0.7508, f1: 0.6998
Epoch 423/500 (0.01s):
  Train loss: 1.1291, acc: 0.9128, f1: 0.8941
  Vali loss: 1.2813, acc: 0.7615, f1: 0.7327
  Test loss: 1.2944, acc: 0.7464, f1: 0.6964
Epoch 424/500 (0.01s):
  Train loss: 1.1289, acc: 0.9128, f1: 0.8852
  Vali loss: 1.2824, acc: 0.7626, f1: 0.7351
  Test loss: 1.2948, acc: 0.7486, f1: 0.6993
Epoch 425/500 (0.01s):
  Train loss: 1.1291, acc: 0.9128, f1: 0.8861
  Vali loss: 1.2797, acc: 0.7637, f1: 0.7348
  Test loss: 1.2929, acc: 0.7508, f1: 0.7007
Epoch 426/500 (0.01s):
  Train loss: 1.1289, acc: 0.9128, f1: 0.8834
  Vali loss: 1.2824, acc: 0.7626, f1: 0.7354
  Test loss: 1.2946, acc: 0.7486, f1: 0.6985
Epoch 427/500 (0.01s):
  Train loss: 1.1289, acc: 0.9128, f1: 0.8883
  Vali loss: 1.2808, acc: 0.7615, f1: 0.7330
  Test loss: 1.2935, acc: 0.7497, f1: 0.6995
Epoch 428/500 (0.01s):
  Train loss: 1.1287, acc: 0.9128, f1: 0.8872
  Vali loss: 1.2827, acc: 0.7582, f1: 0.7305
  Test loss: 1.2943, acc: 0.7486, f1: 0.6992
Epoch 429/500 (0.01s):
  Train loss: 1.1287, acc: 0.9128, f1: 0.8836
  Vali loss: 1.2818, acc: 0.7604, f1: 0.7335
  Test loss: 1.2942, acc: 0.7486, f1: 0.6986
Epoch 430/500 (0.02s):
  Train loss: 1.1286, acc: 0.9128, f1: 0.8833
  Vali loss: 1.2825, acc: 0.7571, f1: 0.7300
  Test loss: 1.2946, acc: 0.7497, f1: 0.6993
Epoch 431/500 (0.01s):
  Train loss: 1.1286, acc: 0.9128, f1: 0.8828
  Vali loss: 1.2825, acc: 0.7615, f1: 0.7348
  Test loss: 1.2947, acc: 0.7475, f1: 0.6976
Epoch 432/500 (0.01s):
  Train loss: 1.1290, acc: 0.9128, f1: 0.8875
  Vali loss: 1.2843, acc: 0.7615, f1: 0.7346
  Test loss: 1.2956, acc: 0.7475, f1: 0.6976
Epoch 433/500 (0.01s):
  Train loss: 1.1286, acc: 0.9128, f1: 0.8933
  Vali loss: 1.2816, acc: 0.7637, f1: 0.7366
  Test loss: 1.2944, acc: 0.7475, f1: 0.6976
Epoch 434/500 (0.01s):
  Train loss: 1.1288, acc: 0.9128, f1: 0.8814
  Vali loss: 1.2829, acc: 0.7582, f1: 0.7316
  Test loss: 1.2952, acc: 0.7475, f1: 0.6976
Epoch 435/500 (0.01s):
  Train loss: 1.1288, acc: 0.9128, f1: 0.8855
  Vali loss: 1.2820, acc: 0.7593, f1: 0.7326
  Test loss: 1.2948, acc: 0.7497, f1: 0.6994
Epoch 436/500 (0.01s):
  Train loss: 1.1287, acc: 0.9128, f1: 0.8829
  Vali loss: 1.2846, acc: 0.7593, f1: 0.7325
  Test loss: 1.2960, acc: 0.7486, f1: 0.6991
Epoch 437/500 (0.01s):
  Train loss: 1.1287, acc: 0.9128, f1: 0.8876
  Vali loss: 1.2822, acc: 0.7593, f1: 0.7324
  Test loss: 1.2954, acc: 0.7497, f1: 0.7000
Epoch 438/500 (0.01s):
  Train loss: 1.1285, acc: 0.9128, f1: 0.8874
  Vali loss: 1.2825, acc: 0.7593, f1: 0.7324
  Test loss: 1.2952, acc: 0.7508, f1: 0.7009
Epoch 439/500 (0.01s):
  Train loss: 1.1285, acc: 0.9128, f1: 0.8879
  Vali loss: 1.2818, acc: 0.7582, f1: 0.7315
  Test loss: 1.2952, acc: 0.7497, f1: 0.6998
Epoch 440/500 (0.01s):
  Train loss: 1.1281, acc: 0.9142, f1: 0.8840
  Vali loss: 1.2839, acc: 0.7560, f1: 0.7299
  Test loss: 1.2967, acc: 0.7508, f1: 0.7011
Epoch 441/500 (0.01s):
  Train loss: 1.1278, acc: 0.9142, f1: 0.8851
  Vali loss: 1.2829, acc: 0.7571, f1: 0.7308
  Test loss: 1.2965, acc: 0.7497, f1: 0.7003
Epoch 442/500 (0.01s):
  Train loss: 1.1279, acc: 0.9142, f1: 0.8846
  Vali loss: 1.2824, acc: 0.7571, f1: 0.7311
  Test loss: 1.2965, acc: 0.7497, f1: 0.7012
Epoch 443/500 (0.01s):
  Train loss: 1.1277, acc: 0.9142, f1: 0.8868
  Vali loss: 1.2836, acc: 0.7560, f1: 0.7298
  Test loss: 1.2966, acc: 0.7508, f1: 0.7008
Epoch 444/500 (0.01s):
  Train loss: 1.1273, acc: 0.9142, f1: 0.8848
  Vali loss: 1.2813, acc: 0.7593, f1: 0.7328
  Test loss: 1.2956, acc: 0.7486, f1: 0.7002
Epoch 445/500 (0.01s):
  Train loss: 1.1277, acc: 0.9142, f1: 0.8892
  Vali loss: 1.2854, acc: 0.7582, f1: 0.7315
  Test loss: 1.2968, acc: 0.7486, f1: 0.7007
Epoch 446/500 (0.01s):
  Train loss: 1.1273, acc: 0.9142, f1: 0.8835
  Vali loss: 1.2827, acc: 0.7549, f1: 0.7282
  Test loss: 1.2957, acc: 0.7486, f1: 0.6991
Epoch 447/500 (0.01s):
  Train loss: 1.1276, acc: 0.9142, f1: 0.8930
  Vali loss: 1.2832, acc: 0.7626, f1: 0.7347
  Test loss: 1.2963, acc: 0.7475, f1: 0.6991
Epoch 448/500 (0.01s):
  Train loss: 1.1274, acc: 0.9142, f1: 0.8847
  Vali loss: 1.2836, acc: 0.7549, f1: 0.7282
  Test loss: 1.2960, acc: 0.7475, f1: 0.6995
Epoch 449/500 (0.01s):
  Train loss: 1.1274, acc: 0.9142, f1: 0.8927
  Vali loss: 1.2841, acc: 0.7582, f1: 0.7312
  Test loss: 1.2964, acc: 0.7486, f1: 0.6999
Epoch 450/500 (0.01s):
  Train loss: 1.1272, acc: 0.9142, f1: 0.8876
  Vali loss: 1.2823, acc: 0.7593, f1: 0.7321
  Test loss: 1.2957, acc: 0.7486, f1: 0.7000
Epoch 451/500 (0.01s):
  Train loss: 1.1273, acc: 0.9142, f1: 0.8906
  Vali loss: 1.2834, acc: 0.7582, f1: 0.7310
  Test loss: 1.2959, acc: 0.7497, f1: 0.7012
Epoch 452/500 (0.01s):
  Train loss: 1.1275, acc: 0.9142, f1: 0.8889
  Vali loss: 1.2848, acc: 0.7549, f1: 0.7279
  Test loss: 1.2963, acc: 0.7464, f1: 0.6982
Epoch 453/500 (0.01s):
  Train loss: 1.1274, acc: 0.9142, f1: 0.8933
  Vali loss: 1.2831, acc: 0.7593, f1: 0.7318
  Test loss: 1.2963, acc: 0.7486, f1: 0.7001
Epoch 454/500 (0.01s):
  Train loss: 1.1275, acc: 0.9142, f1: 0.8895
  Vali loss: 1.2849, acc: 0.7549, f1: 0.7280
  Test loss: 1.2961, acc: 0.7497, f1: 0.7012
Epoch 455/500 (0.01s):
  Train loss: 1.1274, acc: 0.9142, f1: 0.8849
  Vali loss: 1.2848, acc: 0.7549, f1: 0.7278
  Test loss: 1.2964, acc: 0.7475, f1: 0.6982
Epoch 456/500 (0.01s):
  Train loss: 1.1272, acc: 0.9142, f1: 0.8886
  Vali loss: 1.2830, acc: 0.7593, f1: 0.7323
  Test loss: 1.2959, acc: 0.7497, f1: 0.7012
Epoch 457/500 (0.01s):
  Train loss: 1.1273, acc: 0.9142, f1: 0.8862
  Vali loss: 1.2846, acc: 0.7571, f1: 0.7299
  Test loss: 1.2965, acc: 0.7486, f1: 0.6991
Epoch 458/500 (0.01s):
  Train loss: 1.1270, acc: 0.9142, f1: 0.8892
  Vali loss: 1.2841, acc: 0.7571, f1: 0.7299
  Test loss: 1.2960, acc: 0.7486, f1: 0.7003
Epoch 459/500 (0.01s):
  Train loss: 1.1271, acc: 0.9142, f1: 0.8839
  Vali loss: 1.2837, acc: 0.7582, f1: 0.7308
  Test loss: 1.2961, acc: 0.7497, f1: 0.7010
Epoch 460/500 (0.01s):
  Train loss: 1.1271, acc: 0.9142, f1: 0.8876
  Vali loss: 1.2852, acc: 0.7582, f1: 0.7308
  Test loss: 1.2964, acc: 0.7508, f1: 0.7020
Epoch 461/500 (0.01s):
  Train loss: 1.1272, acc: 0.9142, f1: 0.8933
  Vali loss: 1.2849, acc: 0.7560, f1: 0.7290
  Test loss: 1.2964, acc: 0.7475, f1: 0.6980
Epoch 462/500 (0.01s):
  Train loss: 1.1270, acc: 0.9142, f1: 0.8883
  Vali loss: 1.2853, acc: 0.7560, f1: 0.7287
  Test loss: 1.2963, acc: 0.7508, f1: 0.7017
Epoch 463/500 (0.01s):
  Train loss: 1.1270, acc: 0.9142, f1: 0.8912
  Vali loss: 1.2863, acc: 0.7560, f1: 0.7281
  Test loss: 1.2966, acc: 0.7475, f1: 0.6977
Epoch 464/500 (0.01s):
  Train loss: 1.1271, acc: 0.9142, f1: 0.8872
  Vali loss: 1.2846, acc: 0.7571, f1: 0.7297
  Test loss: 1.2964, acc: 0.7475, f1: 0.6980
Epoch 465/500 (0.01s):
  Train loss: 1.1272, acc: 0.9142, f1: 0.8894
  Vali loss: 1.2871, acc: 0.7549, f1: 0.7273
  Test loss: 1.2972, acc: 0.7454, f1: 0.6960
Epoch 466/500 (0.01s):
  Train loss: 1.1272, acc: 0.9142, f1: 0.8899
  Vali loss: 1.2828, acc: 0.7593, f1: 0.7305
  Test loss: 1.2956, acc: 0.7486, f1: 0.6994
Epoch 467/500 (0.01s):
  Train loss: 1.1270, acc: 0.9142, f1: 0.8847
  Vali loss: 1.2868, acc: 0.7582, f1: 0.7303
  Test loss: 1.2972, acc: 0.7475, f1: 0.6980
Epoch 468/500 (0.01s):
  Train loss: 1.1261, acc: 0.9155, f1: 0.8897
  Vali loss: 1.2861, acc: 0.7538, f1: 0.7253
  Test loss: 1.2973, acc: 0.7508, f1: 0.7024
Epoch 469/500 (0.01s):
  Train loss: 1.1264, acc: 0.9155, f1: 0.8925
  Vali loss: 1.2894, acc: 0.7549, f1: 0.7268
  Test loss: 1.2977, acc: 0.7497, f1: 0.7008
Epoch 470/500 (0.01s):
  Train loss: 1.1259, acc: 0.9155, f1: 0.8906
  Vali loss: 1.2863, acc: 0.7549, f1: 0.7262
  Test loss: 1.2968, acc: 0.7497, f1: 0.7001
Epoch 471/500 (0.01s):
  Train loss: 1.1260, acc: 0.9155, f1: 0.8919
  Vali loss: 1.2883, acc: 0.7538, f1: 0.7251
  Test loss: 1.2977, acc: 0.7508, f1: 0.7011
Epoch 472/500 (0.01s):
  Train loss: 1.1257, acc: 0.9155, f1: 0.8916
  Vali loss: 1.2873, acc: 0.7549, f1: 0.7262
  Test loss: 1.2973, acc: 0.7497, f1: 0.7002
Epoch 473/500 (0.01s):
  Train loss: 1.1258, acc: 0.9155, f1: 0.8887
  Vali loss: 1.2883, acc: 0.7527, f1: 0.7244
  Test loss: 1.2975, acc: 0.7508, f1: 0.7011
Epoch 474/500 (0.01s):
  Train loss: 1.1257, acc: 0.9155, f1: 0.8882
  Vali loss: 1.2878, acc: 0.7538, f1: 0.7253
  Test loss: 1.2978, acc: 0.7486, f1: 0.6981
Epoch 475/500 (0.01s):
  Train loss: 1.1256, acc: 0.9155, f1: 0.8881
  Vali loss: 1.2861, acc: 0.7549, f1: 0.7262
  Test loss: 1.2968, acc: 0.7497, f1: 0.7014
Epoch 476/500 (0.01s):
  Train loss: 1.1257, acc: 0.9155, f1: 0.8935
  Vali loss: 1.2890, acc: 0.7538, f1: 0.7256
  Test loss: 1.2976, acc: 0.7497, f1: 0.6991
Epoch 477/500 (0.01s):
  Train loss: 1.1259, acc: 0.9155, f1: 0.8898
  Vali loss: 1.2877, acc: 0.7538, f1: 0.7253
  Test loss: 1.2974, acc: 0.7486, f1: 0.6982
Epoch 478/500 (0.01s):
  Train loss: 1.1257, acc: 0.9155, f1: 0.8878
  Vali loss: 1.2880, acc: 0.7538, f1: 0.7253
  Test loss: 1.2977, acc: 0.7508, f1: 0.7011
Epoch 479/500 (0.01s):
  Train loss: 1.1261, acc: 0.9155, f1: 0.8878
  Vali loss: 1.2891, acc: 0.7538, f1: 0.7256
  Test loss: 1.2978, acc: 0.7475, f1: 0.6973
Epoch 480/500 (0.01s):
  Train loss: 1.1259, acc: 0.9155, f1: 0.8881
  Vali loss: 1.2880, acc: 0.7538, f1: 0.7253
  Test loss: 1.2977, acc: 0.7486, f1: 0.6981
Epoch 481/500 (0.01s):
  Train loss: 1.1260, acc: 0.9155, f1: 0.8892
  Vali loss: 1.2876, acc: 0.7527, f1: 0.7246
  Test loss: 1.2973, acc: 0.7464, f1: 0.6951
Epoch 482/500 (0.01s):
  Train loss: 1.1256, acc: 0.9155, f1: 0.8873
  Vali loss: 1.2879, acc: 0.7538, f1: 0.7257
  Test loss: 1.2979, acc: 0.7486, f1: 0.6981
Epoch 483/500 (0.01s):
  Train loss: 1.1259, acc: 0.9155, f1: 0.8887
  Vali loss: 1.2882, acc: 0.7538, f1: 0.7253
  Test loss: 1.2976, acc: 0.7486, f1: 0.6981
Epoch 484/500 (0.01s):
  Train loss: 1.1261, acc: 0.9155, f1: 0.8916
  Vali loss: 1.2868, acc: 0.7549, f1: 0.7266
  Test loss: 1.2971, acc: 0.7508, f1: 0.7023
Epoch 485/500 (0.01s):
  Train loss: 1.1259, acc: 0.9155, f1: 0.8935
  Vali loss: 1.2890, acc: 0.7549, f1: 0.7265
  Test loss: 1.2976, acc: 0.7475, f1: 0.6974
Epoch 486/500 (0.01s):
  Train loss: 1.1257, acc: 0.9155, f1: 0.8868
  Vali loss: 1.2873, acc: 0.7549, f1: 0.7262
  Test loss: 1.2972, acc: 0.7508, f1: 0.7012
Epoch 487/500 (0.01s):
  Train loss: 1.1256, acc: 0.9155, f1: 0.8916
  Vali loss: 1.2875, acc: 0.7538, f1: 0.7254
  Test loss: 1.2972, acc: 0.7475, f1: 0.6975
Epoch 488/500 (0.01s):
  Train loss: 1.1258, acc: 0.9155, f1: 0.8914
  Vali loss: 1.2880, acc: 0.7549, f1: 0.7262
  Test loss: 1.2973, acc: 0.7486, f1: 0.6984
Epoch 489/500 (0.01s):
  Train loss: 1.1258, acc: 0.9155, f1: 0.8969
  Vali loss: 1.2878, acc: 0.7549, f1: 0.7261
  Test loss: 1.2969, acc: 0.7475, f1: 0.6973
Epoch 490/500 (0.01s):
  Train loss: 1.1265, acc: 0.9142, f1: 0.8890
  Vali loss: 1.2915, acc: 0.7505, f1: 0.7210
  Test loss: 1.2980, acc: 0.7497, f1: 0.7000
Epoch 491/500 (0.01s):
  Train loss: 1.1261, acc: 0.9155, f1: 0.8912
  Vali loss: 1.2842, acc: 0.7593, f1: 0.7309
  Test loss: 1.2962, acc: 0.7475, f1: 0.6988
Epoch 492/500 (0.02s):
  Train loss: 1.1258, acc: 0.9155, f1: 0.8883
  Vali loss: 1.2869, acc: 0.7549, f1: 0.7276
  Test loss: 1.2967, acc: 0.7475, f1: 0.6975
Epoch 493/500 (0.01s):
  Train loss: 1.1255, acc: 0.9155, f1: 0.8929
  Vali loss: 1.2880, acc: 0.7538, f1: 0.7251
  Test loss: 1.2969, acc: 0.7508, f1: 0.7013
Epoch 494/500 (0.01s):
  Train loss: 1.1257, acc: 0.9155, f1: 0.8866
  Vali loss: 1.2878, acc: 0.7527, f1: 0.7247
  Test loss: 1.2968, acc: 0.7497, f1: 0.7004
Epoch 495/500 (0.01s):
  Train loss: 1.1257, acc: 0.9155, f1: 0.8884
  Vali loss: 1.2887, acc: 0.7549, f1: 0.7268
  Test loss: 1.2972, acc: 0.7475, f1: 0.6963
Epoch 496/500 (0.01s):
  Train loss: 1.1258, acc: 0.9155, f1: 0.8910
  Vali loss: 1.2872, acc: 0.7549, f1: 0.7265
  Test loss: 1.2970, acc: 0.7443, f1: 0.6936
Epoch 497/500 (0.01s):
  Train loss: 1.1256, acc: 0.9155, f1: 0.8922
  Vali loss: 1.2896, acc: 0.7527, f1: 0.7236
  Test loss: 1.2973, acc: 0.7486, f1: 0.6985
Epoch 498/500 (0.01s):
  Train loss: 1.1258, acc: 0.9155, f1: 0.8945
  Vali loss: 1.2884, acc: 0.7549, f1: 0.7265
  Test loss: 1.2974, acc: 0.7464, f1: 0.6954
Epoch 499/500 (0.02s):
  Train loss: 1.1256, acc: 0.9155, f1: 0.8870
  Vali loss: 1.2886, acc: 0.7560, f1: 0.7275
  Test loss: 1.2968, acc: 0.7497, f1: 0.6992
Epoch 500/500 (0.01s):
  Train loss: 1.1255, acc: 0.9155, f1: 0.8935
  Vali loss: 1.2888, acc: 0.7538, f1: 0.7255
  Test loss: 1.2972, acc: 0.7475, f1: 0.6974
The Total Epoch have been reached.
Loss:  1.140/1.271/1.273
Best Accuracy: 0.902/0.776/0.768
F1: 0.870/0.746/0.728
