cuda:0 (2 GPUs)
Epoch 1/500 (0.13s):
  Train loss: 1.7569, acc: 0.4033, f1: 0.2438
  Vali loss: 1.7650, acc: 0.3611, f1: 0.2387
  Test loss: 1.7600, acc: 0.3913, f1: 0.2507
Epoch 2/500 (0.01s):
  Train loss: 1.7289, acc: 0.4550, f1: 0.2680
  Vali loss: 1.7404, acc: 0.3993, f1: 0.2394
  Test loss: 1.7317, acc: 0.4230, f1: 0.2411
Epoch 3/500 (0.01s):
  Train loss: 1.6874, acc: 0.4550, f1: 0.2290
  Vali loss: 1.7092, acc: 0.3884, f1: 0.2048
  Test loss: 1.6953, acc: 0.4317, f1: 0.2328
Epoch 4/500 (0.01s):
  Train loss: 1.6493, acc: 0.4550, f1: 0.2232
  Vali loss: 1.6795, acc: 0.3884, f1: 0.1978
  Test loss: 1.6604, acc: 0.4295, f1: 0.2220
Epoch 5/500 (0.01s):
  Train loss: 1.6200, acc: 0.4523, f1: 0.2219
  Vali loss: 1.6590, acc: 0.3873, f1: 0.1956
  Test loss: 1.6372, acc: 0.4262, f1: 0.2155
Epoch 6/500 (0.01s):
  Train loss: 1.6010, acc: 0.4605, f1: 0.2283
  Vali loss: 1.6471, acc: 0.4004, f1: 0.2026
  Test loss: 1.6244, acc: 0.4317, f1: 0.2178
Epoch 7/500 (0.01s):
  Train loss: 1.5851, acc: 0.4714, f1: 0.2366
  Vali loss: 1.6396, acc: 0.4026, f1: 0.2078
  Test loss: 1.6170, acc: 0.4361, f1: 0.2233
Epoch 8/500 (0.01s):
  Train loss: 1.5782, acc: 0.4687, f1: 0.2389
  Vali loss: 1.6331, acc: 0.4081, f1: 0.2177
  Test loss: 1.6099, acc: 0.4383, f1: 0.2292
Epoch 9/500 (0.01s):
  Train loss: 1.5763, acc: 0.4877, f1: 0.2900
  Vali loss: 1.6269, acc: 0.4168, f1: 0.2368
  Test loss: 1.6035, acc: 0.4492, f1: 0.2526
Epoch 10/500 (0.01s):
  Train loss: 1.5602, acc: 0.5041, f1: 0.3194
  Vali loss: 1.6214, acc: 0.4190, f1: 0.2501
  Test loss: 1.5982, acc: 0.4503, f1: 0.2565
Epoch 11/500 (0.01s):
  Train loss: 1.5526, acc: 0.5259, f1: 0.3603
  Vali loss: 1.6163, acc: 0.4256, f1: 0.2638
  Test loss: 1.5925, acc: 0.4536, f1: 0.2699
Epoch 12/500 (0.01s):
  Train loss: 1.5462, acc: 0.5313, f1: 0.3720
  Vali loss: 1.6116, acc: 0.4300, f1: 0.2717
  Test loss: 1.5882, acc: 0.4590, f1: 0.2833
Epoch 13/500 (0.01s):
  Train loss: 1.5333, acc: 0.5395, f1: 0.3873
  Vali loss: 1.6062, acc: 0.4245, f1: 0.2766
  Test loss: 1.5817, acc: 0.4667, f1: 0.3050
Epoch 14/500 (0.01s):
  Train loss: 1.5185, acc: 0.5395, f1: 0.3839
  Vali loss: 1.6021, acc: 0.4333, f1: 0.2891
  Test loss: 1.5787, acc: 0.4689, f1: 0.3119
Epoch 15/500 (0.01s):
  Train loss: 1.5118, acc: 0.5531, f1: 0.4133
  Vali loss: 1.5969, acc: 0.4442, f1: 0.3183
  Test loss: 1.5740, acc: 0.4645, f1: 0.3212
Epoch 16/500 (0.01s):
  Train loss: 1.5033, acc: 0.5940, f1: 0.4715
  Vali loss: 1.5914, acc: 0.4562, f1: 0.3633
  Test loss: 1.5676, acc: 0.4710, f1: 0.3557
Epoch 17/500 (0.01s):
  Train loss: 1.4901, acc: 0.6049, f1: 0.4859
  Vali loss: 1.5870, acc: 0.4562, f1: 0.3624
  Test loss: 1.5634, acc: 0.4689, f1: 0.3504
Epoch 18/500 (0.01s):
  Train loss: 1.4812, acc: 0.6158, f1: 0.4967
  Vali loss: 1.5812, acc: 0.4650, f1: 0.3724
  Test loss: 1.5572, acc: 0.4798, f1: 0.3645
Epoch 19/500 (0.01s):
  Train loss: 1.4677, acc: 0.6185, f1: 0.5061
  Vali loss: 1.5779, acc: 0.4617, f1: 0.3714
  Test loss: 1.5534, acc: 0.4831, f1: 0.3734
Epoch 20/500 (0.01s):
  Train loss: 1.4726, acc: 0.6185, f1: 0.5080
  Vali loss: 1.5726, acc: 0.4694, f1: 0.3819
  Test loss: 1.5489, acc: 0.4842, f1: 0.3816
Epoch 21/500 (0.01s):
  Train loss: 1.4602, acc: 0.6267, f1: 0.5136
  Vali loss: 1.5693, acc: 0.4650, f1: 0.3727
  Test loss: 1.5454, acc: 0.4940, f1: 0.3896
Epoch 22/500 (0.01s):
  Train loss: 1.4540, acc: 0.6240, f1: 0.5122
  Vali loss: 1.5640, acc: 0.4705, f1: 0.3789
  Test loss: 1.5404, acc: 0.4929, f1: 0.3846
Epoch 23/500 (0.01s):
  Train loss: 1.4449, acc: 0.6349, f1: 0.5211
  Vali loss: 1.5586, acc: 0.4858, f1: 0.4000
  Test loss: 1.5353, acc: 0.5082, f1: 0.4048
Epoch 24/500 (0.01s):
  Train loss: 1.4400, acc: 0.6458, f1: 0.5319
  Vali loss: 1.5539, acc: 0.4891, f1: 0.4030
  Test loss: 1.5311, acc: 0.5137, f1: 0.4193
Epoch 25/500 (0.01s):
  Train loss: 1.4289, acc: 0.6485, f1: 0.5342
  Vali loss: 1.5502, acc: 0.4934, f1: 0.4089
  Test loss: 1.5273, acc: 0.5224, f1: 0.4298
Epoch 26/500 (0.01s):
  Train loss: 1.4287, acc: 0.6567, f1: 0.5423
  Vali loss: 1.5462, acc: 0.4978, f1: 0.4126
  Test loss: 1.5237, acc: 0.5333, f1: 0.4416
Epoch 27/500 (0.01s):
  Train loss: 1.4151, acc: 0.6621, f1: 0.5479
  Vali loss: 1.5414, acc: 0.4989, f1: 0.4167
  Test loss: 1.5194, acc: 0.5333, f1: 0.4419
Epoch 28/500 (0.01s):
  Train loss: 1.4030, acc: 0.6649, f1: 0.5514
  Vali loss: 1.5364, acc: 0.5066, f1: 0.4229
  Test loss: 1.5152, acc: 0.5410, f1: 0.4482
Epoch 29/500 (0.01s):
  Train loss: 1.4021, acc: 0.7057, f1: 0.5869
  Vali loss: 1.5308, acc: 0.5284, f1: 0.4451
  Test loss: 1.5102, acc: 0.5585, f1: 0.4643
Epoch 30/500 (0.01s):
  Train loss: 1.3986, acc: 0.7084, f1: 0.5905
  Vali loss: 1.5265, acc: 0.5328, f1: 0.4483
  Test loss: 1.5068, acc: 0.5617, f1: 0.4695
Epoch 31/500 (0.01s):
  Train loss: 1.3924, acc: 0.7166, f1: 0.5961
  Vali loss: 1.5214, acc: 0.5416, f1: 0.4580
  Test loss: 1.5024, acc: 0.5683, f1: 0.4748
Epoch 32/500 (0.01s):
  Train loss: 1.3871, acc: 0.7139, f1: 0.5945
  Vali loss: 1.5176, acc: 0.5438, f1: 0.4602
  Test loss: 1.4990, acc: 0.5727, f1: 0.4779
Epoch 33/500 (0.01s):
  Train loss: 1.3751, acc: 0.7275, f1: 0.6070
  Vali loss: 1.5115, acc: 0.5558, f1: 0.4722
  Test loss: 1.4943, acc: 0.5738, f1: 0.4799
Epoch 34/500 (0.01s):
  Train loss: 1.3713, acc: 0.7357, f1: 0.6152
  Vali loss: 1.5085, acc: 0.5514, f1: 0.4682
  Test loss: 1.4914, acc: 0.5814, f1: 0.4873
Epoch 35/500 (0.01s):
  Train loss: 1.3634, acc: 0.7466, f1: 0.6207
  Vali loss: 1.5028, acc: 0.5624, f1: 0.4782
  Test loss: 1.4869, acc: 0.5814, f1: 0.4874
Epoch 36/500 (0.01s):
  Train loss: 1.3590, acc: 0.7466, f1: 0.6228
  Vali loss: 1.4967, acc: 0.5635, f1: 0.4798
  Test loss: 1.4825, acc: 0.5847, f1: 0.4898
Epoch 37/500 (0.01s):
  Train loss: 1.3489, acc: 0.7520, f1: 0.6302
  Vali loss: 1.4946, acc: 0.5842, f1: 0.4988
  Test loss: 1.4803, acc: 0.5869, f1: 0.4925
Epoch 38/500 (0.01s):
  Train loss: 1.3496, acc: 0.7575, f1: 0.6330
  Vali loss: 1.4890, acc: 0.5886, f1: 0.5036
  Test loss: 1.4758, acc: 0.5956, f1: 0.4992
Epoch 39/500 (0.01s):
  Train loss: 1.3398, acc: 0.7657, f1: 0.6411
  Vali loss: 1.4859, acc: 0.5930, f1: 0.5085
  Test loss: 1.4731, acc: 0.5956, f1: 0.4988
Epoch 40/500 (0.01s):
  Train loss: 1.3378, acc: 0.7738, f1: 0.6502
  Vali loss: 1.4808, acc: 0.5941, f1: 0.5096
  Test loss: 1.4693, acc: 0.5978, f1: 0.5008
Epoch 41/500 (0.01s):
  Train loss: 1.3368, acc: 0.7766, f1: 0.6522
  Vali loss: 1.4767, acc: 0.6018, f1: 0.5165
  Test loss: 1.4656, acc: 0.6033, f1: 0.5058
Epoch 42/500 (0.01s):
  Train loss: 1.3340, acc: 0.7766, f1: 0.6522
  Vali loss: 1.4723, acc: 0.6105, f1: 0.5247
  Test loss: 1.4626, acc: 0.6098, f1: 0.5107
Epoch 43/500 (0.01s):
  Train loss: 1.3253, acc: 0.7820, f1: 0.6571
  Vali loss: 1.4676, acc: 0.6083, f1: 0.5258
  Test loss: 1.4595, acc: 0.6011, f1: 0.5039
Epoch 44/500 (0.01s):
  Train loss: 1.3190, acc: 0.7820, f1: 0.6571
  Vali loss: 1.4651, acc: 0.6138, f1: 0.5294
  Test loss: 1.4568, acc: 0.6098, f1: 0.5094
Epoch 45/500 (0.01s):
  Train loss: 1.3236, acc: 0.7820, f1: 0.6582
  Vali loss: 1.4623, acc: 0.6127, f1: 0.5298
  Test loss: 1.4541, acc: 0.6087, f1: 0.5115
Epoch 46/500 (0.01s):
  Train loss: 1.3072, acc: 0.7847, f1: 0.6601
  Vali loss: 1.4587, acc: 0.6171, f1: 0.5349
  Test loss: 1.4514, acc: 0.6109, f1: 0.5114
Epoch 47/500 (0.01s):
  Train loss: 1.3144, acc: 0.7875, f1: 0.6615
  Vali loss: 1.4544, acc: 0.6236, f1: 0.5400
  Test loss: 1.4481, acc: 0.6142, f1: 0.5146
Epoch 48/500 (0.01s):
  Train loss: 1.3004, acc: 0.7929, f1: 0.6654
  Vali loss: 1.4525, acc: 0.6214, f1: 0.5395
  Test loss: 1.4462, acc: 0.6142, f1: 0.5174
Epoch 49/500 (0.01s):
  Train loss: 1.2927, acc: 0.7929, f1: 0.6668
  Vali loss: 1.4502, acc: 0.6247, f1: 0.5416
  Test loss: 1.4439, acc: 0.6186, f1: 0.5212
Epoch 50/500 (0.01s):
  Train loss: 1.2981, acc: 0.7902, f1: 0.6624
  Vali loss: 1.4467, acc: 0.6280, f1: 0.5446
  Test loss: 1.4417, acc: 0.6197, f1: 0.5218
Epoch 51/500 (0.01s):
  Train loss: 1.2972, acc: 0.7929, f1: 0.6661
  Vali loss: 1.4442, acc: 0.6313, f1: 0.5468
  Test loss: 1.4387, acc: 0.6251, f1: 0.5259
Epoch 52/500 (0.01s):
  Train loss: 1.2966, acc: 0.7929, f1: 0.6661
  Vali loss: 1.4428, acc: 0.6324, f1: 0.5484
  Test loss: 1.4370, acc: 0.6284, f1: 0.5286
Epoch 53/500 (0.01s):
  Train loss: 1.2890, acc: 0.7929, f1: 0.6664
  Vali loss: 1.4396, acc: 0.6335, f1: 0.5492
  Test loss: 1.4343, acc: 0.6284, f1: 0.5285
Epoch 54/500 (0.01s):
  Train loss: 1.2843, acc: 0.7929, f1: 0.6664
  Vali loss: 1.4378, acc: 0.6335, f1: 0.5484
  Test loss: 1.4326, acc: 0.6284, f1: 0.5290
Epoch 55/500 (0.01s):
  Train loss: 1.2877, acc: 0.7929, f1: 0.6661
  Vali loss: 1.4360, acc: 0.6324, f1: 0.5467
  Test loss: 1.4307, acc: 0.6295, f1: 0.5299
Epoch 56/500 (0.01s):
  Train loss: 1.2795, acc: 0.7929, f1: 0.6676
  Vali loss: 1.4343, acc: 0.6313, f1: 0.5459
  Test loss: 1.4289, acc: 0.6306, f1: 0.5306
Epoch 57/500 (0.01s):
  Train loss: 1.2909, acc: 0.7902, f1: 0.6652
  Vali loss: 1.4316, acc: 0.6335, f1: 0.5473
  Test loss: 1.4269, acc: 0.6306, f1: 0.5307
Epoch 58/500 (0.01s):
  Train loss: 1.2727, acc: 0.7984, f1: 0.6733
  Vali loss: 1.4302, acc: 0.6335, f1: 0.5472
  Test loss: 1.4255, acc: 0.6328, f1: 0.5324
Epoch 59/500 (0.01s):
  Train loss: 1.2757, acc: 0.7956, f1: 0.6705
  Vali loss: 1.4301, acc: 0.6313, f1: 0.5477
  Test loss: 1.4257, acc: 0.6350, f1: 0.5371
Epoch 60/500 (0.01s):
  Train loss: 1.2742, acc: 0.8011, f1: 0.6752
  Vali loss: 1.4263, acc: 0.6379, f1: 0.5541
  Test loss: 1.4223, acc: 0.6350, f1: 0.5368
Epoch 61/500 (0.01s):
  Train loss: 1.2787, acc: 0.7984, f1: 0.6728
  Vali loss: 1.4250, acc: 0.6389, f1: 0.5545
  Test loss: 1.4214, acc: 0.6350, f1: 0.5366
Epoch 62/500 (0.01s):
  Train loss: 1.2691, acc: 0.8011, f1: 0.6755
  Vali loss: 1.4228, acc: 0.6422, f1: 0.5585
  Test loss: 1.4194, acc: 0.6415, f1: 0.5423
Epoch 63/500 (0.01s):
  Train loss: 1.2682, acc: 0.8011, f1: 0.6752
  Vali loss: 1.4215, acc: 0.6444, f1: 0.5620
  Test loss: 1.4181, acc: 0.6383, f1: 0.5396
Epoch 64/500 (0.01s):
  Train loss: 1.2663, acc: 0.7984, f1: 0.6727
  Vali loss: 1.4207, acc: 0.6400, f1: 0.5581
  Test loss: 1.4176, acc: 0.6361, f1: 0.5378
Epoch 65/500 (0.01s):
  Train loss: 1.2601, acc: 0.8011, f1: 0.6758
  Vali loss: 1.4168, acc: 0.6477, f1: 0.5649
  Test loss: 1.4141, acc: 0.6448, f1: 0.5447
Epoch 66/500 (0.01s):
  Train loss: 1.2634, acc: 0.8065, f1: 0.6942
  Vali loss: 1.4153, acc: 0.6466, f1: 0.5639
  Test loss: 1.4130, acc: 0.6437, f1: 0.5439
Epoch 67/500 (0.01s):
  Train loss: 1.2565, acc: 0.8065, f1: 0.6933
  Vali loss: 1.4124, acc: 0.6499, f1: 0.5711
  Test loss: 1.4109, acc: 0.6459, f1: 0.5480
Epoch 68/500 (0.01s):
  Train loss: 1.2518, acc: 0.8093, f1: 0.7027
  Vali loss: 1.4097, acc: 0.6521, f1: 0.5777
  Test loss: 1.4091, acc: 0.6426, f1: 0.5476
Epoch 69/500 (0.01s):
  Train loss: 1.2518, acc: 0.8174, f1: 0.7274
  Vali loss: 1.4052, acc: 0.6608, f1: 0.5991
  Test loss: 1.4054, acc: 0.6536, f1: 0.5703
Epoch 70/500 (0.01s):
  Train loss: 1.2487, acc: 0.8202, f1: 0.7396
  Vali loss: 1.4027, acc: 0.6696, f1: 0.6162
  Test loss: 1.4034, acc: 0.6590, f1: 0.5840
Epoch 71/500 (0.01s):
  Train loss: 1.2460, acc: 0.8311, f1: 0.7611
  Vali loss: 1.4004, acc: 0.6751, f1: 0.6266
  Test loss: 1.4013, acc: 0.6634, f1: 0.5932
Epoch 72/500 (0.01s):
  Train loss: 1.2391, acc: 0.8283, f1: 0.7545
  Vali loss: 1.3989, acc: 0.6718, f1: 0.6217
  Test loss: 1.3995, acc: 0.6634, f1: 0.5903
Epoch 73/500 (0.01s):
  Train loss: 1.2474, acc: 0.8311, f1: 0.7613
  Vali loss: 1.3957, acc: 0.6772, f1: 0.6294
  Test loss: 1.3970, acc: 0.6678, f1: 0.5997
Epoch 74/500 (0.01s):
  Train loss: 1.2395, acc: 0.8311, f1: 0.7606
  Vali loss: 1.3949, acc: 0.6729, f1: 0.6234
  Test loss: 1.3959, acc: 0.6689, f1: 0.6004
Epoch 75/500 (0.01s):
  Train loss: 1.2350, acc: 0.8338, f1: 0.7668
  Vali loss: 1.3928, acc: 0.6772, f1: 0.6303
  Test loss: 1.3938, acc: 0.6710, f1: 0.6083
Epoch 76/500 (0.01s):
  Train loss: 1.2305, acc: 0.8338, f1: 0.7700
  Vali loss: 1.3909, acc: 0.6794, f1: 0.6342
  Test loss: 1.3920, acc: 0.6743, f1: 0.6132
Epoch 77/500 (0.01s):
  Train loss: 1.2324, acc: 0.8365, f1: 0.7764
  Vali loss: 1.3881, acc: 0.6838, f1: 0.6382
  Test loss: 1.3893, acc: 0.6776, f1: 0.6175
Epoch 78/500 (0.01s):
  Train loss: 1.2277, acc: 0.8365, f1: 0.7730
  Vali loss: 1.3871, acc: 0.6805, f1: 0.6310
  Test loss: 1.3876, acc: 0.6743, f1: 0.6084
Epoch 79/500 (0.01s):
  Train loss: 1.2276, acc: 0.8392, f1: 0.7775
  Vali loss: 1.3871, acc: 0.6816, f1: 0.6369
  Test loss: 1.3872, acc: 0.6765, f1: 0.6135
Epoch 80/500 (0.01s):
  Train loss: 1.2299, acc: 0.8501, f1: 0.8014
  Vali loss: 1.3850, acc: 0.6893, f1: 0.6503
  Test loss: 1.3851, acc: 0.6765, f1: 0.6175
Epoch 81/500 (0.01s):
  Train loss: 1.2248, acc: 0.8501, f1: 0.7973
  Vali loss: 1.3827, acc: 0.6882, f1: 0.6470
  Test loss: 1.3831, acc: 0.6809, f1: 0.6235
Epoch 82/500 (0.01s):
  Train loss: 1.2204, acc: 0.8501, f1: 0.7973
  Vali loss: 1.3811, acc: 0.6882, f1: 0.6462
  Test loss: 1.3810, acc: 0.6798, f1: 0.6199
Epoch 83/500 (0.01s):
  Train loss: 1.2292, acc: 0.8529, f1: 0.8019
  Vali loss: 1.3810, acc: 0.6871, f1: 0.6452
  Test loss: 1.3806, acc: 0.6820, f1: 0.6235
Epoch 84/500 (0.01s):
  Train loss: 1.2155, acc: 0.8529, f1: 0.8019
  Vali loss: 1.3801, acc: 0.6860, f1: 0.6422
  Test loss: 1.3802, acc: 0.6787, f1: 0.6171
Epoch 85/500 (0.01s):
  Train loss: 1.2229, acc: 0.8583, f1: 0.8086
  Vali loss: 1.3789, acc: 0.6838, f1: 0.6393
  Test loss: 1.3789, acc: 0.6842, f1: 0.6230
Epoch 86/500 (0.01s):
  Train loss: 1.2092, acc: 0.8610, f1: 0.8133
  Vali loss: 1.3778, acc: 0.6882, f1: 0.6473
  Test loss: 1.3777, acc: 0.6842, f1: 0.6256
Epoch 87/500 (0.01s):
  Train loss: 1.2092, acc: 0.8638, f1: 0.8171
  Vali loss: 1.3767, acc: 0.6947, f1: 0.6564
  Test loss: 1.3764, acc: 0.6842, f1: 0.6256
Epoch 88/500 (0.01s):
  Train loss: 1.2084, acc: 0.8610, f1: 0.8133
  Vali loss: 1.3759, acc: 0.6915, f1: 0.6519
  Test loss: 1.3756, acc: 0.6852, f1: 0.6250
Epoch 89/500 (0.01s):
  Train loss: 1.2115, acc: 0.8638, f1: 0.8168
  Vali loss: 1.3750, acc: 0.6904, f1: 0.6553
  Test loss: 1.3750, acc: 0.6885, f1: 0.6324
Epoch 90/500 (0.01s):
  Train loss: 1.2082, acc: 0.8610, f1: 0.8147
  Vali loss: 1.3740, acc: 0.6937, f1: 0.6562
  Test loss: 1.3740, acc: 0.6874, f1: 0.6292
Epoch 91/500 (0.01s):
  Train loss: 1.2014, acc: 0.8638, f1: 0.8179
  Vali loss: 1.3732, acc: 0.6893, f1: 0.6516
  Test loss: 1.3734, acc: 0.6863, f1: 0.6271
Epoch 92/500 (0.01s):
  Train loss: 1.2100, acc: 0.8610, f1: 0.8125
  Vali loss: 1.3732, acc: 0.6860, f1: 0.6490
  Test loss: 1.3735, acc: 0.6842, f1: 0.6265
Epoch 93/500 (0.01s):
  Train loss: 1.2112, acc: 0.8638, f1: 0.8163
  Vali loss: 1.3707, acc: 0.6904, f1: 0.6527
  Test loss: 1.3713, acc: 0.6885, f1: 0.6298
Epoch 94/500 (0.01s):
  Train loss: 1.2042, acc: 0.8665, f1: 0.8234
  Vali loss: 1.3708, acc: 0.6915, f1: 0.6560
  Test loss: 1.3712, acc: 0.6896, f1: 0.6337
Epoch 95/500 (0.01s):
  Train loss: 1.2071, acc: 0.8719, f1: 0.8297
  Vali loss: 1.3704, acc: 0.6904, f1: 0.6564
  Test loss: 1.3710, acc: 0.6918, f1: 0.6369
Epoch 96/500 (0.01s):
  Train loss: 1.1937, acc: 0.8719, f1: 0.8297
  Vali loss: 1.3701, acc: 0.6915, f1: 0.6593
  Test loss: 1.3706, acc: 0.6918, f1: 0.6362
Epoch 97/500 (0.01s):
  Train loss: 1.1943, acc: 0.8719, f1: 0.8290
  Vali loss: 1.3683, acc: 0.6926, f1: 0.6595
  Test loss: 1.3689, acc: 0.6929, f1: 0.6387
Epoch 98/500 (0.01s):
  Train loss: 1.1974, acc: 0.8719, f1: 0.8297
  Vali loss: 1.3679, acc: 0.6926, f1: 0.6591
  Test loss: 1.3689, acc: 0.6896, f1: 0.6360
Epoch 99/500 (0.01s):
  Train loss: 1.1901, acc: 0.8719, f1: 0.8299
  Vali loss: 1.3677, acc: 0.6915, f1: 0.6574
  Test loss: 1.3686, acc: 0.6940, f1: 0.6397
Epoch 100/500 (0.01s):
  Train loss: 1.1931, acc: 0.8719, f1: 0.8295
  Vali loss: 1.3659, acc: 0.6893, f1: 0.6552
  Test loss: 1.3672, acc: 0.6918, f1: 0.6378
Epoch 101/500 (0.01s):
  Train loss: 1.1935, acc: 0.8719, f1: 0.8299
  Vali loss: 1.3658, acc: 0.6926, f1: 0.6573
  Test loss: 1.3676, acc: 0.6896, f1: 0.6342
Epoch 102/500 (0.01s):
  Train loss: 1.1959, acc: 0.8719, f1: 0.8297
  Vali loss: 1.3646, acc: 0.6915, f1: 0.6586
  Test loss: 1.3664, acc: 0.6929, f1: 0.6387
Epoch 103/500 (0.01s):
  Train loss: 1.1908, acc: 0.8719, f1: 0.8297
  Vali loss: 1.3641, acc: 0.6915, f1: 0.6572
  Test loss: 1.3657, acc: 0.6918, f1: 0.6370
Epoch 104/500 (0.01s):
  Train loss: 1.1898, acc: 0.8719, f1: 0.8292
  Vali loss: 1.3642, acc: 0.6904, f1: 0.6576
  Test loss: 1.3658, acc: 0.6929, f1: 0.6396
Epoch 105/500 (0.01s):
  Train loss: 1.1942, acc: 0.8719, f1: 0.8297
  Vali loss: 1.3628, acc: 0.6915, f1: 0.6582
  Test loss: 1.3645, acc: 0.6929, f1: 0.6388
Epoch 106/500 (0.01s):
  Train loss: 1.1976, acc: 0.8719, f1: 0.8297
  Vali loss: 1.3634, acc: 0.6926, f1: 0.6609
  Test loss: 1.3649, acc: 0.6929, f1: 0.6386
Epoch 107/500 (0.01s):
  Train loss: 1.1870, acc: 0.8719, f1: 0.8297
  Vali loss: 1.3618, acc: 0.6947, f1: 0.6626
  Test loss: 1.3638, acc: 0.6918, f1: 0.6368
Epoch 108/500 (0.01s):
  Train loss: 1.1890, acc: 0.8719, f1: 0.8297
  Vali loss: 1.3611, acc: 0.6937, f1: 0.6609
  Test loss: 1.3632, acc: 0.6918, f1: 0.6368
Epoch 109/500 (0.01s):
  Train loss: 1.1957, acc: 0.8719, f1: 0.8290
  Vali loss: 1.3612, acc: 0.6904, f1: 0.6580
  Test loss: 1.3637, acc: 0.6918, f1: 0.6369
Epoch 110/500 (0.01s):
  Train loss: 1.1869, acc: 0.8719, f1: 0.8295
  Vali loss: 1.3600, acc: 0.6958, f1: 0.6644
  Test loss: 1.3625, acc: 0.6918, f1: 0.6379
Epoch 111/500 (0.01s):
  Train loss: 1.1837, acc: 0.8719, f1: 0.8286
  Vali loss: 1.3603, acc: 0.6947, f1: 0.6638
  Test loss: 1.3629, acc: 0.6907, f1: 0.6368
Epoch 112/500 (0.01s):
  Train loss: 1.1915, acc: 0.8719, f1: 0.8280
  Vali loss: 1.3596, acc: 0.6926, f1: 0.6619
  Test loss: 1.3623, acc: 0.6907, f1: 0.6370
Epoch 113/500 (0.01s):
  Train loss: 1.1947, acc: 0.8719, f1: 0.8281
  Vali loss: 1.3577, acc: 0.6947, f1: 0.6643
  Test loss: 1.3607, acc: 0.6907, f1: 0.6367
Epoch 114/500 (0.01s):
  Train loss: 1.1815, acc: 0.8719, f1: 0.8295
  Vali loss: 1.3581, acc: 0.6926, f1: 0.6608
  Test loss: 1.3613, acc: 0.6918, f1: 0.6366
Epoch 115/500 (0.01s):
  Train loss: 1.1839, acc: 0.8747, f1: 0.8324
  Vali loss: 1.3582, acc: 0.6947, f1: 0.6643
  Test loss: 1.3614, acc: 0.6907, f1: 0.6369
Epoch 116/500 (0.01s):
  Train loss: 1.1827, acc: 0.8747, f1: 0.8322
  Vali loss: 1.3570, acc: 0.6947, f1: 0.6624
  Test loss: 1.3606, acc: 0.6940, f1: 0.6396
Epoch 117/500 (0.01s):
  Train loss: 1.1875, acc: 0.8774, f1: 0.8367
  Vali loss: 1.3558, acc: 0.6926, f1: 0.6609
  Test loss: 1.3596, acc: 0.6940, f1: 0.6402
Epoch 118/500 (0.01s):
  Train loss: 1.1843, acc: 0.8801, f1: 0.8392
  Vali loss: 1.3558, acc: 0.6904, f1: 0.6618
  Test loss: 1.3598, acc: 0.6896, f1: 0.6380
Epoch 119/500 (0.01s):
  Train loss: 1.1815, acc: 0.8774, f1: 0.8373
  Vali loss: 1.3553, acc: 0.6926, f1: 0.6637
  Test loss: 1.3595, acc: 0.6929, f1: 0.6415
Epoch 120/500 (0.01s):
  Train loss: 1.1743, acc: 0.8801, f1: 0.8397
  Vali loss: 1.3550, acc: 0.6980, f1: 0.6695
  Test loss: 1.3592, acc: 0.6929, f1: 0.6408
Epoch 121/500 (0.01s):
  Train loss: 1.1788, acc: 0.8801, f1: 0.8390
  Vali loss: 1.3539, acc: 0.6980, f1: 0.6701
  Test loss: 1.3582, acc: 0.6918, f1: 0.6399
Epoch 122/500 (0.01s):
  Train loss: 1.1752, acc: 0.8801, f1: 0.8390
  Vali loss: 1.3536, acc: 0.6937, f1: 0.6653
  Test loss: 1.3575, acc: 0.6940, f1: 0.6418
Epoch 123/500 (0.01s):
  Train loss: 1.1720, acc: 0.8801, f1: 0.8397
  Vali loss: 1.3541, acc: 0.6947, f1: 0.6673
  Test loss: 1.3577, acc: 0.6940, f1: 0.6415
Epoch 124/500 (0.01s):
  Train loss: 1.1796, acc: 0.8801, f1: 0.8395
  Vali loss: 1.3535, acc: 0.6947, f1: 0.6661
  Test loss: 1.3573, acc: 0.6951, f1: 0.6431
Epoch 125/500 (0.01s):
  Train loss: 1.1744, acc: 0.8801, f1: 0.8397
  Vali loss: 1.3537, acc: 0.6947, f1: 0.6668
  Test loss: 1.3575, acc: 0.6929, f1: 0.6403
Epoch 126/500 (0.01s):
  Train loss: 1.1765, acc: 0.8801, f1: 0.8390
  Vali loss: 1.3530, acc: 0.6958, f1: 0.6681
  Test loss: 1.3566, acc: 0.6907, f1: 0.6374
Epoch 127/500 (0.01s):
  Train loss: 1.1763, acc: 0.8801, f1: 0.8397
  Vali loss: 1.3529, acc: 0.6937, f1: 0.6654
  Test loss: 1.3565, acc: 0.6918, f1: 0.6389
Epoch 128/500 (0.01s):
  Train loss: 1.1728, acc: 0.8801, f1: 0.8392
  Vali loss: 1.3526, acc: 0.6969, f1: 0.6679
  Test loss: 1.3569, acc: 0.6896, f1: 0.6363
Epoch 129/500 (0.01s):
  Train loss: 1.1720, acc: 0.8801, f1: 0.8390
  Vali loss: 1.3519, acc: 0.6947, f1: 0.6661
  Test loss: 1.3560, acc: 0.6918, f1: 0.6390
Epoch 130/500 (0.01s):
  Train loss: 1.1687, acc: 0.8801, f1: 0.8400
  Vali loss: 1.3518, acc: 0.6947, f1: 0.6664
  Test loss: 1.3557, acc: 0.6918, f1: 0.6390
Epoch 131/500 (0.01s):
  Train loss: 1.1681, acc: 0.8801, f1: 0.8392
  Vali loss: 1.3515, acc: 0.6937, f1: 0.6660
  Test loss: 1.3558, acc: 0.6885, f1: 0.6363
Epoch 132/500 (0.01s):
  Train loss: 1.1767, acc: 0.8801, f1: 0.8391
  Vali loss: 1.3511, acc: 0.6947, f1: 0.6669
  Test loss: 1.3552, acc: 0.6896, f1: 0.6370
Epoch 133/500 (0.01s):
  Train loss: 1.1739, acc: 0.8801, f1: 0.8398
  Vali loss: 1.3511, acc: 0.6947, f1: 0.6679
  Test loss: 1.3551, acc: 0.6896, f1: 0.6391
Epoch 134/500 (0.01s):
  Train loss: 1.1729, acc: 0.8801, f1: 0.8400
  Vali loss: 1.3510, acc: 0.6958, f1: 0.6689
  Test loss: 1.3550, acc: 0.6896, f1: 0.6387
Epoch 135/500 (0.01s):
  Train loss: 1.1664, acc: 0.8801, f1: 0.8393
  Vali loss: 1.3500, acc: 0.6947, f1: 0.6673
  Test loss: 1.3541, acc: 0.6896, f1: 0.6374
Epoch 136/500 (0.01s):
  Train loss: 1.1662, acc: 0.8801, f1: 0.8392
  Vali loss: 1.3501, acc: 0.6937, f1: 0.6657
  Test loss: 1.3542, acc: 0.6907, f1: 0.6392
Epoch 137/500 (0.01s):
  Train loss: 1.1736, acc: 0.8828, f1: 0.8438
  Vali loss: 1.3494, acc: 0.6947, f1: 0.6666
  Test loss: 1.3536, acc: 0.6951, f1: 0.6449
Epoch 138/500 (0.01s):
  Train loss: 1.1691, acc: 0.8856, f1: 0.8474
  Vali loss: 1.3500, acc: 0.6958, f1: 0.6679
  Test loss: 1.3539, acc: 0.6929, f1: 0.6431
Epoch 139/500 (0.01s):
  Train loss: 1.1687, acc: 0.8856, f1: 0.8488
  Vali loss: 1.3491, acc: 0.7013, f1: 0.6719
  Test loss: 1.3529, acc: 0.6940, f1: 0.6434
Epoch 140/500 (0.01s):
  Train loss: 1.1724, acc: 0.8856, f1: 0.8478
  Vali loss: 1.3495, acc: 0.6969, f1: 0.6693
  Test loss: 1.3532, acc: 0.6962, f1: 0.6465
Epoch 141/500 (0.01s):
  Train loss: 1.1658, acc: 0.8856, f1: 0.8499
  Vali loss: 1.3487, acc: 0.6958, f1: 0.6682
  Test loss: 1.3523, acc: 0.6962, f1: 0.6463
Epoch 142/500 (0.01s):
  Train loss: 1.1627, acc: 0.8856, f1: 0.8493
  Vali loss: 1.3484, acc: 0.6980, f1: 0.6699
  Test loss: 1.3520, acc: 0.6951, f1: 0.6461
Epoch 143/500 (0.01s):
  Train loss: 1.1737, acc: 0.8856, f1: 0.8479
  Vali loss: 1.3481, acc: 0.6980, f1: 0.6698
  Test loss: 1.3520, acc: 0.6951, f1: 0.6454
Epoch 144/500 (0.01s):
  Train loss: 1.1642, acc: 0.8856, f1: 0.8472
  Vali loss: 1.3477, acc: 0.7002, f1: 0.6725
  Test loss: 1.3517, acc: 0.6940, f1: 0.6453
Epoch 145/500 (0.01s):
  Train loss: 1.1647, acc: 0.8856, f1: 0.8476
  Vali loss: 1.3475, acc: 0.6991, f1: 0.6709
  Test loss: 1.3515, acc: 0.6951, f1: 0.6461
Epoch 146/500 (0.01s):
  Train loss: 1.1634, acc: 0.8856, f1: 0.8490
  Vali loss: 1.3475, acc: 0.7002, f1: 0.6718
  Test loss: 1.3515, acc: 0.6973, f1: 0.6481
Epoch 147/500 (0.01s):
  Train loss: 1.1646, acc: 0.8856, f1: 0.8499
  Vali loss: 1.3476, acc: 0.6991, f1: 0.6706
  Test loss: 1.3515, acc: 0.6962, f1: 0.6471
Epoch 148/500 (0.01s):
  Train loss: 1.1657, acc: 0.8856, f1: 0.8474
  Vali loss: 1.3472, acc: 0.7013, f1: 0.6734
  Test loss: 1.3512, acc: 0.6973, f1: 0.6498
Epoch 149/500 (0.01s):
  Train loss: 1.1610, acc: 0.8856, f1: 0.8488
  Vali loss: 1.3470, acc: 0.6991, f1: 0.6714
  Test loss: 1.3508, acc: 0.6962, f1: 0.6490
Epoch 150/500 (0.01s):
  Train loss: 1.1679, acc: 0.8856, f1: 0.8481
  Vali loss: 1.3466, acc: 0.6969, f1: 0.6682
  Test loss: 1.3504, acc: 0.6984, f1: 0.6501
Epoch 151/500 (0.01s):
  Train loss: 1.1649, acc: 0.8856, f1: 0.8500
  Vali loss: 1.3474, acc: 0.6958, f1: 0.6663
  Test loss: 1.3513, acc: 0.6929, f1: 0.6426
Epoch 152/500 (0.01s):
  Train loss: 1.1615, acc: 0.8856, f1: 0.8476
  Vali loss: 1.3465, acc: 0.7002, f1: 0.6722
  Test loss: 1.3504, acc: 0.6973, f1: 0.6490
Epoch 153/500 (0.01s):
  Train loss: 1.1639, acc: 0.8883, f1: 0.8517
  Vali loss: 1.3463, acc: 0.7013, f1: 0.6744
  Test loss: 1.3501, acc: 0.6940, f1: 0.6464
Epoch 154/500 (0.01s):
  Train loss: 1.1644, acc: 0.8883, f1: 0.8528
  Vali loss: 1.3464, acc: 0.6980, f1: 0.6709
  Test loss: 1.3501, acc: 0.6929, f1: 0.6455
Epoch 155/500 (0.01s):
  Train loss: 1.1648, acc: 0.8883, f1: 0.8545
  Vali loss: 1.3459, acc: 0.7002, f1: 0.6712
  Test loss: 1.3496, acc: 0.6951, f1: 0.6467
Epoch 156/500 (0.01s):
  Train loss: 1.1688, acc: 0.8883, f1: 0.8533
  Vali loss: 1.3457, acc: 0.6991, f1: 0.6707
  Test loss: 1.3497, acc: 0.6951, f1: 0.6456
Epoch 157/500 (0.01s):
  Train loss: 1.1633, acc: 0.8883, f1: 0.8517
  Vali loss: 1.3452, acc: 0.7002, f1: 0.6724
  Test loss: 1.3493, acc: 0.6962, f1: 0.6481
Epoch 158/500 (0.01s):
  Train loss: 1.1628, acc: 0.8883, f1: 0.8533
  Vali loss: 1.3456, acc: 0.6958, f1: 0.6675
  Test loss: 1.3496, acc: 0.6940, f1: 0.6440
Epoch 159/500 (0.01s):
  Train loss: 1.1623, acc: 0.8883, f1: 0.8522
  Vali loss: 1.3451, acc: 0.6991, f1: 0.6709
  Test loss: 1.3489, acc: 0.6951, f1: 0.6463
Epoch 160/500 (0.01s):
  Train loss: 1.1609, acc: 0.8883, f1: 0.8525
  Vali loss: 1.3444, acc: 0.6991, f1: 0.6716
  Test loss: 1.3482, acc: 0.6951, f1: 0.6471
Epoch 161/500 (0.01s):
  Train loss: 1.1561, acc: 0.8883, f1: 0.8540
  Vali loss: 1.3453, acc: 0.7024, f1: 0.6735
  Test loss: 1.3494, acc: 0.6929, f1: 0.6428
Epoch 162/500 (0.01s):
  Train loss: 1.1616, acc: 0.8883, f1: 0.8529
  Vali loss: 1.3447, acc: 0.7024, f1: 0.6742
  Test loss: 1.3490, acc: 0.6918, f1: 0.6419
Epoch 163/500 (0.01s):
  Train loss: 1.1583, acc: 0.8883, f1: 0.8523
  Vali loss: 1.3446, acc: 0.7035, f1: 0.6753
  Test loss: 1.3489, acc: 0.6940, f1: 0.6453
Epoch 164/500 (0.01s):
  Train loss: 1.1583, acc: 0.8883, f1: 0.8541
  Vali loss: 1.3438, acc: 0.7002, f1: 0.6721
  Test loss: 1.3479, acc: 0.6940, f1: 0.6451
Epoch 165/500 (0.01s):
  Train loss: 1.1603, acc: 0.8910, f1: 0.8556
  Vali loss: 1.3446, acc: 0.7057, f1: 0.6789
  Test loss: 1.3489, acc: 0.6918, f1: 0.6436
Epoch 166/500 (0.01s):
  Train loss: 1.1574, acc: 0.8910, f1: 0.8579
  Vali loss: 1.3437, acc: 0.7035, f1: 0.6761
  Test loss: 1.3481, acc: 0.6929, f1: 0.6438
Epoch 167/500 (0.01s):
  Train loss: 1.1544, acc: 0.8910, f1: 0.8574
  Vali loss: 1.3434, acc: 0.7024, f1: 0.6754
  Test loss: 1.3476, acc: 0.6896, f1: 0.6403
Epoch 168/500 (0.01s):
  Train loss: 1.1629, acc: 0.8910, f1: 0.8569
  Vali loss: 1.3441, acc: 0.7002, f1: 0.6737
  Test loss: 1.3480, acc: 0.6929, f1: 0.6451
Epoch 169/500 (0.01s):
  Train loss: 1.1652, acc: 0.8910, f1: 0.8587
  Vali loss: 1.3438, acc: 0.6991, f1: 0.6724
  Test loss: 1.3474, acc: 0.6907, f1: 0.6426
Epoch 170/500 (0.01s):
  Train loss: 1.1601, acc: 0.8910, f1: 0.8584
  Vali loss: 1.3436, acc: 0.7024, f1: 0.6754
  Test loss: 1.3475, acc: 0.6929, f1: 0.6436
Epoch 171/500 (0.01s):
  Train loss: 1.1561, acc: 0.8910, f1: 0.8566
  Vali loss: 1.3437, acc: 0.7002, f1: 0.6731
  Test loss: 1.3475, acc: 0.6929, f1: 0.6442
Epoch 172/500 (0.01s):
  Train loss: 1.1529, acc: 0.8910, f1: 0.8567
  Vali loss: 1.3434, acc: 0.7046, f1: 0.6778
  Test loss: 1.3469, acc: 0.6940, f1: 0.6476
Epoch 173/500 (0.01s):
  Train loss: 1.1530, acc: 0.8910, f1: 0.8574
  Vali loss: 1.3426, acc: 0.7035, f1: 0.6763
  Test loss: 1.3463, acc: 0.6929, f1: 0.6453
Epoch 174/500 (0.01s):
  Train loss: 1.1528, acc: 0.8910, f1: 0.8589
  Vali loss: 1.3433, acc: 0.7035, f1: 0.6759
  Test loss: 1.3473, acc: 0.6918, f1: 0.6436
Epoch 175/500 (0.01s):
  Train loss: 1.1551, acc: 0.8910, f1: 0.8555
  Vali loss: 1.3422, acc: 0.7090, f1: 0.6824
  Test loss: 1.3462, acc: 0.6951, f1: 0.6486
Epoch 176/500 (0.01s):
  Train loss: 1.1522, acc: 0.8910, f1: 0.8562
  Vali loss: 1.3414, acc: 0.7090, f1: 0.6818
  Test loss: 1.3453, acc: 0.6973, f1: 0.6508
Epoch 177/500 (0.01s):
  Train loss: 1.1575, acc: 0.8910, f1: 0.8565
  Vali loss: 1.3421, acc: 0.7112, f1: 0.6835
  Test loss: 1.3463, acc: 0.6940, f1: 0.6462
Epoch 178/500 (0.01s):
  Train loss: 1.1549, acc: 0.8910, f1: 0.8571
  Vali loss: 1.3427, acc: 0.7090, f1: 0.6812
  Test loss: 1.3470, acc: 0.6929, f1: 0.6448
Epoch 179/500 (0.01s):
  Train loss: 1.1578, acc: 0.8910, f1: 0.8567
  Vali loss: 1.3416, acc: 0.7090, f1: 0.6819
  Test loss: 1.3456, acc: 0.6973, f1: 0.6511
Epoch 180/500 (0.01s):
  Train loss: 1.1572, acc: 0.8910, f1: 0.8579
  Vali loss: 1.3416, acc: 0.7046, f1: 0.6766
  Test loss: 1.3459, acc: 0.6951, f1: 0.6471
Epoch 181/500 (0.01s):
  Train loss: 1.1515, acc: 0.8910, f1: 0.8571
  Vali loss: 1.3421, acc: 0.7079, f1: 0.6796
  Test loss: 1.3465, acc: 0.6929, f1: 0.6446
Epoch 182/500 (0.01s):
  Train loss: 1.1569, acc: 0.8910, f1: 0.8574
  Vali loss: 1.3413, acc: 0.7123, f1: 0.6848
  Test loss: 1.3455, acc: 0.6973, f1: 0.6511
Epoch 183/500 (0.01s):
  Train loss: 1.1541, acc: 0.8910, f1: 0.8570
  Vali loss: 1.3411, acc: 0.7112, f1: 0.6834
  Test loss: 1.3456, acc: 0.6940, f1: 0.6465
Epoch 184/500 (0.01s):
  Train loss: 1.1647, acc: 0.8910, f1: 0.8565
  Vali loss: 1.3410, acc: 0.7090, f1: 0.6807
  Test loss: 1.3456, acc: 0.6951, f1: 0.6463
Epoch 185/500 (0.01s):
  Train loss: 1.1562, acc: 0.8910, f1: 0.8567
  Vali loss: 1.3412, acc: 0.7101, f1: 0.6825
  Test loss: 1.3459, acc: 0.6918, f1: 0.6437
Epoch 186/500 (0.01s):
  Train loss: 1.1508, acc: 0.8910, f1: 0.8558
  Vali loss: 1.3407, acc: 0.7090, f1: 0.6812
  Test loss: 1.3453, acc: 0.6940, f1: 0.6460
Epoch 187/500 (0.01s):
  Train loss: 1.1514, acc: 0.8910, f1: 0.8574
  Vali loss: 1.3404, acc: 0.7112, f1: 0.6834
  Test loss: 1.3449, acc: 0.6951, f1: 0.6480
Epoch 188/500 (0.01s):
  Train loss: 1.1561, acc: 0.8910, f1: 0.8584
  Vali loss: 1.3410, acc: 0.7079, f1: 0.6793
  Test loss: 1.3459, acc: 0.6907, f1: 0.6421
Epoch 189/500 (0.01s):
  Train loss: 1.1502, acc: 0.8910, f1: 0.8558
  Vali loss: 1.3401, acc: 0.7101, f1: 0.6818
  Test loss: 1.3449, acc: 0.6929, f1: 0.6446
Epoch 190/500 (0.01s):
  Train loss: 1.1530, acc: 0.8910, f1: 0.8569
  Vali loss: 1.3404, acc: 0.7123, f1: 0.6844
  Test loss: 1.3451, acc: 0.6940, f1: 0.6470
Epoch 191/500 (0.01s):
  Train loss: 1.1529, acc: 0.8910, f1: 0.8579
  Vali loss: 1.3397, acc: 0.7079, f1: 0.6792
  Test loss: 1.3445, acc: 0.6951, f1: 0.6473
Epoch 192/500 (0.01s):
  Train loss: 1.1551, acc: 0.8910, f1: 0.8569
  Vali loss: 1.3400, acc: 0.7090, f1: 0.6809
  Test loss: 1.3448, acc: 0.6940, f1: 0.6462
Epoch 193/500 (0.01s):
  Train loss: 1.1497, acc: 0.8910, f1: 0.8576
  Vali loss: 1.3400, acc: 0.7090, f1: 0.6809
  Test loss: 1.3448, acc: 0.6907, f1: 0.6421
Epoch 194/500 (0.01s):
  Train loss: 1.1580, acc: 0.8910, f1: 0.8562
  Vali loss: 1.3394, acc: 0.7112, f1: 0.6834
  Test loss: 1.3443, acc: 0.6951, f1: 0.6478
Epoch 195/500 (0.01s):
  Train loss: 1.1568, acc: 0.8910, f1: 0.8570
  Vali loss: 1.3398, acc: 0.7112, f1: 0.6835
  Test loss: 1.3449, acc: 0.6929, f1: 0.6453
Epoch 196/500 (0.01s):
  Train loss: 1.1496, acc: 0.8910, f1: 0.8576
  Vali loss: 1.3397, acc: 0.7112, f1: 0.6833
  Test loss: 1.3447, acc: 0.6940, f1: 0.6473
Epoch 197/500 (0.01s):
  Train loss: 1.1524, acc: 0.8910, f1: 0.8579
  Vali loss: 1.3389, acc: 0.7101, f1: 0.6821
  Test loss: 1.3440, acc: 0.6940, f1: 0.6464
Epoch 198/500 (0.01s):
  Train loss: 1.1577, acc: 0.8910, f1: 0.8587
  Vali loss: 1.3393, acc: 0.7101, f1: 0.6824
  Test loss: 1.3442, acc: 0.6973, f1: 0.6504
Epoch 199/500 (0.01s):
  Train loss: 1.1494, acc: 0.8910, f1: 0.8575
  Vali loss: 1.3398, acc: 0.7101, f1: 0.6817
  Test loss: 1.3451, acc: 0.6929, f1: 0.6455
Epoch 200/500 (0.01s):
  Train loss: 1.1546, acc: 0.8910, f1: 0.8592
  Vali loss: 1.3392, acc: 0.7101, f1: 0.6800
  Test loss: 1.3445, acc: 0.6918, f1: 0.6437
Epoch 201/500 (0.01s):
  Train loss: 1.1549, acc: 0.8910, f1: 0.8558
  Vali loss: 1.3388, acc: 0.7123, f1: 0.6844
  Test loss: 1.3439, acc: 0.6951, f1: 0.6477
Epoch 202/500 (0.01s):
  Train loss: 1.1528, acc: 0.8910, f1: 0.8563
  Vali loss: 1.3388, acc: 0.7101, f1: 0.6823
  Test loss: 1.3437, acc: 0.6962, f1: 0.6495
Epoch 203/500 (0.01s):
  Train loss: 1.1593, acc: 0.8910, f1: 0.8587
  Vali loss: 1.3389, acc: 0.7112, f1: 0.6833
  Test loss: 1.3440, acc: 0.6940, f1: 0.6471
Epoch 204/500 (0.01s):
  Train loss: 1.1545, acc: 0.8910, f1: 0.8563
  Vali loss: 1.3385, acc: 0.7123, f1: 0.6844
  Test loss: 1.3438, acc: 0.6940, f1: 0.6465
Epoch 205/500 (0.01s):
  Train loss: 1.1514, acc: 0.8910, f1: 0.8575
  Vali loss: 1.3388, acc: 0.7112, f1: 0.6833
  Test loss: 1.3441, acc: 0.6929, f1: 0.6455
Epoch 206/500 (0.01s):
  Train loss: 1.1499, acc: 0.8937, f1: 0.8603
  Vali loss: 1.3387, acc: 0.7123, f1: 0.6833
  Test loss: 1.3442, acc: 0.6940, f1: 0.6471
Epoch 207/500 (0.01s):
  Train loss: 1.1514, acc: 0.8937, f1: 0.8619
  Vali loss: 1.3382, acc: 0.7144, f1: 0.6855
  Test loss: 1.3439, acc: 0.6929, f1: 0.6449
Epoch 208/500 (0.01s):
  Train loss: 1.1564, acc: 0.8910, f1: 0.8584
  Vali loss: 1.3380, acc: 0.7133, f1: 0.6848
  Test loss: 1.3434, acc: 0.6940, f1: 0.6465
Epoch 209/500 (0.01s):
  Train loss: 1.1488, acc: 0.8910, f1: 0.8558
  Vali loss: 1.3383, acc: 0.7079, f1: 0.6799
  Test loss: 1.3436, acc: 0.6951, f1: 0.6487
Epoch 210/500 (0.01s):
  Train loss: 1.1538, acc: 0.8910, f1: 0.8582
  Vali loss: 1.3391, acc: 0.7101, f1: 0.6823
  Test loss: 1.3442, acc: 0.6929, f1: 0.6460
Epoch 211/500 (0.01s):
  Train loss: 1.1508, acc: 0.8937, f1: 0.8613
  Vali loss: 1.3390, acc: 0.7101, f1: 0.6820
  Test loss: 1.3445, acc: 0.6929, f1: 0.6453
Epoch 212/500 (0.01s):
  Train loss: 1.1489, acc: 0.8910, f1: 0.8581
  Vali loss: 1.3372, acc: 0.7090, f1: 0.6807
  Test loss: 1.3430, acc: 0.6940, f1: 0.6467
Epoch 213/500 (0.01s):
  Train loss: 1.1476, acc: 0.8910, f1: 0.8569
  Vali loss: 1.3375, acc: 0.7079, f1: 0.6800
  Test loss: 1.3431, acc: 0.6951, f1: 0.6482
Epoch 214/500 (0.01s):
  Train loss: 1.1502, acc: 0.8910, f1: 0.8591
  Vali loss: 1.3380, acc: 0.7068, f1: 0.6794
  Test loss: 1.3433, acc: 0.6962, f1: 0.6498
Epoch 215/500 (0.01s):
  Train loss: 1.1494, acc: 0.8965, f1: 0.8622
  Vali loss: 1.3372, acc: 0.7144, f1: 0.6864
  Test loss: 1.3431, acc: 0.6962, f1: 0.6490
Epoch 216/500 (0.01s):
  Train loss: 1.1491, acc: 0.8937, f1: 0.8610
  Vali loss: 1.3372, acc: 0.7144, f1: 0.6852
  Test loss: 1.3430, acc: 0.6962, f1: 0.6488
Epoch 217/500 (0.01s):
  Train loss: 1.1515, acc: 0.8937, f1: 0.8628
  Vali loss: 1.3371, acc: 0.7112, f1: 0.6827
  Test loss: 1.3429, acc: 0.6940, f1: 0.6455
Epoch 218/500 (0.01s):
  Train loss: 1.1487, acc: 0.8937, f1: 0.8615
  Vali loss: 1.3368, acc: 0.7090, f1: 0.6807
  Test loss: 1.3425, acc: 0.6973, f1: 0.6504
Epoch 219/500 (0.01s):
  Train loss: 1.1531, acc: 0.8937, f1: 0.8611
  Vali loss: 1.3368, acc: 0.7090, f1: 0.6795
  Test loss: 1.3427, acc: 0.6984, f1: 0.6512
Epoch 220/500 (0.01s):
  Train loss: 1.1508, acc: 0.8937, f1: 0.8617
  Vali loss: 1.3367, acc: 0.7079, f1: 0.6785
  Test loss: 1.3424, acc: 0.6984, f1: 0.6509
Epoch 221/500 (0.01s):
  Train loss: 1.1464, acc: 0.8965, f1: 0.8640
  Vali loss: 1.3357, acc: 0.7123, f1: 0.6837
  Test loss: 1.3416, acc: 0.6984, f1: 0.6505
Epoch 222/500 (0.01s):
  Train loss: 1.1505, acc: 0.8937, f1: 0.8622
  Vali loss: 1.3357, acc: 0.7112, f1: 0.6827
  Test loss: 1.3415, acc: 0.6973, f1: 0.6498
Epoch 223/500 (0.01s):
  Train loss: 1.1479, acc: 0.8937, f1: 0.8602
  Vali loss: 1.3357, acc: 0.7123, f1: 0.6837
  Test loss: 1.3416, acc: 0.7005, f1: 0.6526
Epoch 224/500 (0.01s):
  Train loss: 1.1472, acc: 0.8965, f1: 0.8614
  Vali loss: 1.3359, acc: 0.7101, f1: 0.6819
  Test loss: 1.3416, acc: 0.7005, f1: 0.6526
Epoch 225/500 (0.01s):
  Train loss: 1.1443, acc: 0.8937, f1: 0.8601
  Vali loss: 1.3355, acc: 0.7090, f1: 0.6797
  Test loss: 1.3409, acc: 0.7005, f1: 0.6520
Epoch 226/500 (0.01s):
  Train loss: 1.1469, acc: 0.8965, f1: 0.8636
  Vali loss: 1.3362, acc: 0.7112, f1: 0.6827
  Test loss: 1.3415, acc: 0.6984, f1: 0.6498
Epoch 227/500 (0.01s):
  Train loss: 1.1495, acc: 0.8992, f1: 0.8659
  Vali loss: 1.3355, acc: 0.7112, f1: 0.6830
  Test loss: 1.3405, acc: 0.7038, f1: 0.6555
Epoch 228/500 (0.01s):
  Train loss: 1.1451, acc: 0.8992, f1: 0.8664
  Vali loss: 1.3357, acc: 0.7101, f1: 0.6819
  Test loss: 1.3404, acc: 0.7005, f1: 0.6517
Epoch 229/500 (0.01s):
  Train loss: 1.1493, acc: 0.8965, f1: 0.8627
  Vali loss: 1.3354, acc: 0.7101, f1: 0.6825
  Test loss: 1.3398, acc: 0.7027, f1: 0.6549
Epoch 230/500 (0.01s):
  Train loss: 1.1432, acc: 0.8992, f1: 0.8656
  Vali loss: 1.3362, acc: 0.7112, f1: 0.6840
  Test loss: 1.3404, acc: 0.7005, f1: 0.6525
Epoch 231/500 (0.01s):
  Train loss: 1.1459, acc: 0.8965, f1: 0.8648
  Vali loss: 1.3363, acc: 0.7123, f1: 0.6846
  Test loss: 1.3400, acc: 0.7005, f1: 0.6525
Epoch 232/500 (0.01s):
  Train loss: 1.1484, acc: 0.8992, f1: 0.8646
  Vali loss: 1.3360, acc: 0.7144, f1: 0.6861
  Test loss: 1.3391, acc: 0.7005, f1: 0.6529
Epoch 233/500 (0.01s):
  Train loss: 1.1447, acc: 0.8992, f1: 0.8660
  Vali loss: 1.3366, acc: 0.7144, f1: 0.6867
  Test loss: 1.3386, acc: 0.7005, f1: 0.6528
Epoch 234/500 (0.01s):
  Train loss: 1.1434, acc: 0.9019, f1: 0.8689
  Vali loss: 1.3376, acc: 0.7133, f1: 0.6857
  Test loss: 1.3381, acc: 0.7005, f1: 0.6525
Epoch 235/500 (0.01s):
  Train loss: 1.1459, acc: 0.9019, f1: 0.8687
  Vali loss: 1.3388, acc: 0.7133, f1: 0.6855
  Test loss: 1.3383, acc: 0.7027, f1: 0.6551
Epoch 236/500 (0.01s):
  Train loss: 1.1447, acc: 0.9019, f1: 0.8694
  Vali loss: 1.3381, acc: 0.7123, f1: 0.6847
  Test loss: 1.3371, acc: 0.7038, f1: 0.6568
Epoch 237/500 (0.01s):
  Train loss: 1.1430, acc: 0.9019, f1: 0.8694
  Vali loss: 1.3384, acc: 0.7112, f1: 0.6839
  Test loss: 1.3369, acc: 0.7060, f1: 0.6587
Epoch 238/500 (0.01s):
  Train loss: 1.1453, acc: 0.9019, f1: 0.8695
  Vali loss: 1.3384, acc: 0.7123, f1: 0.6852
  Test loss: 1.3367, acc: 0.7049, f1: 0.6578
Epoch 239/500 (0.01s):
  Train loss: 1.1452, acc: 0.9019, f1: 0.8683
  Vali loss: 1.3378, acc: 0.7112, f1: 0.6844
  Test loss: 1.3361, acc: 0.7071, f1: 0.6596
Epoch 240/500 (0.01s):
  Train loss: 1.1466, acc: 0.9019, f1: 0.8677
  Vali loss: 1.3374, acc: 0.7112, f1: 0.6844
  Test loss: 1.3357, acc: 0.7060, f1: 0.6586
Epoch 241/500 (0.01s):
  Train loss: 1.1449, acc: 0.9019, f1: 0.8701
  Vali loss: 1.3383, acc: 0.7123, f1: 0.6850
  Test loss: 1.3365, acc: 0.7071, f1: 0.6606
Epoch 242/500 (0.01s):
  Train loss: 1.1465, acc: 0.9019, f1: 0.8709
  Vali loss: 1.3382, acc: 0.7144, f1: 0.6867
  Test loss: 1.3366, acc: 0.7115, f1: 0.6631
Epoch 243/500 (0.01s):
  Train loss: 1.1414, acc: 0.9019, f1: 0.8684
  Vali loss: 1.3369, acc: 0.7112, f1: 0.6838
  Test loss: 1.3354, acc: 0.7060, f1: 0.6583
Epoch 244/500 (0.01s):
  Train loss: 1.1417, acc: 0.9019, f1: 0.8702
  Vali loss: 1.3377, acc: 0.7112, f1: 0.6830
  Test loss: 1.3361, acc: 0.7038, f1: 0.6548
Epoch 245/500 (0.01s):
  Train loss: 1.1445, acc: 0.9019, f1: 0.8699
  Vali loss: 1.3369, acc: 0.7123, f1: 0.6847
  Test loss: 1.3352, acc: 0.7060, f1: 0.6584
Epoch 246/500 (0.01s):
  Train loss: 1.1442, acc: 0.9046, f1: 0.8736
  Vali loss: 1.3374, acc: 0.7123, f1: 0.6856
  Test loss: 1.3354, acc: 0.7060, f1: 0.6582
Epoch 247/500 (0.01s):
  Train loss: 1.1470, acc: 0.9046, f1: 0.8744
  Vali loss: 1.3373, acc: 0.7123, f1: 0.6852
  Test loss: 1.3356, acc: 0.7049, f1: 0.6573
Epoch 248/500 (0.01s):
  Train loss: 1.1412, acc: 0.9019, f1: 0.8694
  Vali loss: 1.3370, acc: 0.7090, f1: 0.6812
  Test loss: 1.3351, acc: 0.7060, f1: 0.6583
Epoch 249/500 (0.01s):
  Train loss: 1.1394, acc: 0.9019, f1: 0.8703
  Vali loss: 1.3374, acc: 0.7112, f1: 0.6827
  Test loss: 1.3354, acc: 0.7060, f1: 0.6581
Epoch 250/500 (0.01s):
  Train loss: 1.1414, acc: 0.9046, f1: 0.8723
  Vali loss: 1.3370, acc: 0.7133, f1: 0.6852
  Test loss: 1.3349, acc: 0.7093, f1: 0.6616
Epoch 251/500 (0.01s):
  Train loss: 1.1435, acc: 0.9046, f1: 0.8727
  Vali loss: 1.3363, acc: 0.7123, f1: 0.6856
  Test loss: 1.3343, acc: 0.7082, f1: 0.6604
Epoch 252/500 (0.01s):
  Train loss: 1.1397, acc: 0.9046, f1: 0.8743
  Vali loss: 1.3362, acc: 0.7101, f1: 0.6835
  Test loss: 1.3343, acc: 0.7071, f1: 0.6588
Epoch 253/500 (0.01s):
  Train loss: 1.1426, acc: 0.9046, f1: 0.8740
  Vali loss: 1.3368, acc: 0.7090, f1: 0.6817
  Test loss: 1.3346, acc: 0.7071, f1: 0.6590
Epoch 254/500 (0.01s):
  Train loss: 1.1422, acc: 0.9074, f1: 0.8752
  Vali loss: 1.3368, acc: 0.7112, f1: 0.6836
  Test loss: 1.3342, acc: 0.7093, f1: 0.6613
Epoch 255/500 (0.01s):
  Train loss: 1.1391, acc: 0.9074, f1: 0.8775
  Vali loss: 1.3366, acc: 0.7101, f1: 0.6827
  Test loss: 1.3342, acc: 0.7093, f1: 0.6615
Epoch 256/500 (0.01s):
  Train loss: 1.1472, acc: 0.9074, f1: 0.8768
  Vali loss: 1.3365, acc: 0.7112, f1: 0.6844
  Test loss: 1.3342, acc: 0.7093, f1: 0.6615
Epoch 257/500 (0.01s):
  Train loss: 1.1357, acc: 0.9074, f1: 0.8762
  Vali loss: 1.3364, acc: 0.7133, f1: 0.6867
  Test loss: 1.3341, acc: 0.7093, f1: 0.6614
Epoch 258/500 (0.01s):
  Train loss: 1.1445, acc: 0.9074, f1: 0.8778
  Vali loss: 1.3366, acc: 0.7133, f1: 0.6867
  Test loss: 1.3343, acc: 0.7093, f1: 0.6616
Epoch 259/500 (0.01s):
  Train loss: 1.1450, acc: 0.9074, f1: 0.8758
  Vali loss: 1.3366, acc: 0.7133, f1: 0.6867
  Test loss: 1.3342, acc: 0.7093, f1: 0.6614
Epoch 260/500 (0.01s):
  Train loss: 1.1382, acc: 0.9074, f1: 0.8779
  Vali loss: 1.3364, acc: 0.7133, f1: 0.6867
  Test loss: 1.3341, acc: 0.7093, f1: 0.6615
Epoch 261/500 (0.01s):
  Train loss: 1.1380, acc: 0.9074, f1: 0.8796
  Vali loss: 1.3364, acc: 0.7123, f1: 0.6857
  Test loss: 1.3340, acc: 0.7093, f1: 0.6616
Epoch 262/500 (0.01s):
  Train loss: 1.1412, acc: 0.9074, f1: 0.8772
  Vali loss: 1.3368, acc: 0.7112, f1: 0.6845
  Test loss: 1.3345, acc: 0.7082, f1: 0.6607
Epoch 263/500 (0.01s):
  Train loss: 1.1381, acc: 0.9074, f1: 0.8784
  Vali loss: 1.3364, acc: 0.7079, f1: 0.6810
  Test loss: 1.3342, acc: 0.7093, f1: 0.6616
Epoch 264/500 (0.01s):
  Train loss: 1.1408, acc: 0.9074, f1: 0.8763
  Vali loss: 1.3365, acc: 0.7112, f1: 0.6844
  Test loss: 1.3343, acc: 0.7104, f1: 0.6626
Epoch 265/500 (0.01s):
  Train loss: 1.1463, acc: 0.9074, f1: 0.8783
  Vali loss: 1.3362, acc: 0.7068, f1: 0.6795
  Test loss: 1.3341, acc: 0.7093, f1: 0.6617
Epoch 266/500 (0.01s):
  Train loss: 1.1384, acc: 0.9046, f1: 0.8755
  Vali loss: 1.3358, acc: 0.7090, f1: 0.6809
  Test loss: 1.3338, acc: 0.7104, f1: 0.6627
Epoch 267/500 (0.01s):
  Train loss: 1.1464, acc: 0.9074, f1: 0.8760
  Vali loss: 1.3366, acc: 0.7057, f1: 0.6788
  Test loss: 1.3340, acc: 0.7093, f1: 0.6616
Epoch 268/500 (0.01s):
  Train loss: 1.1356, acc: 0.9074, f1: 0.8767
  Vali loss: 1.3364, acc: 0.7079, f1: 0.6808
  Test loss: 1.3340, acc: 0.7104, f1: 0.6626
Epoch 269/500 (0.01s):
  Train loss: 1.1364, acc: 0.9046, f1: 0.8751
  Vali loss: 1.3361, acc: 0.7068, f1: 0.6790
  Test loss: 1.3342, acc: 0.7071, f1: 0.6582
Epoch 270/500 (0.01s):
  Train loss: 1.1405, acc: 0.9074, f1: 0.8792
  Vali loss: 1.3368, acc: 0.7057, f1: 0.6785
  Test loss: 1.3347, acc: 0.7082, f1: 0.6599
Epoch 271/500 (0.01s):
  Train loss: 1.1375, acc: 0.9074, f1: 0.8797
  Vali loss: 1.3362, acc: 0.7090, f1: 0.6821
  Test loss: 1.3339, acc: 0.7104, f1: 0.6636
Epoch 272/500 (0.01s):
  Train loss: 1.1344, acc: 0.9074, f1: 0.8766
  Vali loss: 1.3364, acc: 0.7101, f1: 0.6823
  Test loss: 1.3343, acc: 0.7082, f1: 0.6599
Epoch 273/500 (0.01s):
  Train loss: 1.1371, acc: 0.9074, f1: 0.8762
  Vali loss: 1.3366, acc: 0.7079, f1: 0.6801
  Test loss: 1.3343, acc: 0.7093, f1: 0.6620
Epoch 274/500 (0.01s):
  Train loss: 1.1399, acc: 0.9074, f1: 0.8800
  Vali loss: 1.3363, acc: 0.7112, f1: 0.6835
  Test loss: 1.3341, acc: 0.7071, f1: 0.6582
Epoch 275/500 (0.01s):
  Train loss: 1.1348, acc: 0.9074, f1: 0.8790
  Vali loss: 1.3362, acc: 0.7101, f1: 0.6824
  Test loss: 1.3340, acc: 0.7104, f1: 0.6629
Epoch 276/500 (0.01s):
  Train loss: 1.1342, acc: 0.9074, f1: 0.8772
  Vali loss: 1.3362, acc: 0.7090, f1: 0.6807
  Test loss: 1.3340, acc: 0.7093, f1: 0.6620
Epoch 277/500 (0.01s):
  Train loss: 1.1402, acc: 0.9074, f1: 0.8782
  Vali loss: 1.3359, acc: 0.7090, f1: 0.6814
  Test loss: 1.3339, acc: 0.7115, f1: 0.6645
Epoch 278/500 (0.01s):
  Train loss: 1.1395, acc: 0.9074, f1: 0.8800
  Vali loss: 1.3363, acc: 0.7068, f1: 0.6780
  Test loss: 1.3342, acc: 0.7082, f1: 0.6605
Epoch 279/500 (0.01s):
  Train loss: 1.1371, acc: 0.9074, f1: 0.8766
  Vali loss: 1.3359, acc: 0.7079, f1: 0.6794
  Test loss: 1.3339, acc: 0.7093, f1: 0.6621
Epoch 280/500 (0.01s):
  Train loss: 1.1434, acc: 0.9074, f1: 0.8766
  Vali loss: 1.3360, acc: 0.7090, f1: 0.6814
  Test loss: 1.3342, acc: 0.7093, f1: 0.6621
Epoch 281/500 (0.01s):
  Train loss: 1.1368, acc: 0.9074, f1: 0.8777
  Vali loss: 1.3360, acc: 0.7090, f1: 0.6814
  Test loss: 1.3342, acc: 0.7082, f1: 0.6598
Epoch 282/500 (0.01s):
  Train loss: 1.1368, acc: 0.9074, f1: 0.8766
  Vali loss: 1.3361, acc: 0.7090, f1: 0.6814
  Test loss: 1.3341, acc: 0.7104, f1: 0.6625
Epoch 283/500 (0.01s):
  Train loss: 1.1386, acc: 0.9074, f1: 0.8786
  Vali loss: 1.3364, acc: 0.7090, f1: 0.6814
  Test loss: 1.3343, acc: 0.7126, f1: 0.6656
Epoch 284/500 (0.01s):
  Train loss: 1.1367, acc: 0.9074, f1: 0.8758
  Vali loss: 1.3368, acc: 0.7068, f1: 0.6783
  Test loss: 1.3347, acc: 0.7104, f1: 0.6630
Epoch 285/500 (0.01s):
  Train loss: 1.1393, acc: 0.9074, f1: 0.8802
  Vali loss: 1.3362, acc: 0.7068, f1: 0.6787
  Test loss: 1.3344, acc: 0.7093, f1: 0.6615
Epoch 286/500 (0.01s):
  Train loss: 1.1366, acc: 0.9074, f1: 0.8774
  Vali loss: 1.3361, acc: 0.7079, f1: 0.6799
  Test loss: 1.3342, acc: 0.7104, f1: 0.6625
Epoch 287/500 (0.01s):
  Train loss: 1.1337, acc: 0.9074, f1: 0.8795
  Vali loss: 1.3357, acc: 0.7090, f1: 0.6806
  Test loss: 1.3339, acc: 0.7093, f1: 0.6625
Epoch 288/500 (0.01s):
  Train loss: 1.1335, acc: 0.9074, f1: 0.8771
  Vali loss: 1.3359, acc: 0.7046, f1: 0.6760
  Test loss: 1.3342, acc: 0.7093, f1: 0.6624
Epoch 289/500 (0.01s):
  Train loss: 1.1341, acc: 0.9074, f1: 0.8778
  Vali loss: 1.3361, acc: 0.7090, f1: 0.6812
  Test loss: 1.3344, acc: 0.7071, f1: 0.6594
Epoch 290/500 (0.01s):
  Train loss: 1.1363, acc: 0.9074, f1: 0.8777
  Vali loss: 1.3358, acc: 0.7090, f1: 0.6807
  Test loss: 1.3342, acc: 0.7071, f1: 0.6594
Epoch 291/500 (0.01s):
  Train loss: 1.1334, acc: 0.9074, f1: 0.8784
  Vali loss: 1.3363, acc: 0.7090, f1: 0.6812
  Test loss: 1.3344, acc: 0.7060, f1: 0.6582
Epoch 292/500 (0.01s):
  Train loss: 1.1340, acc: 0.9074, f1: 0.8785
  Vali loss: 1.3363, acc: 0.7046, f1: 0.6758
  Test loss: 1.3343, acc: 0.7071, f1: 0.6597
Epoch 293/500 (0.01s):
  Train loss: 1.1362, acc: 0.9074, f1: 0.8788
  Vali loss: 1.3368, acc: 0.7035, f1: 0.6744
  Test loss: 1.3347, acc: 0.7060, f1: 0.6586
Epoch 294/500 (0.01s):
  Train loss: 1.1332, acc: 0.9074, f1: 0.8774
  Vali loss: 1.3366, acc: 0.7046, f1: 0.6760
  Test loss: 1.3349, acc: 0.7049, f1: 0.6571
Epoch 295/500 (0.01s):
  Train loss: 1.1387, acc: 0.9074, f1: 0.8777
  Vali loss: 1.3365, acc: 0.7046, f1: 0.6762
  Test loss: 1.3345, acc: 0.7049, f1: 0.6570
Epoch 296/500 (0.01s):
  Train loss: 1.1358, acc: 0.9074, f1: 0.8772
  Vali loss: 1.3369, acc: 0.7057, f1: 0.6769
  Test loss: 1.3349, acc: 0.7049, f1: 0.6570
Epoch 297/500 (0.01s):
  Train loss: 1.1417, acc: 0.9074, f1: 0.8778
  Vali loss: 1.3364, acc: 0.7057, f1: 0.6775
  Test loss: 1.3346, acc: 0.7049, f1: 0.6570
Epoch 298/500 (0.01s):
  Train loss: 1.1359, acc: 0.9074, f1: 0.8778
  Vali loss: 1.3368, acc: 0.7035, f1: 0.6753
  Test loss: 1.3349, acc: 0.7049, f1: 0.6570
Epoch 299/500 (0.01s):
  Train loss: 1.1358, acc: 0.9074, f1: 0.8767
  Vali loss: 1.3378, acc: 0.7024, f1: 0.6734
  Test loss: 1.3356, acc: 0.7071, f1: 0.6588
Epoch 300/500 (0.01s):
  Train loss: 1.1358, acc: 0.9046, f1: 0.8752
  Vali loss: 1.3374, acc: 0.7057, f1: 0.6761
  Test loss: 1.3355, acc: 0.7082, f1: 0.6600
Epoch 301/500 (0.01s):
  Train loss: 1.1357, acc: 0.9074, f1: 0.8774
  Vali loss: 1.3367, acc: 0.7046, f1: 0.6761
  Test loss: 1.3351, acc: 0.7049, f1: 0.6564
Epoch 302/500 (0.01s):
  Train loss: 1.1359, acc: 0.9074, f1: 0.8800
  Vali loss: 1.3369, acc: 0.7046, f1: 0.6765
  Test loss: 1.3351, acc: 0.7060, f1: 0.6577
Epoch 303/500 (0.01s):
  Train loss: 1.1386, acc: 0.9074, f1: 0.8767
  Vali loss: 1.3383, acc: 0.7046, f1: 0.6764
  Test loss: 1.3359, acc: 0.7060, f1: 0.6577
Epoch 304/500 (0.01s):
  Train loss: 1.1327, acc: 0.9074, f1: 0.8760
  Vali loss: 1.3382, acc: 0.7024, f1: 0.6740
  Test loss: 1.3360, acc: 0.7049, f1: 0.6568
Epoch 305/500 (0.01s):
  Train loss: 1.1353, acc: 0.9074, f1: 0.8773
  Vali loss: 1.3372, acc: 0.7035, f1: 0.6741
  Test loss: 1.3353, acc: 0.7049, f1: 0.6568
Epoch 306/500 (0.01s):
  Train loss: 1.1383, acc: 0.9074, f1: 0.8790
  Vali loss: 1.3379, acc: 0.7024, f1: 0.6732
  Test loss: 1.3358, acc: 0.7060, f1: 0.6576
Epoch 307/500 (0.01s):
  Train loss: 1.1380, acc: 0.9074, f1: 0.8802
  Vali loss: 1.3380, acc: 0.7035, f1: 0.6743
  Test loss: 1.3360, acc: 0.7060, f1: 0.6576
Epoch 308/500 (0.01s):
  Train loss: 1.1358, acc: 0.9074, f1: 0.8778
  Vali loss: 1.3377, acc: 0.7035, f1: 0.6749
  Test loss: 1.3356, acc: 0.7049, f1: 0.6567
Epoch 309/500 (0.01s):
  Train loss: 1.1352, acc: 0.9074, f1: 0.8759
  Vali loss: 1.3382, acc: 0.7024, f1: 0.6740
  Test loss: 1.3358, acc: 0.7049, f1: 0.6567
Epoch 310/500 (0.01s):
  Train loss: 1.1354, acc: 0.9074, f1: 0.8809
  Vali loss: 1.3385, acc: 0.7035, f1: 0.6746
  Test loss: 1.3363, acc: 0.7049, f1: 0.6567
Epoch 311/500 (0.01s):
  Train loss: 1.1385, acc: 0.9074, f1: 0.8744
  Vali loss: 1.3385, acc: 0.7057, f1: 0.6768
  Test loss: 1.3362, acc: 0.7071, f1: 0.6592
Epoch 312/500 (0.01s):
  Train loss: 1.1382, acc: 0.9074, f1: 0.8762
  Vali loss: 1.3375, acc: 0.7046, f1: 0.6753
  Test loss: 1.3355, acc: 0.7049, f1: 0.6567
Epoch 313/500 (0.01s):
  Train loss: 1.1350, acc: 0.9074, f1: 0.8780
  Vali loss: 1.3380, acc: 0.7013, f1: 0.6723
  Test loss: 1.3359, acc: 0.7049, f1: 0.6567
Epoch 314/500 (0.01s):
  Train loss: 1.1410, acc: 0.9074, f1: 0.8774
  Vali loss: 1.3379, acc: 0.7035, f1: 0.6746
  Test loss: 1.3356, acc: 0.7049, f1: 0.6567
Epoch 315/500 (0.01s):
  Train loss: 1.1321, acc: 0.9074, f1: 0.8755
  Vali loss: 1.3381, acc: 0.7024, f1: 0.6738
  Test loss: 1.3357, acc: 0.7060, f1: 0.6581
Epoch 316/500 (0.01s):
  Train loss: 1.1377, acc: 0.9074, f1: 0.8763
  Vali loss: 1.3383, acc: 0.7035, f1: 0.6747
  Test loss: 1.3360, acc: 0.7071, f1: 0.6586
Epoch 317/500 (0.01s):
  Train loss: 1.1387, acc: 0.9074, f1: 0.8788
  Vali loss: 1.3382, acc: 0.7024, f1: 0.6729
  Test loss: 1.3360, acc: 0.7082, f1: 0.6597
Epoch 318/500 (0.01s):
  Train loss: 1.1350, acc: 0.9074, f1: 0.8762
  Vali loss: 1.3370, acc: 0.7057, f1: 0.6766
  Test loss: 1.3350, acc: 0.7071, f1: 0.6586
Epoch 319/500 (0.01s):
  Train loss: 1.1349, acc: 0.9074, f1: 0.8788
  Vali loss: 1.3377, acc: 0.7024, f1: 0.6733
  Test loss: 1.3355, acc: 0.7049, f1: 0.6567
Epoch 320/500 (0.01s):
  Train loss: 1.1378, acc: 0.9074, f1: 0.8778
  Vali loss: 1.3382, acc: 0.7024, f1: 0.6733
  Test loss: 1.3360, acc: 0.7049, f1: 0.6567
Epoch 321/500 (0.01s):
  Train loss: 1.1349, acc: 0.9074, f1: 0.8779
  Vali loss: 1.3376, acc: 0.7035, f1: 0.6737
  Test loss: 1.3357, acc: 0.7049, f1: 0.6567
Epoch 322/500 (0.01s):
  Train loss: 1.1376, acc: 0.9074, f1: 0.8761
  Vali loss: 1.3379, acc: 0.7013, f1: 0.6723
  Test loss: 1.3356, acc: 0.7049, f1: 0.6566
Epoch 323/500 (0.01s):
  Train loss: 1.1374, acc: 0.9074, f1: 0.8784
  Vali loss: 1.3379, acc: 0.7024, f1: 0.6728
  Test loss: 1.3358, acc: 0.7038, f1: 0.6558
Epoch 324/500 (0.01s):
  Train loss: 1.1345, acc: 0.9074, f1: 0.8769
  Vali loss: 1.3382, acc: 0.7013, f1: 0.6719
  Test loss: 1.3358, acc: 0.7049, f1: 0.6566
Epoch 325/500 (0.01s):
  Train loss: 1.1317, acc: 0.9074, f1: 0.8776
  Vali loss: 1.3368, acc: 0.7013, f1: 0.6717
  Test loss: 1.3347, acc: 0.7049, f1: 0.6566
Epoch 326/500 (0.01s):
  Train loss: 1.1346, acc: 0.9074, f1: 0.8772
  Vali loss: 1.3373, acc: 0.6991, f1: 0.6691
  Test loss: 1.3352, acc: 0.7060, f1: 0.6575
Epoch 327/500 (0.01s):
  Train loss: 1.1381, acc: 0.9074, f1: 0.8761
  Vali loss: 1.3376, acc: 0.6991, f1: 0.6692
  Test loss: 1.3353, acc: 0.7049, f1: 0.6566
Epoch 328/500 (0.01s):
  Train loss: 1.1346, acc: 0.9074, f1: 0.8767
  Vali loss: 1.3375, acc: 0.7013, f1: 0.6721
  Test loss: 1.3352, acc: 0.7049, f1: 0.6567
Epoch 329/500 (0.01s):
  Train loss: 1.1346, acc: 0.9074, f1: 0.8772
  Vali loss: 1.3380, acc: 0.7024, f1: 0.6722
  Test loss: 1.3355, acc: 0.7071, f1: 0.6586
Epoch 330/500 (0.01s):
  Train loss: 1.1344, acc: 0.9074, f1: 0.8766
  Vali loss: 1.3367, acc: 0.7013, f1: 0.6714
  Test loss: 1.3347, acc: 0.7049, f1: 0.6567
Epoch 331/500 (0.01s):
  Train loss: 1.1350, acc: 0.9074, f1: 0.8794
  Vali loss: 1.3376, acc: 0.7002, f1: 0.6717
  Test loss: 1.3354, acc: 0.7071, f1: 0.6603
Epoch 332/500 (0.01s):
  Train loss: 1.1343, acc: 0.9074, f1: 0.8749
  Vali loss: 1.3382, acc: 0.7002, f1: 0.6715
  Test loss: 1.3356, acc: 0.7049, f1: 0.6585
Epoch 333/500 (0.01s):
  Train loss: 1.1343, acc: 0.9074, f1: 0.8770
  Vali loss: 1.3377, acc: 0.7013, f1: 0.6719
  Test loss: 1.3354, acc: 0.7049, f1: 0.6566
Epoch 334/500 (0.01s):
  Train loss: 1.1400, acc: 0.9074, f1: 0.8773
  Vali loss: 1.3374, acc: 0.6991, f1: 0.6690
  Test loss: 1.3350, acc: 0.7049, f1: 0.6566
Epoch 335/500 (0.01s):
  Train loss: 1.1371, acc: 0.9074, f1: 0.8778
  Vali loss: 1.3374, acc: 0.7002, f1: 0.6709
  Test loss: 1.3351, acc: 0.7060, f1: 0.6575
Epoch 336/500 (0.01s):
  Train loss: 1.1371, acc: 0.9074, f1: 0.8781
  Vali loss: 1.3373, acc: 0.7002, f1: 0.6707
  Test loss: 1.3350, acc: 0.7060, f1: 0.6575
Epoch 337/500 (0.01s):
  Train loss: 1.1372, acc: 0.9074, f1: 0.8790
  Vali loss: 1.3372, acc: 0.7013, f1: 0.6717
  Test loss: 1.3350, acc: 0.7071, f1: 0.6583
Epoch 338/500 (0.01s):
  Train loss: 1.1341, acc: 0.9074, f1: 0.8773
  Vali loss: 1.3373, acc: 0.7002, f1: 0.6712
  Test loss: 1.3350, acc: 0.7093, f1: 0.6620
Epoch 339/500 (0.01s):
  Train loss: 1.1399, acc: 0.9074, f1: 0.8754
  Vali loss: 1.3376, acc: 0.6980, f1: 0.6687
  Test loss: 1.3351, acc: 0.7071, f1: 0.6590
Epoch 340/500 (0.01s):
  Train loss: 1.1312, acc: 0.9074, f1: 0.8779
  Vali loss: 1.3373, acc: 0.7002, f1: 0.6707
  Test loss: 1.3349, acc: 0.7071, f1: 0.6583
Epoch 341/500 (0.01s):
  Train loss: 1.1313, acc: 0.9074, f1: 0.8769
  Vali loss: 1.3376, acc: 0.6991, f1: 0.6697
  Test loss: 1.3353, acc: 0.7060, f1: 0.6587
Epoch 342/500 (0.01s):
  Train loss: 1.1347, acc: 0.9074, f1: 0.8747
  Vali loss: 1.3379, acc: 0.6947, f1: 0.6656
  Test loss: 1.3350, acc: 0.7104, f1: 0.6642
Epoch 343/500 (0.01s):
  Train loss: 1.1312, acc: 0.9074, f1: 0.8741
  Vali loss: 1.3376, acc: 0.6958, f1: 0.6660
  Test loss: 1.3350, acc: 0.7082, f1: 0.6618
Epoch 344/500 (0.01s):
  Train loss: 1.1312, acc: 0.9074, f1: 0.8782
  Vali loss: 1.3376, acc: 0.6991, f1: 0.6697
  Test loss: 1.3352, acc: 0.7060, f1: 0.6579
Epoch 345/500 (0.01s):
  Train loss: 1.1369, acc: 0.9074, f1: 0.8752
  Vali loss: 1.3376, acc: 0.6980, f1: 0.6672
  Test loss: 1.3349, acc: 0.7082, f1: 0.6605
Epoch 346/500 (0.01s):
  Train loss: 1.1343, acc: 0.9074, f1: 0.8775
  Vali loss: 1.3373, acc: 0.6980, f1: 0.6672
  Test loss: 1.3348, acc: 0.7093, f1: 0.6609
Epoch 347/500 (0.01s):
  Train loss: 1.1338, acc: 0.9074, f1: 0.8779
  Vali loss: 1.3373, acc: 0.6980, f1: 0.6682
  Test loss: 1.3349, acc: 0.7082, f1: 0.6611
Epoch 348/500 (0.01s):
  Train loss: 1.1368, acc: 0.9074, f1: 0.8762
  Vali loss: 1.3378, acc: 0.6958, f1: 0.6675
  Test loss: 1.3350, acc: 0.7082, f1: 0.6618
Epoch 349/500 (0.01s):
  Train loss: 1.1310, acc: 0.9074, f1: 0.8744
  Vali loss: 1.3377, acc: 0.7002, f1: 0.6700
  Test loss: 1.3350, acc: 0.7082, f1: 0.6594
Epoch 350/500 (0.01s):
  Train loss: 1.1368, acc: 0.9074, f1: 0.8799
  Vali loss: 1.3364, acc: 0.6969, f1: 0.6663
  Test loss: 1.3342, acc: 0.7115, f1: 0.6633
Epoch 351/500 (0.01s):
  Train loss: 1.1365, acc: 0.9074, f1: 0.8767
  Vali loss: 1.3380, acc: 0.6969, f1: 0.6669
  Test loss: 1.3353, acc: 0.7104, f1: 0.6641
Epoch 352/500 (0.01s):
  Train loss: 1.1364, acc: 0.9074, f1: 0.8740
  Vali loss: 1.3380, acc: 0.6991, f1: 0.6688
  Test loss: 1.3352, acc: 0.7115, f1: 0.6639
Epoch 353/500 (0.01s):
  Train loss: 1.1393, acc: 0.9074, f1: 0.8769
  Vali loss: 1.3369, acc: 0.6991, f1: 0.6691
  Test loss: 1.3346, acc: 0.7115, f1: 0.6643
Epoch 354/500 (0.01s):
  Train loss: 1.1366, acc: 0.9074, f1: 0.8760
  Vali loss: 1.3373, acc: 0.6991, f1: 0.6693
  Test loss: 1.3350, acc: 0.7082, f1: 0.6623
Epoch 355/500 (0.01s):
  Train loss: 1.1335, acc: 0.9074, f1: 0.8740
  Vali loss: 1.3373, acc: 0.6958, f1: 0.6658
  Test loss: 1.3347, acc: 0.7126, f1: 0.6659
Epoch 356/500 (0.01s):
  Train loss: 1.1335, acc: 0.9074, f1: 0.8770
  Vali loss: 1.3369, acc: 0.6958, f1: 0.6657
  Test loss: 1.3345, acc: 0.7115, f1: 0.6649
Epoch 357/500 (0.01s):
  Train loss: 1.1362, acc: 0.9074, f1: 0.8734
  Vali loss: 1.3372, acc: 0.6980, f1: 0.6678
  Test loss: 1.3346, acc: 0.7104, f1: 0.6638
Epoch 358/500 (0.01s):
  Train loss: 1.1392, acc: 0.9074, f1: 0.8734
  Vali loss: 1.3374, acc: 0.6958, f1: 0.6658
  Test loss: 1.3348, acc: 0.7093, f1: 0.6629
Epoch 359/500 (0.01s):
  Train loss: 1.1422, acc: 0.9074, f1: 0.8777
  Vali loss: 1.3373, acc: 0.6969, f1: 0.6665
  Test loss: 1.3348, acc: 0.7104, f1: 0.6638
Epoch 360/500 (0.01s):
  Train loss: 1.1390, acc: 0.9074, f1: 0.8759
  Vali loss: 1.3376, acc: 0.6958, f1: 0.6656
  Test loss: 1.3351, acc: 0.7115, f1: 0.6647
Epoch 361/500 (0.01s):
  Train loss: 1.1305, acc: 0.9074, f1: 0.8754
  Vali loss: 1.3371, acc: 0.6991, f1: 0.6687
  Test loss: 1.3346, acc: 0.7093, f1: 0.6629
Epoch 362/500 (0.01s):
  Train loss: 1.1307, acc: 0.9074, f1: 0.8770
  Vali loss: 1.3371, acc: 0.6980, f1: 0.6676
  Test loss: 1.3346, acc: 0.7115, f1: 0.6647
Epoch 363/500 (0.01s):
  Train loss: 1.1317, acc: 0.9074, f1: 0.8772
  Vali loss: 1.3367, acc: 0.6980, f1: 0.6675
  Test loss: 1.3345, acc: 0.7104, f1: 0.6638
Epoch 364/500 (0.01s):
  Train loss: 1.1304, acc: 0.9074, f1: 0.8777
  Vali loss: 1.3369, acc: 0.6980, f1: 0.6675
  Test loss: 1.3346, acc: 0.7126, f1: 0.6656
Epoch 365/500 (0.01s):
  Train loss: 1.1361, acc: 0.9074, f1: 0.8739
  Vali loss: 1.3376, acc: 0.6980, f1: 0.6674
  Test loss: 1.3350, acc: 0.7093, f1: 0.6629
Epoch 366/500 (0.01s):
  Train loss: 1.1391, acc: 0.9074, f1: 0.8738
  Vali loss: 1.3371, acc: 0.6991, f1: 0.6687
  Test loss: 1.3344, acc: 0.7115, f1: 0.6647
Epoch 367/500 (0.01s):
  Train loss: 1.1302, acc: 0.9074, f1: 0.8777
  Vali loss: 1.3367, acc: 0.6991, f1: 0.6686
  Test loss: 1.3345, acc: 0.7115, f1: 0.6647
Epoch 368/500 (0.01s):
  Train loss: 1.1301, acc: 0.9074, f1: 0.8775
  Vali loss: 1.3378, acc: 0.6980, f1: 0.6674
  Test loss: 1.3351, acc: 0.7104, f1: 0.6636
Epoch 369/500 (0.01s):
  Train loss: 1.1332, acc: 0.9074, f1: 0.8774
  Vali loss: 1.3371, acc: 0.6980, f1: 0.6672
  Test loss: 1.3346, acc: 0.7126, f1: 0.6656
Epoch 370/500 (0.01s):
  Train loss: 1.1360, acc: 0.9074, f1: 0.8758
  Vali loss: 1.3367, acc: 0.7035, f1: 0.6735
  Test loss: 1.3348, acc: 0.7104, f1: 0.6633
Epoch 371/500 (0.01s):
  Train loss: 1.1412, acc: 0.9101, f1: 0.8746
  Vali loss: 1.3393, acc: 0.6958, f1: 0.6664
  Test loss: 1.3365, acc: 0.7093, f1: 0.6631
Epoch 372/500 (0.01s):
  Train loss: 1.1298, acc: 0.9074, f1: 0.8766
  Vali loss: 1.3378, acc: 0.6980, f1: 0.6677
  Test loss: 1.3355, acc: 0.7126, f1: 0.6659
Epoch 373/500 (0.01s):
  Train loss: 1.1383, acc: 0.9101, f1: 0.8823
  Vali loss: 1.3375, acc: 0.6980, f1: 0.6677
  Test loss: 1.3352, acc: 0.7115, f1: 0.6646
Epoch 374/500 (0.01s):
  Train loss: 1.1296, acc: 0.9101, f1: 0.8793
  Vali loss: 1.3383, acc: 0.6980, f1: 0.6684
  Test loss: 1.3356, acc: 0.7115, f1: 0.6646
Epoch 375/500 (0.01s):
  Train loss: 1.1323, acc: 0.9074, f1: 0.8772
  Vali loss: 1.3376, acc: 0.6980, f1: 0.6683
  Test loss: 1.3354, acc: 0.7115, f1: 0.6648
Epoch 376/500 (0.01s):
  Train loss: 1.1381, acc: 0.9074, f1: 0.8777
  Vali loss: 1.3365, acc: 0.6969, f1: 0.6666
  Test loss: 1.3345, acc: 0.7148, f1: 0.6678
Epoch 377/500 (0.01s):
  Train loss: 1.1382, acc: 0.9101, f1: 0.8778
  Vali loss: 1.3378, acc: 0.7002, f1: 0.6713
  Test loss: 1.3350, acc: 0.7104, f1: 0.6636
Epoch 378/500 (0.01s):
  Train loss: 1.1321, acc: 0.9101, f1: 0.8813
  Vali loss: 1.3382, acc: 0.6980, f1: 0.6679
  Test loss: 1.3354, acc: 0.7104, f1: 0.6636
Epoch 379/500 (0.01s):
  Train loss: 1.1344, acc: 0.9101, f1: 0.8783
  Vali loss: 1.3373, acc: 0.7002, f1: 0.6706
  Test loss: 1.3348, acc: 0.7104, f1: 0.6639
Epoch 380/500 (0.01s):
  Train loss: 1.1291, acc: 0.9101, f1: 0.8817
  Vali loss: 1.3377, acc: 0.6980, f1: 0.6682
  Test loss: 1.3353, acc: 0.7137, f1: 0.6670
Epoch 381/500 (0.01s):
  Train loss: 1.1317, acc: 0.9101, f1: 0.8800
  Vali loss: 1.3387, acc: 0.6980, f1: 0.6682
  Test loss: 1.3356, acc: 0.7093, f1: 0.6627
Epoch 382/500 (0.01s):
  Train loss: 1.1317, acc: 0.9101, f1: 0.8836
  Vali loss: 1.3378, acc: 0.7024, f1: 0.6723
  Test loss: 1.3350, acc: 0.7126, f1: 0.6658
Epoch 383/500 (0.01s):
  Train loss: 1.1346, acc: 0.9101, f1: 0.8804
  Vali loss: 1.3379, acc: 0.7024, f1: 0.6718
  Test loss: 1.3347, acc: 0.7104, f1: 0.6636
Epoch 384/500 (0.01s):
  Train loss: 1.1290, acc: 0.9101, f1: 0.8800
  Vali loss: 1.3394, acc: 0.6958, f1: 0.6663
  Test loss: 1.3359, acc: 0.7082, f1: 0.6615
Epoch 385/500 (0.01s):
  Train loss: 1.1349, acc: 0.9101, f1: 0.8817
  Vali loss: 1.3375, acc: 0.7046, f1: 0.6743
  Test loss: 1.3354, acc: 0.7104, f1: 0.6627
Epoch 386/500 (0.01s):
  Train loss: 1.1315, acc: 0.9101, f1: 0.8812
  Vali loss: 1.3370, acc: 0.7046, f1: 0.6742
  Test loss: 1.3348, acc: 0.7115, f1: 0.6647
Epoch 387/500 (0.01s):
  Train loss: 1.1315, acc: 0.9101, f1: 0.8794
  Vali loss: 1.3396, acc: 0.6958, f1: 0.6670
  Test loss: 1.3362, acc: 0.7082, f1: 0.6616
Epoch 388/500 (0.01s):
  Train loss: 1.1289, acc: 0.9101, f1: 0.8813
  Vali loss: 1.3388, acc: 0.7013, f1: 0.6717
  Test loss: 1.3358, acc: 0.7082, f1: 0.6619
Epoch 389/500 (0.01s):
  Train loss: 1.1386, acc: 0.9101, f1: 0.8821
  Vali loss: 1.3364, acc: 0.7046, f1: 0.6735
  Test loss: 1.3344, acc: 0.7115, f1: 0.6636
Epoch 390/500 (0.01s):
  Train loss: 1.1312, acc: 0.9101, f1: 0.8776
  Vali loss: 1.3381, acc: 0.6991, f1: 0.6699
  Test loss: 1.3357, acc: 0.7071, f1: 0.6609
Epoch 391/500 (0.01s):
  Train loss: 1.1311, acc: 0.9101, f1: 0.8825
  Vali loss: 1.3385, acc: 0.7002, f1: 0.6707
  Test loss: 1.3361, acc: 0.7093, f1: 0.6630
Epoch 392/500 (0.01s):
  Train loss: 1.1340, acc: 0.9101, f1: 0.8787
  Vali loss: 1.3381, acc: 0.6991, f1: 0.6690
  Test loss: 1.3359, acc: 0.7082, f1: 0.6620
Epoch 393/500 (0.01s):
  Train loss: 1.1309, acc: 0.9101, f1: 0.8824
  Vali loss: 1.3379, acc: 0.7002, f1: 0.6700
  Test loss: 1.3357, acc: 0.7082, f1: 0.6619
Epoch 394/500 (0.01s):
  Train loss: 1.1338, acc: 0.9101, f1: 0.8799
  Vali loss: 1.3374, acc: 0.6991, f1: 0.6690
  Test loss: 1.3357, acc: 0.7093, f1: 0.6630
Epoch 395/500 (0.01s):
  Train loss: 1.1338, acc: 0.9101, f1: 0.8802
  Vali loss: 1.3383, acc: 0.6991, f1: 0.6689
  Test loss: 1.3362, acc: 0.7082, f1: 0.6619
Epoch 396/500 (0.01s):
  Train loss: 1.1310, acc: 0.9101, f1: 0.8791
  Vali loss: 1.3383, acc: 0.6991, f1: 0.6689
  Test loss: 1.3364, acc: 0.7071, f1: 0.6611
Epoch 397/500 (0.01s):
  Train loss: 1.1335, acc: 0.9101, f1: 0.8803
  Vali loss: 1.3383, acc: 0.6980, f1: 0.6684
  Test loss: 1.3365, acc: 0.7082, f1: 0.6620
Epoch 398/500 (0.01s):
  Train loss: 1.1307, acc: 0.9101, f1: 0.8822
  Vali loss: 1.3379, acc: 0.6980, f1: 0.6682
  Test loss: 1.3365, acc: 0.7082, f1: 0.6613
Epoch 399/500 (0.01s):
  Train loss: 1.1336, acc: 0.9101, f1: 0.8794
  Vali loss: 1.3388, acc: 0.6969, f1: 0.6673
  Test loss: 1.3373, acc: 0.7071, f1: 0.6608
Epoch 400/500 (0.01s):
  Train loss: 1.1335, acc: 0.9101, f1: 0.8785
  Vali loss: 1.3390, acc: 0.6980, f1: 0.6689
  Test loss: 1.3375, acc: 0.7038, f1: 0.6565
Epoch 401/500 (0.01s):
  Train loss: 1.1304, acc: 0.9101, f1: 0.8812
  Vali loss: 1.3379, acc: 0.6991, f1: 0.6699
  Test loss: 1.3373, acc: 0.7049, f1: 0.6574
Epoch 402/500 (0.01s):
  Train loss: 1.1303, acc: 0.9101, f1: 0.8783
  Vali loss: 1.3390, acc: 0.6969, f1: 0.6678
  Test loss: 1.3383, acc: 0.7027, f1: 0.6554
Epoch 403/500 (0.01s):
  Train loss: 1.1322, acc: 0.9101, f1: 0.8787
  Vali loss: 1.3387, acc: 0.6980, f1: 0.6694
  Test loss: 1.3388, acc: 0.7038, f1: 0.6564
Epoch 404/500 (0.01s):
  Train loss: 1.1323, acc: 0.9101, f1: 0.8793
  Vali loss: 1.3376, acc: 0.6991, f1: 0.6699
  Test loss: 1.3383, acc: 0.7038, f1: 0.6565
Epoch 405/500 (0.01s):
  Train loss: 1.1269, acc: 0.9128, f1: 0.8806
  Vali loss: 1.3384, acc: 0.7002, f1: 0.6713
  Test loss: 1.3391, acc: 0.7038, f1: 0.6564
Epoch 406/500 (0.01s):
  Train loss: 1.1265, acc: 0.9128, f1: 0.8802
  Vali loss: 1.3397, acc: 0.7024, f1: 0.6750
  Test loss: 1.3412, acc: 0.6995, f1: 0.6518
Epoch 407/500 (0.01s):
  Train loss: 1.1261, acc: 0.9128, f1: 0.8832
  Vali loss: 1.3363, acc: 0.7057, f1: 0.6774
  Test loss: 1.3392, acc: 0.7016, f1: 0.6530
Epoch 408/500 (0.01s):
  Train loss: 1.1258, acc: 0.9128, f1: 0.8836
  Vali loss: 1.3367, acc: 0.7035, f1: 0.6750
  Test loss: 1.3396, acc: 0.6995, f1: 0.6505
Epoch 409/500 (0.01s):
  Train loss: 1.1286, acc: 0.9128, f1: 0.8820
  Vali loss: 1.3373, acc: 0.7035, f1: 0.6753
  Test loss: 1.3397, acc: 0.7005, f1: 0.6521
Epoch 410/500 (0.01s):
  Train loss: 1.1319, acc: 0.9128, f1: 0.8823
  Vali loss: 1.3364, acc: 0.7035, f1: 0.6741
  Test loss: 1.3392, acc: 0.7027, f1: 0.6539
Epoch 411/500 (0.01s):
  Train loss: 1.1285, acc: 0.9128, f1: 0.8851
  Vali loss: 1.3370, acc: 0.7024, f1: 0.6727
  Test loss: 1.3392, acc: 0.7005, f1: 0.6522
Epoch 412/500 (0.01s):
  Train loss: 1.1312, acc: 0.9128, f1: 0.8802
  Vali loss: 1.3369, acc: 0.7035, f1: 0.6742
  Test loss: 1.3391, acc: 0.7016, f1: 0.6532
Epoch 413/500 (0.01s):
  Train loss: 1.1282, acc: 0.9128, f1: 0.8832
  Vali loss: 1.3366, acc: 0.7013, f1: 0.6718
  Test loss: 1.3393, acc: 0.7027, f1: 0.6543
Epoch 414/500 (0.01s):
  Train loss: 1.1367, acc: 0.9128, f1: 0.8827
  Vali loss: 1.3367, acc: 0.7024, f1: 0.6726
  Test loss: 1.3392, acc: 0.7016, f1: 0.6532
Epoch 415/500 (0.01s):
  Train loss: 1.1258, acc: 0.9128, f1: 0.8824
  Vali loss: 1.3373, acc: 0.7013, f1: 0.6717
  Test loss: 1.3395, acc: 0.7005, f1: 0.6524
Epoch 416/500 (0.01s):
  Train loss: 1.1282, acc: 0.9128, f1: 0.8864
  Vali loss: 1.3374, acc: 0.7046, f1: 0.6743
  Test loss: 1.3396, acc: 0.7049, f1: 0.6559
Epoch 417/500 (0.01s):
  Train loss: 1.1253, acc: 0.9128, f1: 0.8837
  Vali loss: 1.3375, acc: 0.7013, f1: 0.6717
  Test loss: 1.3394, acc: 0.7027, f1: 0.6542
Epoch 418/500 (0.01s):
  Train loss: 1.1253, acc: 0.9128, f1: 0.8830
  Vali loss: 1.3366, acc: 0.7035, f1: 0.6734
  Test loss: 1.3388, acc: 0.7027, f1: 0.6545
Epoch 419/500 (0.01s):
  Train loss: 1.1252, acc: 0.9128, f1: 0.8832
  Vali loss: 1.3363, acc: 0.7035, f1: 0.6736
  Test loss: 1.3387, acc: 0.7027, f1: 0.6541
Epoch 420/500 (0.01s):
  Train loss: 1.1278, acc: 0.9128, f1: 0.8814
  Vali loss: 1.3376, acc: 0.7024, f1: 0.6724
  Test loss: 1.3392, acc: 0.7005, f1: 0.6523
Epoch 421/500 (0.01s):
  Train loss: 1.1307, acc: 0.9128, f1: 0.8850
  Vali loss: 1.3365, acc: 0.7057, f1: 0.6753
  Test loss: 1.3384, acc: 0.7038, f1: 0.6548
Epoch 422/500 (0.01s):
  Train loss: 1.1335, acc: 0.9128, f1: 0.8839
  Vali loss: 1.3363, acc: 0.7046, f1: 0.6739
  Test loss: 1.3382, acc: 0.7038, f1: 0.6552
Epoch 423/500 (0.01s):
  Train loss: 1.1279, acc: 0.9128, f1: 0.8844
  Vali loss: 1.3376, acc: 0.7057, f1: 0.6753
  Test loss: 1.3391, acc: 0.7038, f1: 0.6549
Epoch 424/500 (0.01s):
  Train loss: 1.1277, acc: 0.9128, f1: 0.8798
  Vali loss: 1.3370, acc: 0.7046, f1: 0.6745
  Test loss: 1.3384, acc: 0.7038, f1: 0.6549
Epoch 425/500 (0.01s):
  Train loss: 1.1278, acc: 0.9128, f1: 0.8837
  Vali loss: 1.3370, acc: 0.7035, f1: 0.6739
  Test loss: 1.3387, acc: 0.7005, f1: 0.6514
Epoch 426/500 (0.01s):
  Train loss: 1.1366, acc: 0.9128, f1: 0.8817
  Vali loss: 1.3379, acc: 0.7035, f1: 0.6734
  Test loss: 1.3391, acc: 0.7016, f1: 0.6527
Epoch 427/500 (0.01s):
  Train loss: 1.1276, acc: 0.9128, f1: 0.8810
  Vali loss: 1.3371, acc: 0.7035, f1: 0.6731
  Test loss: 1.3386, acc: 0.7005, f1: 0.6514
Epoch 428/500 (0.01s):
  Train loss: 1.1279, acc: 0.9128, f1: 0.8839
  Vali loss: 1.3374, acc: 0.7035, f1: 0.6729
  Test loss: 1.3387, acc: 0.7027, f1: 0.6540
Epoch 429/500 (0.01s):
  Train loss: 1.1249, acc: 0.9128, f1: 0.8815
  Vali loss: 1.3380, acc: 0.7002, f1: 0.6696
  Test loss: 1.3392, acc: 0.7005, f1: 0.6514
Epoch 430/500 (0.01s):
  Train loss: 1.1325, acc: 0.9128, f1: 0.8820
  Vali loss: 1.3375, acc: 0.7035, f1: 0.6731
  Test loss: 1.3385, acc: 0.7016, f1: 0.6523
Epoch 431/500 (0.01s):
  Train loss: 1.1248, acc: 0.9128, f1: 0.8807
  Vali loss: 1.3378, acc: 0.7024, f1: 0.6713
  Test loss: 1.3387, acc: 0.6995, f1: 0.6505
Epoch 432/500 (0.01s):
  Train loss: 1.1248, acc: 0.9128, f1: 0.8815
  Vali loss: 1.3381, acc: 0.7024, f1: 0.6713
  Test loss: 1.3390, acc: 0.6995, f1: 0.6503
Epoch 433/500 (0.01s):
  Train loss: 1.1247, acc: 0.9128, f1: 0.8846
  Vali loss: 1.3383, acc: 0.7024, f1: 0.6719
  Test loss: 1.3391, acc: 0.6984, f1: 0.6495
Epoch 434/500 (0.01s):
  Train loss: 1.1305, acc: 0.9128, f1: 0.8816
  Vali loss: 1.3379, acc: 0.7024, f1: 0.6713
  Test loss: 1.3386, acc: 0.7005, f1: 0.6514
Epoch 435/500 (0.01s):
  Train loss: 1.1265, acc: 0.9128, f1: 0.8810
  Vali loss: 1.3376, acc: 0.7002, f1: 0.6679
  Test loss: 1.3383, acc: 0.7016, f1: 0.6521
Epoch 436/500 (0.01s):
  Train loss: 1.1302, acc: 0.9128, f1: 0.8832
  Vali loss: 1.3381, acc: 0.7013, f1: 0.6705
  Test loss: 1.3386, acc: 0.7005, f1: 0.6511
Epoch 437/500 (0.01s):
  Train loss: 1.1359, acc: 0.9128, f1: 0.8812
  Vali loss: 1.3389, acc: 0.7024, f1: 0.6719
  Test loss: 1.3393, acc: 0.6995, f1: 0.6510
Epoch 438/500 (0.01s):
  Train loss: 1.1246, acc: 0.9128, f1: 0.8827
  Vali loss: 1.3375, acc: 0.7013, f1: 0.6698
  Test loss: 1.3382, acc: 0.6984, f1: 0.6495
Epoch 439/500 (0.01s):
  Train loss: 1.1305, acc: 0.9128, f1: 0.8824
  Vali loss: 1.3389, acc: 0.7013, f1: 0.6708
  Test loss: 1.3392, acc: 0.6973, f1: 0.6480
Epoch 440/500 (0.01s):
  Train loss: 1.1246, acc: 0.9128, f1: 0.8818
  Vali loss: 1.3393, acc: 0.7013, f1: 0.6708
  Test loss: 1.3394, acc: 0.6984, f1: 0.6501
Epoch 441/500 (0.01s):
  Train loss: 1.1278, acc: 0.9128, f1: 0.8814
  Vali loss: 1.3393, acc: 0.7002, f1: 0.6689
  Test loss: 1.3395, acc: 0.6973, f1: 0.6479
Epoch 442/500 (0.01s):
  Train loss: 1.1273, acc: 0.9128, f1: 0.8858
  Vali loss: 1.3384, acc: 0.7002, f1: 0.6690
  Test loss: 1.3388, acc: 0.6995, f1: 0.6504
Epoch 443/500 (0.01s):
  Train loss: 1.1274, acc: 0.9128, f1: 0.8800
  Vali loss: 1.3387, acc: 0.7002, f1: 0.6690
  Test loss: 1.3391, acc: 0.6973, f1: 0.6486
Epoch 444/500 (0.01s):
  Train loss: 1.1245, acc: 0.9128, f1: 0.8816
  Vali loss: 1.3387, acc: 0.6991, f1: 0.6672
  Test loss: 1.3391, acc: 0.6973, f1: 0.6486
Epoch 445/500 (0.01s):
  Train loss: 1.1329, acc: 0.9128, f1: 0.8830
  Vali loss: 1.3386, acc: 0.7013, f1: 0.6692
  Test loss: 1.3389, acc: 0.6973, f1: 0.6484
Epoch 446/500 (0.01s):
  Train loss: 1.1294, acc: 0.9128, f1: 0.8832
  Vali loss: 1.3389, acc: 0.7002, f1: 0.6689
  Test loss: 1.3392, acc: 0.6984, f1: 0.6492
Epoch 447/500 (0.01s):
  Train loss: 1.1265, acc: 0.9128, f1: 0.8812
  Vali loss: 1.3395, acc: 0.7002, f1: 0.6690
  Test loss: 1.3397, acc: 0.6962, f1: 0.6468
Epoch 448/500 (0.01s):
  Train loss: 1.1331, acc: 0.9128, f1: 0.8827
  Vali loss: 1.3390, acc: 0.7002, f1: 0.6690
  Test loss: 1.3392, acc: 0.6962, f1: 0.6470
Epoch 449/500 (0.01s):
  Train loss: 1.1271, acc: 0.9128, f1: 0.8826
  Vali loss: 1.3391, acc: 0.6991, f1: 0.6672
  Test loss: 1.3393, acc: 0.6973, f1: 0.6486
Epoch 450/500 (0.01s):
  Train loss: 1.1247, acc: 0.9128, f1: 0.8863
  Vali loss: 1.3398, acc: 0.6991, f1: 0.6679
  Test loss: 1.3398, acc: 0.6951, f1: 0.6463
Epoch 451/500 (0.01s):
  Train loss: 1.1271, acc: 0.9128, f1: 0.8809
  Vali loss: 1.3394, acc: 0.7002, f1: 0.6683
  Test loss: 1.3395, acc: 0.6984, f1: 0.6502
Epoch 452/500 (0.01s):
  Train loss: 1.1271, acc: 0.9128, f1: 0.8871
  Vali loss: 1.3390, acc: 0.7013, f1: 0.6692
  Test loss: 1.3393, acc: 0.6962, f1: 0.6472
Epoch 453/500 (0.01s):
  Train loss: 1.1271, acc: 0.9128, f1: 0.8818
  Vali loss: 1.3395, acc: 0.7002, f1: 0.6681
  Test loss: 1.3396, acc: 0.6962, f1: 0.6473
Epoch 454/500 (0.01s):
  Train loss: 1.1327, acc: 0.9128, f1: 0.8815
  Vali loss: 1.3397, acc: 0.7024, f1: 0.6719
  Test loss: 1.3396, acc: 0.6940, f1: 0.6453
Epoch 455/500 (0.01s):
  Train loss: 1.1271, acc: 0.9128, f1: 0.8876
  Vali loss: 1.3397, acc: 0.7002, f1: 0.6687
  Test loss: 1.3397, acc: 0.6962, f1: 0.6473
Epoch 456/500 (0.01s):
  Train loss: 1.1300, acc: 0.9128, f1: 0.8861
  Vali loss: 1.3398, acc: 0.6991, f1: 0.6672
  Test loss: 1.3397, acc: 0.6962, f1: 0.6473
Epoch 457/500 (0.01s):
  Train loss: 1.1270, acc: 0.9128, f1: 0.8835
  Vali loss: 1.3401, acc: 0.6991, f1: 0.6672
  Test loss: 1.3397, acc: 0.6951, f1: 0.6463
Epoch 458/500 (0.01s):
  Train loss: 1.1277, acc: 0.9128, f1: 0.8830
  Vali loss: 1.3397, acc: 0.7002, f1: 0.6684
  Test loss: 1.3396, acc: 0.6995, f1: 0.6512
Epoch 459/500 (0.01s):
  Train loss: 1.1304, acc: 0.9128, f1: 0.8838
  Vali loss: 1.3394, acc: 0.7013, f1: 0.6694
  Test loss: 1.3396, acc: 0.6962, f1: 0.6473
Epoch 460/500 (0.01s):
  Train loss: 1.1277, acc: 0.9128, f1: 0.8822
  Vali loss: 1.3398, acc: 0.7013, f1: 0.6693
  Test loss: 1.3399, acc: 0.6973, f1: 0.6482
Epoch 461/500 (0.01s):
  Train loss: 1.1301, acc: 0.9128, f1: 0.8809
  Vali loss: 1.3407, acc: 0.7013, f1: 0.6699
  Test loss: 1.3404, acc: 0.6973, f1: 0.6485
Epoch 462/500 (0.01s):
  Train loss: 1.1273, acc: 0.9128, f1: 0.8830
  Vali loss: 1.3408, acc: 0.6980, f1: 0.6661
  Test loss: 1.3406, acc: 0.6973, f1: 0.6480
Epoch 463/500 (0.01s):
  Train loss: 1.1269, acc: 0.9128, f1: 0.8853
  Vali loss: 1.3400, acc: 0.6991, f1: 0.6672
  Test loss: 1.3400, acc: 0.6962, f1: 0.6473
Epoch 464/500 (0.01s):
  Train loss: 1.1299, acc: 0.9128, f1: 0.8840
  Vali loss: 1.3407, acc: 0.6980, f1: 0.6663
  Test loss: 1.3405, acc: 0.6962, f1: 0.6473
Epoch 465/500 (0.01s):
  Train loss: 1.1331, acc: 0.9128, f1: 0.8814
  Vali loss: 1.3402, acc: 0.7002, f1: 0.6680
  Test loss: 1.3402, acc: 0.6962, f1: 0.6472
Epoch 466/500 (0.01s):
  Train loss: 1.1326, acc: 0.9128, f1: 0.8831
  Vali loss: 1.3400, acc: 0.6991, f1: 0.6672
  Test loss: 1.3400, acc: 0.6940, f1: 0.6453
Epoch 467/500 (0.01s):
  Train loss: 1.1260, acc: 0.9128, f1: 0.8855
  Vali loss: 1.3401, acc: 0.7002, f1: 0.6680
  Test loss: 1.3402, acc: 0.6962, f1: 0.6472
Epoch 468/500 (0.01s):
  Train loss: 1.1241, acc: 0.9128, f1: 0.8789
  Vali loss: 1.3410, acc: 0.6991, f1: 0.6677
  Test loss: 1.3406, acc: 0.6962, f1: 0.6472
Epoch 469/500 (0.01s):
  Train loss: 1.1268, acc: 0.9128, f1: 0.8865
  Vali loss: 1.3406, acc: 0.7013, f1: 0.6692
  Test loss: 1.3403, acc: 0.6940, f1: 0.6453
Epoch 470/500 (0.01s):
  Train loss: 1.1382, acc: 0.9128, f1: 0.8862
  Vali loss: 1.3404, acc: 0.6991, f1: 0.6672
  Test loss: 1.3403, acc: 0.6962, f1: 0.6473
Epoch 471/500 (0.01s):
  Train loss: 1.1300, acc: 0.9128, f1: 0.8804
  Vali loss: 1.3406, acc: 0.6991, f1: 0.6672
  Test loss: 1.3404, acc: 0.6951, f1: 0.6462
Epoch 472/500 (0.01s):
  Train loss: 1.1301, acc: 0.9128, f1: 0.8870
  Vali loss: 1.3400, acc: 0.6991, f1: 0.6672
  Test loss: 1.3401, acc: 0.6962, f1: 0.6473
Epoch 473/500 (0.01s):
  Train loss: 1.1295, acc: 0.9128, f1: 0.8798
  Vali loss: 1.3408, acc: 0.6991, f1: 0.6672
  Test loss: 1.3405, acc: 0.6940, f1: 0.6452
Epoch 474/500 (0.01s):
  Train loss: 1.1324, acc: 0.9128, f1: 0.8824
  Vali loss: 1.3403, acc: 0.7002, f1: 0.6683
  Test loss: 1.3402, acc: 0.6951, f1: 0.6463
Epoch 475/500 (0.01s):
  Train loss: 1.1270, acc: 0.9128, f1: 0.8786
  Vali loss: 1.3410, acc: 0.6991, f1: 0.6672
  Test loss: 1.3403, acc: 0.6929, f1: 0.6431
Epoch 476/500 (0.01s):
  Train loss: 1.1269, acc: 0.9128, f1: 0.8853
  Vali loss: 1.3416, acc: 0.6991, f1: 0.6679
  Test loss: 1.3412, acc: 0.6962, f1: 0.6474
Epoch 477/500 (0.01s):
  Train loss: 1.1326, acc: 0.9128, f1: 0.8873
  Vali loss: 1.3407, acc: 0.7002, f1: 0.6684
  Test loss: 1.3403, acc: 0.6973, f1: 0.6480
Epoch 478/500 (0.01s):
  Train loss: 1.1322, acc: 0.9128, f1: 0.8814
  Vali loss: 1.3405, acc: 0.7002, f1: 0.6683
  Test loss: 1.3402, acc: 0.6951, f1: 0.6463
Epoch 479/500 (0.01s):
  Train loss: 1.1298, acc: 0.9128, f1: 0.8827
  Vali loss: 1.3410, acc: 0.6991, f1: 0.6672
  Test loss: 1.3403, acc: 0.6940, f1: 0.6441
Epoch 480/500 (0.01s):
  Train loss: 1.1294, acc: 0.9128, f1: 0.8828
  Vali loss: 1.3407, acc: 0.7002, f1: 0.6683
  Test loss: 1.3402, acc: 0.6951, f1: 0.6463
Epoch 481/500 (0.01s):
  Train loss: 1.1294, acc: 0.9128, f1: 0.8832
  Vali loss: 1.3408, acc: 0.7002, f1: 0.6682
  Test loss: 1.3402, acc: 0.6951, f1: 0.6450
Epoch 482/500 (0.01s):
  Train loss: 1.1295, acc: 0.9128, f1: 0.8822
  Vali loss: 1.3414, acc: 0.6991, f1: 0.6671
  Test loss: 1.3407, acc: 0.6940, f1: 0.6453
Epoch 483/500 (0.01s):
  Train loss: 1.1267, acc: 0.9128, f1: 0.8867
  Vali loss: 1.3411, acc: 0.7013, f1: 0.6693
  Test loss: 1.3407, acc: 0.6973, f1: 0.6470
Epoch 484/500 (0.01s):
  Train loss: 1.1239, acc: 0.9128, f1: 0.8891
  Vali loss: 1.3401, acc: 0.7002, f1: 0.6682
  Test loss: 1.3401, acc: 0.6951, f1: 0.6450
Epoch 485/500 (0.01s):
  Train loss: 1.1238, acc: 0.9128, f1: 0.8796
  Vali loss: 1.3418, acc: 0.6991, f1: 0.6671
  Test loss: 1.3410, acc: 0.6929, f1: 0.6429
Epoch 486/500 (0.01s):
  Train loss: 1.1297, acc: 0.9128, f1: 0.8855
  Vali loss: 1.3413, acc: 0.7002, f1: 0.6683
  Test loss: 1.3408, acc: 0.6940, f1: 0.6441
Epoch 487/500 (0.01s):
  Train loss: 1.1320, acc: 0.9128, f1: 0.8832
  Vali loss: 1.3414, acc: 0.7002, f1: 0.6682
  Test loss: 1.3410, acc: 0.6951, f1: 0.6450
Epoch 488/500 (0.01s):
  Train loss: 1.1265, acc: 0.9128, f1: 0.8845
  Vali loss: 1.3415, acc: 0.6980, f1: 0.6654
  Test loss: 1.3410, acc: 0.6940, f1: 0.6441
Epoch 489/500 (0.01s):
  Train loss: 1.1239, acc: 0.9128, f1: 0.8834
  Vali loss: 1.3421, acc: 0.6980, f1: 0.6654
  Test loss: 1.3413, acc: 0.6929, f1: 0.6430
Epoch 490/500 (0.01s):
  Train loss: 1.1268, acc: 0.9128, f1: 0.8833
  Vali loss: 1.3415, acc: 0.6991, f1: 0.6671
  Test loss: 1.3411, acc: 0.6951, f1: 0.6451
Epoch 491/500 (0.01s):
  Train loss: 1.1294, acc: 0.9128, f1: 0.8858
  Vali loss: 1.3420, acc: 0.7013, f1: 0.6689
  Test loss: 1.3414, acc: 0.6940, f1: 0.6440
Epoch 492/500 (0.01s):
  Train loss: 1.1267, acc: 0.9128, f1: 0.8797
  Vali loss: 1.3418, acc: 0.7002, f1: 0.6678
  Test loss: 1.3414, acc: 0.6962, f1: 0.6460
Epoch 493/500 (0.01s):
  Train loss: 1.1264, acc: 0.9128, f1: 0.8876
  Vali loss: 1.3418, acc: 0.7002, f1: 0.6675
  Test loss: 1.3412, acc: 0.6951, f1: 0.6450
Epoch 494/500 (0.01s):
  Train loss: 1.1310, acc: 0.9128, f1: 0.8828
  Vali loss: 1.3416, acc: 0.6991, f1: 0.6665
  Test loss: 1.3412, acc: 0.6951, f1: 0.6450
Epoch 495/500 (0.01s):
  Train loss: 1.1237, acc: 0.9128, f1: 0.8849
  Vali loss: 1.3421, acc: 0.6991, f1: 0.6665
  Test loss: 1.3415, acc: 0.6951, f1: 0.6449
Epoch 496/500 (0.01s):
  Train loss: 1.1271, acc: 0.9128, f1: 0.8807
  Vali loss: 1.3422, acc: 0.6980, f1: 0.6653
  Test loss: 1.3416, acc: 0.6907, f1: 0.6395
Epoch 497/500 (0.01s):
  Train loss: 1.1272, acc: 0.9128, f1: 0.8844
  Vali loss: 1.3431, acc: 0.6980, f1: 0.6652
  Test loss: 1.3422, acc: 0.6929, f1: 0.6428
Epoch 498/500 (0.01s):
  Train loss: 1.1266, acc: 0.9128, f1: 0.8868
  Vali loss: 1.3422, acc: 0.7024, f1: 0.6700
  Test loss: 1.3418, acc: 0.6929, f1: 0.6424
Epoch 499/500 (0.01s):
  Train loss: 1.1293, acc: 0.9128, f1: 0.8850
  Vali loss: 1.3430, acc: 0.7002, f1: 0.6674
  Test loss: 1.3420, acc: 0.6951, f1: 0.6450
Epoch 500/500 (0.01s):
  Train loss: 1.1321, acc: 0.9128, f1: 0.8841
  Vali loss: 1.3425, acc: 0.7002, f1: 0.6674
  Test loss: 1.3419, acc: 0.6951, f1: 0.6450
The Total Epoch have been reached.
Loss:  1.151/1.338/1.344
Best Accuracy: 0.894/0.714/0.693
F1: 0.862/0.686/0.645
