cuda:0 (2 GPUs)
Epoch 1/500 (0.15s):
  Train loss: 1.6616, acc: 0.4056, f1: 0.2404
  Vali loss: 1.6850, acc: 0.3687, f1: 0.2275
  Test loss: 1.6644, acc: 0.4011, f1: 0.2363
Epoch 2/500 (0.04s):
  Train loss: 1.5927, acc: 0.4819, f1: 0.2955
  Vali loss: 1.6279, acc: 0.4125, f1: 0.2606
  Test loss: 1.6005, acc: 0.4699, f1: 0.2882
Epoch 3/500 (0.04s):
  Train loss: 1.5611, acc: 0.5106, f1: 0.3169
  Vali loss: 1.6041, acc: 0.4420, f1: 0.2839
  Test loss: 1.5749, acc: 0.4798, f1: 0.2969
Epoch 4/500 (0.04s):
  Train loss: 1.5379, acc: 0.5187, f1: 0.3268
  Vali loss: 1.5860, acc: 0.4694, f1: 0.3040
  Test loss: 1.5581, acc: 0.4929, f1: 0.3071
Epoch 5/500 (0.04s):
  Train loss: 1.5113, acc: 0.5549, f1: 0.3890
  Vali loss: 1.5638, acc: 0.4847, f1: 0.3414
  Test loss: 1.5403, acc: 0.5082, f1: 0.3475
Epoch 6/500 (0.04s):
  Train loss: 1.4836, acc: 0.5740, f1: 0.4294
  Vali loss: 1.5399, acc: 0.5055, f1: 0.3799
  Test loss: 1.5210, acc: 0.5257, f1: 0.3887
Epoch 7/500 (0.04s):
  Train loss: 1.4570, acc: 0.6237, f1: 0.5150
  Vali loss: 1.5163, acc: 0.5591, f1: 0.4687
  Test loss: 1.5021, acc: 0.5563, f1: 0.4532
Epoch 8/500 (0.04s):
  Train loss: 1.4318, acc: 0.6755, f1: 0.5728
  Vali loss: 1.4950, acc: 0.6138, f1: 0.5349
  Test loss: 1.4846, acc: 0.6087, f1: 0.5136
Epoch 9/500 (0.04s):
  Train loss: 1.4092, acc: 0.7062, f1: 0.6021
  Vali loss: 1.4749, acc: 0.6444, f1: 0.5637
  Test loss: 1.4688, acc: 0.6295, f1: 0.5344
Epoch 10/500 (0.04s):
  Train loss: 1.3890, acc: 0.7423, f1: 0.6344
  Vali loss: 1.4553, acc: 0.6740, f1: 0.5922
  Test loss: 1.4538, acc: 0.6525, f1: 0.5550
Epoch 11/500 (0.04s):
  Train loss: 1.3723, acc: 0.7505, f1: 0.6429
  Vali loss: 1.4411, acc: 0.6838, f1: 0.6024
  Test loss: 1.4416, acc: 0.6579, f1: 0.5583
Epoch 12/500 (0.04s):
  Train loss: 1.3544, acc: 0.7553, f1: 0.6502
  Vali loss: 1.4237, acc: 0.6838, f1: 0.6044
  Test loss: 1.4260, acc: 0.6721, f1: 0.5752
Epoch 13/500 (0.04s):
  Train loss: 1.3353, acc: 0.7751, f1: 0.7131
  Vali loss: 1.4037, acc: 0.7046, f1: 0.6595
  Test loss: 1.4084, acc: 0.6852, f1: 0.6130
Epoch 14/500 (0.04s):
  Train loss: 1.3184, acc: 0.7880, f1: 0.7269
  Vali loss: 1.3916, acc: 0.7090, f1: 0.6614
  Test loss: 1.3964, acc: 0.6852, f1: 0.6123
Epoch 15/500 (0.04s):
  Train loss: 1.3039, acc: 0.8037, f1: 0.7548
  Vali loss: 1.3778, acc: 0.7232, f1: 0.6786
  Test loss: 1.3839, acc: 0.6995, f1: 0.6346
Epoch 16/500 (0.04s):
  Train loss: 1.2926, acc: 0.8064, f1: 0.7619
  Vali loss: 1.3667, acc: 0.7319, f1: 0.6941
  Test loss: 1.3732, acc: 0.7104, f1: 0.6530
Epoch 17/500 (0.04s):
  Train loss: 1.2816, acc: 0.8132, f1: 0.7674
  Vali loss: 1.3593, acc: 0.7276, f1: 0.6856
  Test loss: 1.3656, acc: 0.7115, f1: 0.6510
Epoch 18/500 (0.04s):
  Train loss: 1.2728, acc: 0.8234, f1: 0.7782
  Vali loss: 1.3497, acc: 0.7396, f1: 0.7011
  Test loss: 1.3574, acc: 0.7169, f1: 0.6566
Epoch 19/500 (0.04s):
  Train loss: 1.2650, acc: 0.8241, f1: 0.7812
  Vali loss: 1.3430, acc: 0.7363, f1: 0.6992
  Test loss: 1.3504, acc: 0.7202, f1: 0.6609
Epoch 20/500 (0.04s):
  Train loss: 1.2580, acc: 0.8296, f1: 0.7870
  Vali loss: 1.3364, acc: 0.7473, f1: 0.7055
  Test loss: 1.3435, acc: 0.7268, f1: 0.6671
Epoch 21/500 (0.04s):
  Train loss: 1.2520, acc: 0.8344, f1: 0.7943
  Vali loss: 1.3311, acc: 0.7451, f1: 0.7083
  Test loss: 1.3375, acc: 0.7301, f1: 0.6716
Epoch 22/500 (0.04s):
  Train loss: 1.2455, acc: 0.8378, f1: 0.7972
  Vali loss: 1.3228, acc: 0.7582, f1: 0.7219
  Test loss: 1.3297, acc: 0.7388, f1: 0.6820
Epoch 23/500 (0.04s):
  Train loss: 1.2403, acc: 0.8378, f1: 0.7977
  Vali loss: 1.3193, acc: 0.7560, f1: 0.7183
  Test loss: 1.3258, acc: 0.7377, f1: 0.6832
Epoch 24/500 (0.04s):
  Train loss: 1.2358, acc: 0.8398, f1: 0.8005
  Vali loss: 1.3131, acc: 0.7549, f1: 0.7182
  Test loss: 1.3200, acc: 0.7421, f1: 0.6864
Epoch 25/500 (0.04s):
  Train loss: 1.2322, acc: 0.8378, f1: 0.7977
  Vali loss: 1.3095, acc: 0.7560, f1: 0.7194
  Test loss: 1.3168, acc: 0.7421, f1: 0.6888
Epoch 26/500 (0.04s):
  Train loss: 1.2269, acc: 0.8446, f1: 0.8072
  Vali loss: 1.3017, acc: 0.7670, f1: 0.7339
  Test loss: 1.3094, acc: 0.7585, f1: 0.7096
Epoch 27/500 (0.04s):
  Train loss: 1.2238, acc: 0.8473, f1: 0.8096
  Vali loss: 1.2976, acc: 0.7691, f1: 0.7372
  Test loss: 1.3049, acc: 0.7617, f1: 0.7132
Epoch 28/500 (0.04s):
  Train loss: 1.2206, acc: 0.8466, f1: 0.8101
  Vali loss: 1.2957, acc: 0.7724, f1: 0.7399
  Test loss: 1.3019, acc: 0.7661, f1: 0.7165
Epoch 29/500 (0.04s):
  Train loss: 1.2177, acc: 0.8500, f1: 0.8141
  Vali loss: 1.2916, acc: 0.7724, f1: 0.7394
  Test loss: 1.2990, acc: 0.7672, f1: 0.7183
Epoch 30/500 (0.04s):
  Train loss: 1.2144, acc: 0.8555, f1: 0.8198
  Vali loss: 1.2881, acc: 0.7746, f1: 0.7434
  Test loss: 1.2952, acc: 0.7716, f1: 0.7236
Epoch 31/500 (0.04s):
  Train loss: 1.2119, acc: 0.8555, f1: 0.8195
  Vali loss: 1.2861, acc: 0.7746, f1: 0.7433
  Test loss: 1.2926, acc: 0.7760, f1: 0.7277
Epoch 32/500 (0.04s):
  Train loss: 1.2098, acc: 0.8569, f1: 0.8208
  Vali loss: 1.2829, acc: 0.7834, f1: 0.7527
  Test loss: 1.2903, acc: 0.7749, f1: 0.7274
Epoch 33/500 (0.04s):
  Train loss: 1.2074, acc: 0.8569, f1: 0.8225
  Vali loss: 1.2818, acc: 0.7801, f1: 0.7481
  Test loss: 1.2889, acc: 0.7738, f1: 0.7258
Epoch 34/500 (0.04s):
  Train loss: 1.2052, acc: 0.8609, f1: 0.8260
  Vali loss: 1.2774, acc: 0.7801, f1: 0.7499
  Test loss: 1.2851, acc: 0.7749, f1: 0.7267
Epoch 35/500 (0.04s):
  Train loss: 1.2033, acc: 0.8596, f1: 0.8263
  Vali loss: 1.2766, acc: 0.7834, f1: 0.7524
  Test loss: 1.2845, acc: 0.7716, f1: 0.7239
Epoch 36/500 (0.04s):
  Train loss: 1.2009, acc: 0.8609, f1: 0.8275
  Vali loss: 1.2757, acc: 0.7845, f1: 0.7510
  Test loss: 1.2832, acc: 0.7738, f1: 0.7243
Epoch 37/500 (0.04s):
  Train loss: 1.1986, acc: 0.8650, f1: 0.8319
  Vali loss: 1.2731, acc: 0.7856, f1: 0.7539
  Test loss: 1.2812, acc: 0.7760, f1: 0.7293
Epoch 38/500 (0.04s):
  Train loss: 1.1972, acc: 0.8657, f1: 0.8325
  Vali loss: 1.2727, acc: 0.7845, f1: 0.7524
  Test loss: 1.2799, acc: 0.7792, f1: 0.7299
Epoch 39/500 (0.04s):
  Train loss: 1.1951, acc: 0.8650, f1: 0.8315
  Vali loss: 1.2703, acc: 0.7888, f1: 0.7562
  Test loss: 1.2784, acc: 0.7727, f1: 0.7245
Epoch 40/500 (0.04s):
  Train loss: 1.1938, acc: 0.8664, f1: 0.8324
  Vali loss: 1.2672, acc: 0.7954, f1: 0.7632
  Test loss: 1.2756, acc: 0.7869, f1: 0.7397
Epoch 41/500 (0.04s):
  Train loss: 1.1924, acc: 0.8691, f1: 0.8361
  Vali loss: 1.2665, acc: 0.7888, f1: 0.7583
  Test loss: 1.2746, acc: 0.7825, f1: 0.7338
Epoch 42/500 (0.04s):
  Train loss: 1.1914, acc: 0.8671, f1: 0.8337
  Vali loss: 1.2654, acc: 0.7888, f1: 0.7573
  Test loss: 1.2741, acc: 0.7803, f1: 0.7329
Epoch 43/500 (0.04s):
  Train loss: 1.1902, acc: 0.8671, f1: 0.8334
  Vali loss: 1.2642, acc: 0.7877, f1: 0.7564
  Test loss: 1.2730, acc: 0.7803, f1: 0.7330
Epoch 44/500 (0.04s):
  Train loss: 1.1884, acc: 0.8691, f1: 0.8354
  Vali loss: 1.2623, acc: 0.7910, f1: 0.7594
  Test loss: 1.2706, acc: 0.7880, f1: 0.7405
Epoch 45/500 (0.04s):
  Train loss: 1.1874, acc: 0.8698, f1: 0.8359
  Vali loss: 1.2598, acc: 0.7965, f1: 0.7655
  Test loss: 1.2687, acc: 0.7902, f1: 0.7422
Epoch 46/500 (0.04s):
  Train loss: 1.1857, acc: 0.8691, f1: 0.8359
  Vali loss: 1.2594, acc: 0.7910, f1: 0.7586
  Test loss: 1.2683, acc: 0.7836, f1: 0.7356
Epoch 47/500 (0.04s):
  Train loss: 1.1846, acc: 0.8718, f1: 0.8388
  Vali loss: 1.2573, acc: 0.7998, f1: 0.7693
  Test loss: 1.2658, acc: 0.7923, f1: 0.7450
Epoch 48/500 (0.04s):
  Train loss: 1.1830, acc: 0.8739, f1: 0.8416
  Vali loss: 1.2558, acc: 0.7987, f1: 0.7680
  Test loss: 1.2651, acc: 0.7858, f1: 0.7371
Epoch 49/500 (0.04s):
  Train loss: 1.1820, acc: 0.8753, f1: 0.8434
  Vali loss: 1.2536, acc: 0.8020, f1: 0.7715
  Test loss: 1.2634, acc: 0.7902, f1: 0.7429
Epoch 50/500 (0.04s):
  Train loss: 1.1808, acc: 0.8753, f1: 0.8439
  Vali loss: 1.2536, acc: 0.8009, f1: 0.7712
  Test loss: 1.2627, acc: 0.7934, f1: 0.7461
Epoch 51/500 (0.04s):
  Train loss: 1.1798, acc: 0.8718, f1: 0.8404
  Vali loss: 1.2522, acc: 0.8063, f1: 0.7763
  Test loss: 1.2634, acc: 0.7814, f1: 0.7340
Epoch 52/500 (0.04s):
  Train loss: 1.1789, acc: 0.8766, f1: 0.8456
  Vali loss: 1.2508, acc: 0.8020, f1: 0.7726
  Test loss: 1.2613, acc: 0.7880, f1: 0.7397
Epoch 53/500 (0.04s):
  Train loss: 1.1780, acc: 0.8753, f1: 0.8440
  Vali loss: 1.2497, acc: 0.8042, f1: 0.7748
  Test loss: 1.2610, acc: 0.7858, f1: 0.7383
Epoch 54/500 (0.04s):
  Train loss: 1.1768, acc: 0.8780, f1: 0.8476
  Vali loss: 1.2478, acc: 0.8053, f1: 0.7762
  Test loss: 1.2596, acc: 0.7891, f1: 0.7412
Epoch 55/500 (0.04s):
  Train loss: 1.1768, acc: 0.8759, f1: 0.8457
  Vali loss: 1.2503, acc: 0.8074, f1: 0.7778
  Test loss: 1.2609, acc: 0.7880, f1: 0.7417
Epoch 56/500 (0.04s):
  Train loss: 1.1750, acc: 0.8787, f1: 0.8475
  Vali loss: 1.2446, acc: 0.8140, f1: 0.7853
  Test loss: 1.2573, acc: 0.7923, f1: 0.7480
Epoch 57/500 (0.04s):
  Train loss: 1.1744, acc: 0.8780, f1: 0.8478
  Vali loss: 1.2459, acc: 0.8107, f1: 0.7813
  Test loss: 1.2576, acc: 0.7913, f1: 0.7468
Epoch 58/500 (0.04s):
  Train loss: 1.1740, acc: 0.8773, f1: 0.8455
  Vali loss: 1.2441, acc: 0.8085, f1: 0.7796
  Test loss: 1.2572, acc: 0.7902, f1: 0.7451
Epoch 59/500 (0.04s):
  Train loss: 1.1737, acc: 0.8793, f1: 0.8481
  Vali loss: 1.2432, acc: 0.8151, f1: 0.7876
  Test loss: 1.2563, acc: 0.7913, f1: 0.7476
Epoch 60/500 (0.04s):
  Train loss: 1.1730, acc: 0.8800, f1: 0.8489
  Vali loss: 1.2422, acc: 0.8129, f1: 0.7839
  Test loss: 1.2550, acc: 0.8000, f1: 0.7571
Epoch 61/500 (0.04s):
  Train loss: 1.1721, acc: 0.8787, f1: 0.8476
  Vali loss: 1.2423, acc: 0.8118, f1: 0.7825
  Test loss: 1.2550, acc: 0.7913, f1: 0.7457
Epoch 62/500 (0.04s):
  Train loss: 1.1715, acc: 0.8787, f1: 0.8472
  Vali loss: 1.2421, acc: 0.8074, f1: 0.7784
  Test loss: 1.2550, acc: 0.7902, f1: 0.7456
Epoch 63/500 (0.04s):
  Train loss: 1.1712, acc: 0.8787, f1: 0.8473
  Vali loss: 1.2413, acc: 0.8096, f1: 0.7803
  Test loss: 1.2543, acc: 0.7891, f1: 0.7439
Epoch 64/500 (0.04s):
  Train loss: 1.1706, acc: 0.8800, f1: 0.8497
  Vali loss: 1.2409, acc: 0.8140, f1: 0.7856
  Test loss: 1.2523, acc: 0.8011, f1: 0.7593
Epoch 65/500 (0.04s):
  Train loss: 1.1703, acc: 0.8793, f1: 0.8485
  Vali loss: 1.2405, acc: 0.8063, f1: 0.7768
  Test loss: 1.2535, acc: 0.7869, f1: 0.7409
Epoch 66/500 (0.04s):
  Train loss: 1.1697, acc: 0.8800, f1: 0.8489
  Vali loss: 1.2395, acc: 0.8096, f1: 0.7802
  Test loss: 1.2525, acc: 0.7913, f1: 0.7468
Epoch 67/500 (0.04s):
  Train loss: 1.1690, acc: 0.8787, f1: 0.8481
  Vali loss: 1.2387, acc: 0.8107, f1: 0.7821
  Test loss: 1.2519, acc: 0.7978, f1: 0.7568
Epoch 68/500 (0.04s):
  Train loss: 1.1689, acc: 0.8814, f1: 0.8518
  Vali loss: 1.2382, acc: 0.8195, f1: 0.7905
  Test loss: 1.2498, acc: 0.8022, f1: 0.7607
Epoch 69/500 (0.04s):
  Train loss: 1.1680, acc: 0.8814, f1: 0.8500
  Vali loss: 1.2372, acc: 0.8195, f1: 0.7903
  Test loss: 1.2499, acc: 0.8022, f1: 0.7603
Epoch 70/500 (0.04s):
  Train loss: 1.1672, acc: 0.8814, f1: 0.8508
  Vali loss: 1.2369, acc: 0.8206, f1: 0.7910
  Test loss: 1.2491, acc: 0.8000, f1: 0.7575
Epoch 71/500 (0.04s):
  Train loss: 1.1667, acc: 0.8821, f1: 0.8524
  Vali loss: 1.2366, acc: 0.8195, f1: 0.7905
  Test loss: 1.2484, acc: 0.7989, f1: 0.7587
Epoch 72/500 (0.04s):
  Train loss: 1.1663, acc: 0.8834, f1: 0.8538
  Vali loss: 1.2361, acc: 0.8184, f1: 0.7893
  Test loss: 1.2474, acc: 0.7989, f1: 0.7591
Epoch 73/500 (0.04s):
  Train loss: 1.1656, acc: 0.8841, f1: 0.8561
  Vali loss: 1.2372, acc: 0.8195, f1: 0.7911
  Test loss: 1.2466, acc: 0.8055, f1: 0.7631
Epoch 74/500 (0.04s):
  Train loss: 1.1648, acc: 0.8848, f1: 0.8561
  Vali loss: 1.2360, acc: 0.8195, f1: 0.7899
  Test loss: 1.2463, acc: 0.8022, f1: 0.7592
Epoch 75/500 (0.04s):
  Train loss: 1.1645, acc: 0.8848, f1: 0.8553
  Vali loss: 1.2359, acc: 0.8195, f1: 0.7901
  Test loss: 1.2463, acc: 0.8022, f1: 0.7592
Epoch 76/500 (0.04s):
  Train loss: 1.1640, acc: 0.8868, f1: 0.8587
  Vali loss: 1.2342, acc: 0.8206, f1: 0.7913
  Test loss: 1.2447, acc: 0.8044, f1: 0.7619
Epoch 77/500 (0.04s):
  Train loss: 1.1639, acc: 0.8868, f1: 0.8580
  Vali loss: 1.2342, acc: 0.8184, f1: 0.7890
  Test loss: 1.2446, acc: 0.8022, f1: 0.7602
Epoch 78/500 (0.04s):
  Train loss: 1.1630, acc: 0.8855, f1: 0.8576
  Vali loss: 1.2338, acc: 0.8206, f1: 0.7915
  Test loss: 1.2440, acc: 0.8055, f1: 0.7632
Epoch 79/500 (0.04s):
  Train loss: 1.1627, acc: 0.8875, f1: 0.8590
  Vali loss: 1.2334, acc: 0.8206, f1: 0.7912
  Test loss: 1.2444, acc: 0.8044, f1: 0.7615
Epoch 80/500 (0.04s):
  Train loss: 1.1624, acc: 0.8868, f1: 0.8584
  Vali loss: 1.2325, acc: 0.8195, f1: 0.7904
  Test loss: 1.2440, acc: 0.8022, f1: 0.7599
Epoch 81/500 (0.04s):
  Train loss: 1.1622, acc: 0.8862, f1: 0.8575
  Vali loss: 1.2327, acc: 0.8184, f1: 0.7883
  Test loss: 1.2439, acc: 0.8011, f1: 0.7589
Epoch 82/500 (0.04s):
  Train loss: 1.1622, acc: 0.8882, f1: 0.8596
  Vali loss: 1.2322, acc: 0.8151, f1: 0.7854
  Test loss: 1.2434, acc: 0.8033, f1: 0.7607
Epoch 83/500 (0.04s):
  Train loss: 1.1614, acc: 0.8868, f1: 0.8593
  Vali loss: 1.2314, acc: 0.8206, f1: 0.7914
  Test loss: 1.2424, acc: 0.8098, f1: 0.7702
Epoch 84/500 (0.04s):
  Train loss: 1.1609, acc: 0.8882, f1: 0.8595
  Vali loss: 1.2312, acc: 0.8184, f1: 0.7885
  Test loss: 1.2426, acc: 0.8055, f1: 0.7631
Epoch 85/500 (0.04s):
  Train loss: 1.1609, acc: 0.8862, f1: 0.8584
  Vali loss: 1.2316, acc: 0.8173, f1: 0.7877
  Test loss: 1.2435, acc: 0.8011, f1: 0.7597
Epoch 86/500 (0.04s):
  Train loss: 1.1602, acc: 0.8882, f1: 0.8603
  Vali loss: 1.2305, acc: 0.8217, f1: 0.7918
  Test loss: 1.2420, acc: 0.8055, f1: 0.7634
Epoch 87/500 (0.04s):
  Train loss: 1.1601, acc: 0.8882, f1: 0.8597
  Vali loss: 1.2303, acc: 0.8206, f1: 0.7908
  Test loss: 1.2418, acc: 0.8044, f1: 0.7620
Epoch 88/500 (0.04s):
  Train loss: 1.1597, acc: 0.8882, f1: 0.8601
  Vali loss: 1.2312, acc: 0.8206, f1: 0.7908
  Test loss: 1.2428, acc: 0.8055, f1: 0.7642
Epoch 89/500 (0.04s):
  Train loss: 1.1595, acc: 0.8868, f1: 0.8590
  Vali loss: 1.2300, acc: 0.8173, f1: 0.7882
  Test loss: 1.2413, acc: 0.8087, f1: 0.7693
Epoch 90/500 (0.04s):
  Train loss: 1.1603, acc: 0.8862, f1: 0.8588
  Vali loss: 1.2312, acc: 0.8184, f1: 0.7897
  Test loss: 1.2414, acc: 0.8077, f1: 0.7686
Epoch 91/500 (0.04s):
  Train loss: 1.1592, acc: 0.8896, f1: 0.8609
  Vali loss: 1.2298, acc: 0.8195, f1: 0.7899
  Test loss: 1.2413, acc: 0.8055, f1: 0.7631
Epoch 92/500 (0.04s):
  Train loss: 1.1588, acc: 0.8868, f1: 0.8595
  Vali loss: 1.2297, acc: 0.8206, f1: 0.7912
  Test loss: 1.2414, acc: 0.8109, f1: 0.7717
Epoch 93/500 (0.04s):
  Train loss: 1.1584, acc: 0.8882, f1: 0.8593
  Vali loss: 1.2287, acc: 0.8217, f1: 0.7926
  Test loss: 1.2409, acc: 0.8055, f1: 0.7636
Epoch 94/500 (0.04s):
  Train loss: 1.1583, acc: 0.8882, f1: 0.8594
  Vali loss: 1.2293, acc: 0.8195, f1: 0.7903
  Test loss: 1.2418, acc: 0.8066, f1: 0.7660
Epoch 95/500 (0.04s):
  Train loss: 1.1584, acc: 0.8868, f1: 0.8588
  Vali loss: 1.2292, acc: 0.8228, f1: 0.7936
  Test loss: 1.2407, acc: 0.8109, f1: 0.7715
Epoch 96/500 (0.04s):
  Train loss: 1.1584, acc: 0.8868, f1: 0.8579
  Vali loss: 1.2281, acc: 0.8206, f1: 0.7920
  Test loss: 1.2402, acc: 0.8098, f1: 0.7695
Epoch 97/500 (0.04s):
  Train loss: 1.1576, acc: 0.8896, f1: 0.8622
  Vali loss: 1.2284, acc: 0.8217, f1: 0.7923
  Test loss: 1.2416, acc: 0.8033, f1: 0.7605
Epoch 98/500 (0.04s):
  Train loss: 1.1570, acc: 0.8903, f1: 0.8610
  Vali loss: 1.2273, acc: 0.8217, f1: 0.7928
  Test loss: 1.2404, acc: 0.8077, f1: 0.7669
Epoch 99/500 (0.04s):
  Train loss: 1.1572, acc: 0.8889, f1: 0.8612
  Vali loss: 1.2285, acc: 0.8228, f1: 0.7941
  Test loss: 1.2403, acc: 0.8055, f1: 0.7638
Epoch 100/500 (0.04s):
  Train loss: 1.1569, acc: 0.8889, f1: 0.8605
  Vali loss: 1.2278, acc: 0.8239, f1: 0.7950
  Test loss: 1.2397, acc: 0.8077, f1: 0.7675
Epoch 101/500 (0.04s):
  Train loss: 1.1563, acc: 0.8903, f1: 0.8614
  Vali loss: 1.2270, acc: 0.8195, f1: 0.7909
  Test loss: 1.2396, acc: 0.8087, f1: 0.7680
Epoch 102/500 (0.04s):
  Train loss: 1.1554, acc: 0.8909, f1: 0.8620
  Vali loss: 1.2269, acc: 0.8217, f1: 0.7924
  Test loss: 1.2397, acc: 0.8066, f1: 0.7655
Epoch 103/500 (0.04s):
  Train loss: 1.1563, acc: 0.8889, f1: 0.8614
  Vali loss: 1.2275, acc: 0.8195, f1: 0.7905
  Test loss: 1.2395, acc: 0.8066, f1: 0.7654
Epoch 104/500 (0.04s):
  Train loss: 1.1563, acc: 0.8875, f1: 0.8587
  Vali loss: 1.2267, acc: 0.8228, f1: 0.7940
  Test loss: 1.2395, acc: 0.8011, f1: 0.7604
Epoch 105/500 (0.04s):
  Train loss: 1.1551, acc: 0.8916, f1: 0.8648
  Vali loss: 1.2255, acc: 0.8228, f1: 0.7941
  Test loss: 1.2382, acc: 0.8087, f1: 0.7677
Epoch 106/500 (0.04s):
  Train loss: 1.1547, acc: 0.8916, f1: 0.8641
  Vali loss: 1.2261, acc: 0.8206, f1: 0.7919
  Test loss: 1.2392, acc: 0.8077, f1: 0.7663
Epoch 107/500 (0.04s):
  Train loss: 1.1544, acc: 0.8916, f1: 0.8631
  Vali loss: 1.2254, acc: 0.8239, f1: 0.7950
  Test loss: 1.2379, acc: 0.8087, f1: 0.7679
Epoch 108/500 (0.04s):
  Train loss: 1.1544, acc: 0.8916, f1: 0.8640
  Vali loss: 1.2260, acc: 0.8184, f1: 0.7896
  Test loss: 1.2388, acc: 0.8066, f1: 0.7648
Epoch 109/500 (0.04s):
  Train loss: 1.1542, acc: 0.8896, f1: 0.8606
  Vali loss: 1.2253, acc: 0.8239, f1: 0.7953
  Test loss: 1.2379, acc: 0.8055, f1: 0.7655
Epoch 110/500 (0.04s):
  Train loss: 1.1538, acc: 0.8909, f1: 0.8634
  Vali loss: 1.2250, acc: 0.8217, f1: 0.7939
  Test loss: 1.2371, acc: 0.8087, f1: 0.7675
Epoch 111/500 (0.04s):
  Train loss: 1.1544, acc: 0.8916, f1: 0.8638
  Vali loss: 1.2251, acc: 0.8228, f1: 0.7936
  Test loss: 1.2382, acc: 0.8087, f1: 0.7677
Epoch 112/500 (0.04s):
  Train loss: 1.1537, acc: 0.8923, f1: 0.8651
  Vali loss: 1.2249, acc: 0.8228, f1: 0.7943
  Test loss: 1.2378, acc: 0.8087, f1: 0.7675
Epoch 113/500 (0.04s):
  Train loss: 1.1537, acc: 0.8916, f1: 0.8629
  Vali loss: 1.2244, acc: 0.8249, f1: 0.7990
  Test loss: 1.2364, acc: 0.8098, f1: 0.7695
Epoch 114/500 (0.04s):
  Train loss: 1.1533, acc: 0.8916, f1: 0.8646
  Vali loss: 1.2249, acc: 0.8249, f1: 0.7965
  Test loss: 1.2378, acc: 0.8098, f1: 0.7688
Epoch 115/500 (0.04s):
  Train loss: 1.1532, acc: 0.8916, f1: 0.8643
  Vali loss: 1.2243, acc: 0.8239, f1: 0.7961
  Test loss: 1.2366, acc: 0.8087, f1: 0.7672
Epoch 116/500 (0.04s):
  Train loss: 1.1537, acc: 0.8923, f1: 0.8650
  Vali loss: 1.2246, acc: 0.8206, f1: 0.7927
  Test loss: 1.2368, acc: 0.8087, f1: 0.7676
Epoch 117/500 (0.04s):
  Train loss: 1.1528, acc: 0.8930, f1: 0.8652
  Vali loss: 1.2242, acc: 0.8249, f1: 0.7972
  Test loss: 1.2369, acc: 0.8087, f1: 0.7679
Epoch 118/500 (0.04s):
  Train loss: 1.1539, acc: 0.8909, f1: 0.8647
  Vali loss: 1.2248, acc: 0.8206, f1: 0.7936
  Test loss: 1.2369, acc: 0.8066, f1: 0.7656
Epoch 119/500 (0.04s):
  Train loss: 1.1525, acc: 0.8930, f1: 0.8649
  Vali loss: 1.2234, acc: 0.8249, f1: 0.7975
  Test loss: 1.2364, acc: 0.8098, f1: 0.7693
Epoch 120/500 (0.04s):
  Train loss: 1.1524, acc: 0.8930, f1: 0.8661
  Vali loss: 1.2237, acc: 0.8228, f1: 0.7957
  Test loss: 1.2367, acc: 0.8087, f1: 0.7679
Epoch 121/500 (0.04s):
  Train loss: 1.1523, acc: 0.8930, f1: 0.8654
  Vali loss: 1.2239, acc: 0.8228, f1: 0.7954
  Test loss: 1.2368, acc: 0.8087, f1: 0.7681
Epoch 122/500 (0.04s):
  Train loss: 1.1527, acc: 0.8909, f1: 0.8616
  Vali loss: 1.2234, acc: 0.8228, f1: 0.7956
  Test loss: 1.2375, acc: 0.8033, f1: 0.7631
Epoch 123/500 (0.04s):
  Train loss: 1.1529, acc: 0.8903, f1: 0.8624
  Vali loss: 1.2231, acc: 0.8249, f1: 0.7974
  Test loss: 1.2373, acc: 0.8055, f1: 0.7649
Epoch 124/500 (0.04s):
  Train loss: 1.1519, acc: 0.8923, f1: 0.8652
  Vali loss: 1.2229, acc: 0.8249, f1: 0.7976
  Test loss: 1.2364, acc: 0.8087, f1: 0.7679
Epoch 125/500 (0.04s):
  Train loss: 1.1520, acc: 0.8923, f1: 0.8647
  Vali loss: 1.2230, acc: 0.8271, f1: 0.8015
  Test loss: 1.2357, acc: 0.8109, f1: 0.7709
Epoch 126/500 (0.04s):
  Train loss: 1.1515, acc: 0.8923, f1: 0.8646
  Vali loss: 1.2226, acc: 0.8239, f1: 0.7968
  Test loss: 1.2363, acc: 0.8087, f1: 0.7675
Epoch 127/500 (0.04s):
  Train loss: 1.1514, acc: 0.8930, f1: 0.8652
  Vali loss: 1.2229, acc: 0.8239, f1: 0.7966
  Test loss: 1.2365, acc: 0.8066, f1: 0.7657
Epoch 128/500 (0.04s):
  Train loss: 1.1516, acc: 0.8923, f1: 0.8635
  Vali loss: 1.2229, acc: 0.8260, f1: 0.7990
  Test loss: 1.2371, acc: 0.8055, f1: 0.7649
Epoch 129/500 (0.04s):
  Train loss: 1.1513, acc: 0.8937, f1: 0.8664
  Vali loss: 1.2225, acc: 0.8249, f1: 0.7983
  Test loss: 1.2359, acc: 0.8087, f1: 0.7685
Epoch 130/500 (0.04s):
  Train loss: 1.1509, acc: 0.8937, f1: 0.8673
  Vali loss: 1.2224, acc: 0.8249, f1: 0.7988
  Test loss: 1.2364, acc: 0.8077, f1: 0.7668
Epoch 131/500 (0.04s):
  Train loss: 1.1513, acc: 0.8930, f1: 0.8657
  Vali loss: 1.2224, acc: 0.8249, f1: 0.7987
  Test loss: 1.2362, acc: 0.8077, f1: 0.7666
Epoch 132/500 (0.04s):
  Train loss: 1.1515, acc: 0.8909, f1: 0.8645
  Vali loss: 1.2228, acc: 0.8239, f1: 0.7961
  Test loss: 1.2375, acc: 0.8055, f1: 0.7648
Epoch 133/500 (0.04s):
  Train loss: 1.1508, acc: 0.8930, f1: 0.8644
  Vali loss: 1.2227, acc: 0.8260, f1: 0.7990
  Test loss: 1.2373, acc: 0.8055, f1: 0.7648
Epoch 134/500 (0.04s):
  Train loss: 1.1529, acc: 0.8903, f1: 0.8647
  Vali loss: 1.2242, acc: 0.8228, f1: 0.7968
  Test loss: 1.2371, acc: 0.8098, f1: 0.7698
Epoch 135/500 (0.04s):
  Train loss: 1.1507, acc: 0.8930, f1: 0.8639
  Vali loss: 1.2228, acc: 0.8228, f1: 0.7947
  Test loss: 1.2367, acc: 0.8087, f1: 0.7676
Epoch 136/500 (0.04s):
  Train loss: 1.1507, acc: 0.8930, f1: 0.8646
  Vali loss: 1.2224, acc: 0.8228, f1: 0.7951
  Test loss: 1.2373, acc: 0.8087, f1: 0.7677
Epoch 137/500 (0.04s):
  Train loss: 1.1509, acc: 0.8923, f1: 0.8649
  Vali loss: 1.2223, acc: 0.8217, f1: 0.7938
  Test loss: 1.2367, acc: 0.8055, f1: 0.7639
Epoch 138/500 (0.04s):
  Train loss: 1.1514, acc: 0.8930, f1: 0.8661
  Vali loss: 1.2227, acc: 0.8260, f1: 0.8000
  Test loss: 1.2362, acc: 0.8087, f1: 0.7680
Epoch 139/500 (0.04s):
  Train loss: 1.1497, acc: 0.8937, f1: 0.8664
  Vali loss: 1.2226, acc: 0.8228, f1: 0.7954
  Test loss: 1.2367, acc: 0.8077, f1: 0.7666
Epoch 140/500 (0.04s):
  Train loss: 1.1502, acc: 0.8937, f1: 0.8662
  Vali loss: 1.2225, acc: 0.8239, f1: 0.7957
  Test loss: 1.2373, acc: 0.8055, f1: 0.7640
Epoch 141/500 (0.04s):
  Train loss: 1.1501, acc: 0.8937, f1: 0.8666
  Vali loss: 1.2214, acc: 0.8271, f1: 0.8012
  Test loss: 1.2357, acc: 0.8066, f1: 0.7659
Epoch 142/500 (0.04s):
  Train loss: 1.1501, acc: 0.8937, f1: 0.8670
  Vali loss: 1.2221, acc: 0.8249, f1: 0.7987
  Test loss: 1.2364, acc: 0.8066, f1: 0.7659
Epoch 143/500 (0.04s):
  Train loss: 1.1496, acc: 0.8937, f1: 0.8686
  Vali loss: 1.2221, acc: 0.8228, f1: 0.7945
  Test loss: 1.2367, acc: 0.8066, f1: 0.7659
Epoch 144/500 (0.04s):
  Train loss: 1.1497, acc: 0.8937, f1: 0.8684
  Vali loss: 1.2214, acc: 0.8260, f1: 0.7997
  Test loss: 1.2356, acc: 0.8098, f1: 0.7691
Epoch 145/500 (0.04s):
  Train loss: 1.1501, acc: 0.8930, f1: 0.8666
  Vali loss: 1.2224, acc: 0.8228, f1: 0.7961
  Test loss: 1.2365, acc: 0.8087, f1: 0.7681
Epoch 146/500 (0.04s):
  Train loss: 1.1504, acc: 0.8930, f1: 0.8650
  Vali loss: 1.2229, acc: 0.8217, f1: 0.7944
  Test loss: 1.2369, acc: 0.8066, f1: 0.7665
Epoch 147/500 (0.04s):
  Train loss: 1.1495, acc: 0.8937, f1: 0.8674
  Vali loss: 1.2216, acc: 0.8228, f1: 0.7948
  Test loss: 1.2368, acc: 0.8055, f1: 0.7628
Epoch 148/500 (0.04s):
  Train loss: 1.1504, acc: 0.8923, f1: 0.8631
  Vali loss: 1.2221, acc: 0.8195, f1: 0.7909
  Test loss: 1.2383, acc: 0.8044, f1: 0.7617
Epoch 149/500 (0.04s):
  Train loss: 1.1494, acc: 0.8937, f1: 0.8659
  Vali loss: 1.2218, acc: 0.8239, f1: 0.7954
  Test loss: 1.2371, acc: 0.8044, f1: 0.7618
Epoch 150/500 (0.04s):
  Train loss: 1.1493, acc: 0.8937, f1: 0.8657
  Vali loss: 1.2213, acc: 0.8249, f1: 0.7974
  Test loss: 1.2369, acc: 0.8055, f1: 0.7626
Epoch 151/500 (0.04s):
  Train loss: 1.1490, acc: 0.8937, f1: 0.8635
  Vali loss: 1.2215, acc: 0.8249, f1: 0.7969
  Test loss: 1.2367, acc: 0.8055, f1: 0.7627
Epoch 152/500 (0.04s):
  Train loss: 1.1494, acc: 0.8937, f1: 0.8641
  Vali loss: 1.2222, acc: 0.8228, f1: 0.7946
  Test loss: 1.2370, acc: 0.8077, f1: 0.7644
Epoch 153/500 (0.04s):
  Train loss: 1.1488, acc: 0.8950, f1: 0.8667
  Vali loss: 1.2227, acc: 0.8249, f1: 0.7978
  Test loss: 1.2375, acc: 0.8055, f1: 0.7628
Epoch 154/500 (0.04s):
  Train loss: 1.1484, acc: 0.8943, f1: 0.8658
  Vali loss: 1.2221, acc: 0.8260, f1: 0.8000
  Test loss: 1.2364, acc: 0.8066, f1: 0.7646
Epoch 155/500 (0.04s):
  Train loss: 1.1487, acc: 0.8937, f1: 0.8662
  Vali loss: 1.2223, acc: 0.8217, f1: 0.7943
  Test loss: 1.2371, acc: 0.8044, f1: 0.7622
Epoch 156/500 (0.04s):
  Train loss: 1.1488, acc: 0.8957, f1: 0.8696
  Vali loss: 1.2221, acc: 0.8239, f1: 0.7976
  Test loss: 1.2356, acc: 0.8087, f1: 0.7667
Epoch 157/500 (0.04s):
  Train loss: 1.1483, acc: 0.8950, f1: 0.8651
  Vali loss: 1.2233, acc: 0.8249, f1: 0.7984
  Test loss: 1.2366, acc: 0.8077, f1: 0.7668
Epoch 158/500 (0.04s):
  Train loss: 1.1480, acc: 0.8950, f1: 0.8676
  Vali loss: 1.2233, acc: 0.8249, f1: 0.7970
  Test loss: 1.2370, acc: 0.8098, f1: 0.7660
Epoch 159/500 (0.04s):
  Train loss: 1.1481, acc: 0.8950, f1: 0.8665
  Vali loss: 1.2235, acc: 0.8217, f1: 0.7950
  Test loss: 1.2365, acc: 0.8077, f1: 0.7656
Epoch 160/500 (0.04s):
  Train loss: 1.1474, acc: 0.8957, f1: 0.8698
  Vali loss: 1.2234, acc: 0.8249, f1: 0.7977
  Test loss: 1.2366, acc: 0.8066, f1: 0.7639
Epoch 161/500 (0.04s):
  Train loss: 1.1476, acc: 0.8950, f1: 0.8654
  Vali loss: 1.2232, acc: 0.8239, f1: 0.7951
  Test loss: 1.2374, acc: 0.8055, f1: 0.7618
Epoch 162/500 (0.04s):
  Train loss: 1.1477, acc: 0.8950, f1: 0.8679
  Vali loss: 1.2239, acc: 0.8239, f1: 0.7966
  Test loss: 1.2367, acc: 0.8077, f1: 0.7664
Epoch 163/500 (0.04s):
  Train loss: 1.1474, acc: 0.8957, f1: 0.8692
  Vali loss: 1.2232, acc: 0.8217, f1: 0.7950
  Test loss: 1.2368, acc: 0.8066, f1: 0.7633
Epoch 164/500 (0.04s):
  Train loss: 1.1469, acc: 0.8971, f1: 0.8694
  Vali loss: 1.2230, acc: 0.8239, f1: 0.7963
  Test loss: 1.2374, acc: 0.8066, f1: 0.7603
Epoch 165/500 (0.04s):
  Train loss: 1.1461, acc: 0.8971, f1: 0.8685
  Vali loss: 1.2242, acc: 0.8228, f1: 0.7945
  Test loss: 1.2387, acc: 0.8000, f1: 0.7537
Epoch 166/500 (0.04s):
  Train loss: 1.1459, acc: 0.8984, f1: 0.8713
  Vali loss: 1.2236, acc: 0.8228, f1: 0.7947
  Test loss: 1.2367, acc: 0.8033, f1: 0.7584
Epoch 167/500 (0.04s):
  Train loss: 1.1452, acc: 0.8978, f1: 0.8709
  Vali loss: 1.2235, acc: 0.8228, f1: 0.7952
  Test loss: 1.2380, acc: 0.8011, f1: 0.7551
Epoch 168/500 (0.04s):
  Train loss: 1.1449, acc: 0.8984, f1: 0.8724
  Vali loss: 1.2226, acc: 0.8239, f1: 0.7962
  Test loss: 1.2372, acc: 0.8044, f1: 0.7590
Epoch 169/500 (0.04s):
  Train loss: 1.1445, acc: 0.8984, f1: 0.8708
  Vali loss: 1.2232, acc: 0.8228, f1: 0.7950
  Test loss: 1.2367, acc: 0.8055, f1: 0.7603
Epoch 170/500 (0.04s):
  Train loss: 1.1447, acc: 0.8991, f1: 0.8723
  Vali loss: 1.2232, acc: 0.8228, f1: 0.7958
  Test loss: 1.2360, acc: 0.8044, f1: 0.7592
Epoch 171/500 (0.04s):
  Train loss: 1.1445, acc: 0.8984, f1: 0.8725
  Vali loss: 1.2227, acc: 0.8228, f1: 0.7953
  Test loss: 1.2366, acc: 0.8055, f1: 0.7582
Epoch 172/500 (0.04s):
  Train loss: 1.1446, acc: 0.8991, f1: 0.8721
  Vali loss: 1.2226, acc: 0.8228, f1: 0.7963
  Test loss: 1.2350, acc: 0.8066, f1: 0.7637
Epoch 173/500 (0.04s):
  Train loss: 1.1440, acc: 0.8984, f1: 0.8705
  Vali loss: 1.2228, acc: 0.8206, f1: 0.7929
  Test loss: 1.2349, acc: 0.8066, f1: 0.7607
Epoch 174/500 (0.04s):
  Train loss: 1.1439, acc: 0.8984, f1: 0.8732
  Vali loss: 1.2218, acc: 0.8228, f1: 0.7959
  Test loss: 1.2343, acc: 0.8087, f1: 0.7634
Epoch 175/500 (0.04s):
  Train loss: 1.1440, acc: 0.8984, f1: 0.8715
  Vali loss: 1.2218, acc: 0.8217, f1: 0.7948
  Test loss: 1.2351, acc: 0.8055, f1: 0.7588
Epoch 176/500 (0.04s):
  Train loss: 1.1440, acc: 0.8991, f1: 0.8727
  Vali loss: 1.2221, acc: 0.8239, f1: 0.7964
  Test loss: 1.2347, acc: 0.8109, f1: 0.7647
Epoch 177/500 (0.04s):
  Train loss: 1.1438, acc: 0.8984, f1: 0.8732
  Vali loss: 1.2216, acc: 0.8217, f1: 0.7948
  Test loss: 1.2346, acc: 0.8087, f1: 0.7628
Epoch 178/500 (0.04s):
  Train loss: 1.1435, acc: 0.8991, f1: 0.8706
  Vali loss: 1.2217, acc: 0.8228, f1: 0.7959
  Test loss: 1.2339, acc: 0.8120, f1: 0.7664
Epoch 179/500 (0.04s):
  Train loss: 1.1439, acc: 0.8998, f1: 0.8731
  Vali loss: 1.2222, acc: 0.8228, f1: 0.7955
  Test loss: 1.2348, acc: 0.8175, f1: 0.7718
Epoch 180/500 (0.04s):
  Train loss: 1.1430, acc: 0.8991, f1: 0.8727
  Vali loss: 1.2215, acc: 0.8206, f1: 0.7934
  Test loss: 1.2335, acc: 0.8131, f1: 0.7689
Epoch 181/500 (0.04s):
  Train loss: 1.1432, acc: 0.8998, f1: 0.8717
  Vali loss: 1.2217, acc: 0.8228, f1: 0.7950
  Test loss: 1.2334, acc: 0.8164, f1: 0.7716
Epoch 182/500 (0.04s):
  Train loss: 1.1437, acc: 0.8991, f1: 0.8721
  Vali loss: 1.2218, acc: 0.8195, f1: 0.7917
  Test loss: 1.2348, acc: 0.8131, f1: 0.7669
Epoch 183/500 (0.04s):
  Train loss: 1.1444, acc: 0.8984, f1: 0.8709
  Vali loss: 1.2229, acc: 0.8228, f1: 0.7970
  Test loss: 1.2340, acc: 0.8109, f1: 0.7681
Epoch 184/500 (0.04s):
  Train loss: 1.1426, acc: 0.8998, f1: 0.8720
  Vali loss: 1.2221, acc: 0.8239, f1: 0.7977
  Test loss: 1.2339, acc: 0.8120, f1: 0.7671
Epoch 185/500 (0.04s):
  Train loss: 1.1430, acc: 0.8998, f1: 0.8722
  Vali loss: 1.2221, acc: 0.8249, f1: 0.7992
  Test loss: 1.2329, acc: 0.8120, f1: 0.7693
Epoch 186/500 (0.04s):
  Train loss: 1.1428, acc: 0.9018, f1: 0.8741
  Vali loss: 1.2215, acc: 0.8239, f1: 0.7965
  Test loss: 1.2348, acc: 0.8153, f1: 0.7689
Epoch 187/500 (0.04s):
  Train loss: 1.1429, acc: 0.9018, f1: 0.8766
  Vali loss: 1.2215, acc: 0.8239, f1: 0.7965
  Test loss: 1.2346, acc: 0.8153, f1: 0.7692
Epoch 188/500 (0.04s):
  Train loss: 1.1422, acc: 0.9012, f1: 0.8739
  Vali loss: 1.2211, acc: 0.8260, f1: 0.7998
  Test loss: 1.2332, acc: 0.8142, f1: 0.7691
Epoch 189/500 (0.04s):
  Train loss: 1.1438, acc: 0.8991, f1: 0.8703
  Vali loss: 1.2220, acc: 0.8228, f1: 0.7952
  Test loss: 1.2352, acc: 0.8131, f1: 0.7687
Epoch 190/500 (0.04s):
  Train loss: 1.1423, acc: 0.9025, f1: 0.8741
  Vali loss: 1.2211, acc: 0.8282, f1: 0.8021
  Test loss: 1.2334, acc: 0.8109, f1: 0.7678
Epoch 191/500 (0.04s):
  Train loss: 1.1421, acc: 0.9018, f1: 0.8753
  Vali loss: 1.2218, acc: 0.8249, f1: 0.7981
  Test loss: 1.2337, acc: 0.8087, f1: 0.7632
Epoch 192/500 (0.04s):
  Train loss: 1.1423, acc: 0.9018, f1: 0.8746
  Vali loss: 1.2213, acc: 0.8249, f1: 0.7982
  Test loss: 1.2346, acc: 0.8120, f1: 0.7675
Epoch 193/500 (0.04s):
  Train loss: 1.1423, acc: 0.9025, f1: 0.8736
  Vali loss: 1.2215, acc: 0.8271, f1: 0.7999
  Test loss: 1.2342, acc: 0.8098, f1: 0.7640
Epoch 194/500 (0.04s):
  Train loss: 1.1416, acc: 0.9018, f1: 0.8735
  Vali loss: 1.2220, acc: 0.8249, f1: 0.7979
  Test loss: 1.2346, acc: 0.8131, f1: 0.7668
Epoch 195/500 (0.04s):
  Train loss: 1.1419, acc: 0.9012, f1: 0.8747
  Vali loss: 1.2219, acc: 0.8239, f1: 0.7971
  Test loss: 1.2345, acc: 0.8153, f1: 0.7694
Epoch 196/500 (0.04s):
  Train loss: 1.1416, acc: 0.9025, f1: 0.8752
  Vali loss: 1.2217, acc: 0.8239, f1: 0.7961
  Test loss: 1.2341, acc: 0.8131, f1: 0.7678
Epoch 197/500 (0.04s):
  Train loss: 1.1424, acc: 0.9012, f1: 0.8747
  Vali loss: 1.2212, acc: 0.8249, f1: 0.7978
  Test loss: 1.2339, acc: 0.8131, f1: 0.7671
Epoch 198/500 (0.04s):
  Train loss: 1.1427, acc: 0.8991, f1: 0.8732
  Vali loss: 1.2224, acc: 0.8228, f1: 0.7976
  Test loss: 1.2338, acc: 0.8077, f1: 0.7648
Epoch 199/500 (0.04s):
  Train loss: 1.1428, acc: 0.8991, f1: 0.8722
  Vali loss: 1.2221, acc: 0.8228, f1: 0.7978
  Test loss: 1.2332, acc: 0.8098, f1: 0.7676
Epoch 200/500 (0.04s):
  Train loss: 1.1418, acc: 0.8998, f1: 0.8730
  Vali loss: 1.2216, acc: 0.8217, f1: 0.7952
  Test loss: 1.2327, acc: 0.8109, f1: 0.7675
Epoch 201/500 (0.04s):
  Train loss: 1.1419, acc: 0.8998, f1: 0.8737
  Vali loss: 1.2223, acc: 0.8195, f1: 0.7930
  Test loss: 1.2336, acc: 0.8120, f1: 0.7689
Epoch 202/500 (0.04s):
  Train loss: 1.1411, acc: 0.9025, f1: 0.8740
  Vali loss: 1.2204, acc: 0.8271, f1: 0.8008
  Test loss: 1.2328, acc: 0.8120, f1: 0.7658
Epoch 203/500 (0.04s):
  Train loss: 1.1424, acc: 0.9012, f1: 0.8738
  Vali loss: 1.2228, acc: 0.8228, f1: 0.7952
  Test loss: 1.2356, acc: 0.8131, f1: 0.7673
Epoch 204/500 (0.04s):
  Train loss: 1.1409, acc: 0.9025, f1: 0.8755
  Vali loss: 1.2209, acc: 0.8260, f1: 0.7996
  Test loss: 1.2331, acc: 0.8142, f1: 0.7692
Epoch 205/500 (0.04s):
  Train loss: 1.1418, acc: 0.9032, f1: 0.8752
  Vali loss: 1.2212, acc: 0.8239, f1: 0.7978
  Test loss: 1.2324, acc: 0.8142, f1: 0.7706
Epoch 206/500 (0.04s):
  Train loss: 1.1408, acc: 0.9032, f1: 0.8770
  Vali loss: 1.2212, acc: 0.8228, f1: 0.7966
  Test loss: 1.2324, acc: 0.8131, f1: 0.7697
Epoch 207/500 (0.04s):
  Train loss: 1.1416, acc: 0.9025, f1: 0.8769
  Vali loss: 1.2207, acc: 0.8260, f1: 0.7993
  Test loss: 1.2330, acc: 0.8131, f1: 0.7672
Epoch 208/500 (0.04s):
  Train loss: 1.1406, acc: 0.9025, f1: 0.8730
  Vali loss: 1.2208, acc: 0.8260, f1: 0.7997
  Test loss: 1.2328, acc: 0.8120, f1: 0.7675
Epoch 209/500 (0.04s):
  Train loss: 1.1403, acc: 0.9032, f1: 0.8765
  Vali loss: 1.2202, acc: 0.8282, f1: 0.8024
  Test loss: 1.2313, acc: 0.8153, f1: 0.7705
Epoch 210/500 (0.04s):
  Train loss: 1.1409, acc: 0.9032, f1: 0.8773
  Vali loss: 1.2214, acc: 0.8239, f1: 0.7972
  Test loss: 1.2332, acc: 0.8131, f1: 0.7687
Epoch 211/500 (0.04s):
  Train loss: 1.1428, acc: 0.8991, f1: 0.8724
  Vali loss: 1.2227, acc: 0.8195, f1: 0.7935
  Test loss: 1.2336, acc: 0.8120, f1: 0.7692
Epoch 212/500 (0.04s):
  Train loss: 1.1407, acc: 0.9032, f1: 0.8759
  Vali loss: 1.2211, acc: 0.8249, f1: 0.7981
  Test loss: 1.2327, acc: 0.8142, f1: 0.7706
Epoch 213/500 (0.04s):
  Train loss: 1.1405, acc: 0.9032, f1: 0.8782
  Vali loss: 1.2206, acc: 0.8217, f1: 0.7950
  Test loss: 1.2320, acc: 0.8164, f1: 0.7726
Epoch 214/500 (0.04s):
  Train loss: 1.1403, acc: 0.9032, f1: 0.8759
  Vali loss: 1.2210, acc: 0.8228, f1: 0.7961
  Test loss: 1.2326, acc: 0.8131, f1: 0.7702
Epoch 215/500 (0.04s):
  Train loss: 1.1410, acc: 0.9018, f1: 0.8736
  Vali loss: 1.2208, acc: 0.8282, f1: 0.8007
  Test loss: 1.2340, acc: 0.8131, f1: 0.7666
Epoch 216/500 (0.04s):
  Train loss: 1.1404, acc: 0.9032, f1: 0.8775
  Vali loss: 1.2211, acc: 0.8228, f1: 0.7961
  Test loss: 1.2324, acc: 0.8131, f1: 0.7699
Epoch 217/500 (0.04s):
  Train loss: 1.1402, acc: 0.9018, f1: 0.8737
  Vali loss: 1.2206, acc: 0.8239, f1: 0.7970
  Test loss: 1.2333, acc: 0.8142, f1: 0.7668
Epoch 218/500 (0.04s):
  Train loss: 1.1397, acc: 0.9032, f1: 0.8754
  Vali loss: 1.2198, acc: 0.8239, f1: 0.7975
  Test loss: 1.2316, acc: 0.8175, f1: 0.7739
Epoch 219/500 (0.04s):
  Train loss: 1.1401, acc: 0.9025, f1: 0.8748
  Vali loss: 1.2207, acc: 0.8206, f1: 0.7937
  Test loss: 1.2323, acc: 0.8153, f1: 0.7716
Epoch 220/500 (0.04s):
  Train loss: 1.1420, acc: 0.9018, f1: 0.8738
  Vali loss: 1.2217, acc: 0.8260, f1: 0.7982
  Test loss: 1.2355, acc: 0.8120, f1: 0.7643
Epoch 221/500 (0.04s):
  Train loss: 1.1405, acc: 0.9032, f1: 0.8787
  Vali loss: 1.2206, acc: 0.8228, f1: 0.7960
  Test loss: 1.2327, acc: 0.8164, f1: 0.7718
Epoch 222/500 (0.04s):
  Train loss: 1.1399, acc: 0.9025, f1: 0.8736
  Vali loss: 1.2199, acc: 0.8249, f1: 0.7986
  Test loss: 1.2319, acc: 0.8164, f1: 0.7706
Epoch 223/500 (0.04s):
  Train loss: 1.1404, acc: 0.9025, f1: 0.8773
  Vali loss: 1.2208, acc: 0.8249, f1: 0.7974
  Test loss: 1.2329, acc: 0.8142, f1: 0.7681
Epoch 224/500 (0.04s):
  Train loss: 1.1404, acc: 0.9025, f1: 0.8740
  Vali loss: 1.2200, acc: 0.8260, f1: 0.7992
  Test loss: 1.2323, acc: 0.8142, f1: 0.7684
Epoch 225/500 (0.04s):
  Train loss: 1.1404, acc: 0.9025, f1: 0.8746
  Vali loss: 1.2221, acc: 0.8195, f1: 0.7929
  Test loss: 1.2330, acc: 0.8142, f1: 0.7708
Epoch 226/500 (0.04s):
  Train loss: 1.1397, acc: 0.9032, f1: 0.8762
  Vali loss: 1.2207, acc: 0.8206, f1: 0.7933
  Test loss: 1.2322, acc: 0.8120, f1: 0.7667
Epoch 227/500 (0.04s):
  Train loss: 1.1404, acc: 0.9025, f1: 0.8765
  Vali loss: 1.2215, acc: 0.8195, f1: 0.7928
  Test loss: 1.2319, acc: 0.8153, f1: 0.7718
Epoch 228/500 (0.04s):
  Train loss: 1.1394, acc: 0.9032, f1: 0.8775
  Vali loss: 1.2208, acc: 0.8206, f1: 0.7940
  Test loss: 1.2317, acc: 0.8142, f1: 0.7698
Epoch 229/500 (0.04s):
  Train loss: 1.1395, acc: 0.9032, f1: 0.8751
  Vali loss: 1.2208, acc: 0.8217, f1: 0.7948
  Test loss: 1.2319, acc: 0.8131, f1: 0.7680
Epoch 230/500 (0.04s):
  Train loss: 1.1396, acc: 0.9039, f1: 0.8767
  Vali loss: 1.2211, acc: 0.8217, f1: 0.7938
  Test loss: 1.2333, acc: 0.8131, f1: 0.7677
Epoch 231/500 (0.04s):
  Train loss: 1.1395, acc: 0.9039, f1: 0.8787
  Vali loss: 1.2209, acc: 0.8217, f1: 0.7951
  Test loss: 1.2314, acc: 0.8175, f1: 0.7733
Epoch 232/500 (0.04s):
  Train loss: 1.1392, acc: 0.9032, f1: 0.8750
  Vali loss: 1.2203, acc: 0.8206, f1: 0.7940
  Test loss: 1.2316, acc: 0.8164, f1: 0.7725
Epoch 233/500 (0.04s):
  Train loss: 1.1403, acc: 0.9025, f1: 0.8751
  Vali loss: 1.2203, acc: 0.8228, f1: 0.7952
  Test loss: 1.2322, acc: 0.8131, f1: 0.7670
Epoch 234/500 (0.04s):
  Train loss: 1.1396, acc: 0.9039, f1: 0.8773
  Vali loss: 1.2211, acc: 0.8228, f1: 0.7956
  Test loss: 1.2327, acc: 0.8164, f1: 0.7704
Epoch 235/500 (0.04s):
  Train loss: 1.1394, acc: 0.9039, f1: 0.8748
  Vali loss: 1.2206, acc: 0.8206, f1: 0.7933
  Test loss: 1.2321, acc: 0.8164, f1: 0.7727
Epoch 236/500 (0.04s):
  Train loss: 1.1391, acc: 0.9039, f1: 0.8766
  Vali loss: 1.2209, acc: 0.8228, f1: 0.7959
  Test loss: 1.2324, acc: 0.8142, f1: 0.7698
Epoch 237/500 (0.04s):
  Train loss: 1.1391, acc: 0.9032, f1: 0.8783
  Vali loss: 1.2208, acc: 0.8206, f1: 0.7940
  Test loss: 1.2315, acc: 0.8175, f1: 0.7735
Epoch 238/500 (0.04s):
  Train loss: 1.1392, acc: 0.9039, f1: 0.8753
  Vali loss: 1.2197, acc: 0.8260, f1: 0.7993
  Test loss: 1.2321, acc: 0.8153, f1: 0.7684
Epoch 239/500 (0.04s):
  Train loss: 1.1392, acc: 0.9032, f1: 0.8775
  Vali loss: 1.2211, acc: 0.8228, f1: 0.7964
  Test loss: 1.2317, acc: 0.8164, f1: 0.7731
Epoch 240/500 (0.04s):
  Train loss: 1.1390, acc: 0.9039, f1: 0.8748
  Vali loss: 1.2213, acc: 0.8217, f1: 0.7945
  Test loss: 1.2330, acc: 0.8153, f1: 0.7696
Epoch 241/500 (0.04s):
  Train loss: 1.1387, acc: 0.9039, f1: 0.8759
  Vali loss: 1.2201, acc: 0.8228, f1: 0.7963
  Test loss: 1.2315, acc: 0.8153, f1: 0.7711
Epoch 242/500 (0.04s):
  Train loss: 1.1388, acc: 0.9046, f1: 0.8766
  Vali loss: 1.2199, acc: 0.8228, f1: 0.7953
  Test loss: 1.2320, acc: 0.8164, f1: 0.7708
Epoch 243/500 (0.04s):
  Train loss: 1.1386, acc: 0.9039, f1: 0.8771
  Vali loss: 1.2196, acc: 0.8239, f1: 0.7977
  Test loss: 1.2308, acc: 0.8153, f1: 0.7702
Epoch 244/500 (0.04s):
  Train loss: 1.1390, acc: 0.9032, f1: 0.8776
  Vali loss: 1.2208, acc: 0.8217, f1: 0.7950
  Test loss: 1.2316, acc: 0.8142, f1: 0.7691
Epoch 245/500 (0.04s):
  Train loss: 1.1387, acc: 0.9039, f1: 0.8749
  Vali loss: 1.2205, acc: 0.8239, f1: 0.7971
  Test loss: 1.2314, acc: 0.8153, f1: 0.7700
Epoch 246/500 (0.04s):
  Train loss: 1.1392, acc: 0.9032, f1: 0.8744
  Vali loss: 1.2201, acc: 0.8249, f1: 0.7979
  Test loss: 1.2321, acc: 0.8164, f1: 0.7707
Epoch 247/500 (0.04s):
  Train loss: 1.1385, acc: 0.9039, f1: 0.8755
  Vali loss: 1.2202, acc: 0.8228, f1: 0.7958
  Test loss: 1.2315, acc: 0.8153, f1: 0.7700
Epoch 248/500 (0.04s):
  Train loss: 1.1388, acc: 0.9039, f1: 0.8772
  Vali loss: 1.2196, acc: 0.8228, f1: 0.7955
  Test loss: 1.2312, acc: 0.8131, f1: 0.7667
Epoch 249/500 (0.04s):
  Train loss: 1.1392, acc: 0.9046, f1: 0.8769
  Vali loss: 1.2218, acc: 0.8217, f1: 0.7953
  Test loss: 1.2327, acc: 0.8120, f1: 0.7678
Epoch 250/500 (0.04s):
  Train loss: 1.1386, acc: 0.9039, f1: 0.8755
  Vali loss: 1.2209, acc: 0.8239, f1: 0.7970
  Test loss: 1.2330, acc: 0.8120, f1: 0.7669
Epoch 251/500 (0.04s):
  Train loss: 1.1384, acc: 0.9046, f1: 0.8757
  Vali loss: 1.2200, acc: 0.8239, f1: 0.7971
  Test loss: 1.2324, acc: 0.8142, f1: 0.7686
Epoch 252/500 (0.04s):
  Train loss: 1.1381, acc: 0.9039, f1: 0.8765
  Vali loss: 1.2203, acc: 0.8228, f1: 0.7961
  Test loss: 1.2319, acc: 0.8164, f1: 0.7709
Epoch 253/500 (0.04s):
  Train loss: 1.1381, acc: 0.9046, f1: 0.8769
  Vali loss: 1.2200, acc: 0.8239, f1: 0.7974
  Test loss: 1.2318, acc: 0.8153, f1: 0.7697
Epoch 254/500 (0.04s):
  Train loss: 1.1379, acc: 0.9046, f1: 0.8793
  Vali loss: 1.2210, acc: 0.8217, f1: 0.7948
  Test loss: 1.2332, acc: 0.8142, f1: 0.7685
Epoch 255/500 (0.04s):
  Train loss: 1.1381, acc: 0.9046, f1: 0.8760
  Vali loss: 1.2199, acc: 0.8228, f1: 0.7961
  Test loss: 1.2316, acc: 0.8153, f1: 0.7690
Epoch 256/500 (0.04s):
  Train loss: 1.1377, acc: 0.9046, f1: 0.8782
  Vali loss: 1.2208, acc: 0.8217, f1: 0.7949
  Test loss: 1.2323, acc: 0.8120, f1: 0.7660
Epoch 257/500 (0.04s):
  Train loss: 1.1377, acc: 0.9052, f1: 0.8766
  Vali loss: 1.2201, acc: 0.8228, f1: 0.7959
  Test loss: 1.2323, acc: 0.8142, f1: 0.7678
Epoch 258/500 (0.04s):
  Train loss: 1.1379, acc: 0.9046, f1: 0.8747
  Vali loss: 1.2203, acc: 0.8239, f1: 0.7970
  Test loss: 1.2321, acc: 0.8131, f1: 0.7665
Epoch 259/500 (0.04s):
  Train loss: 1.1376, acc: 0.9052, f1: 0.8790
  Vali loss: 1.2202, acc: 0.8239, f1: 0.7969
  Test loss: 1.2325, acc: 0.8164, f1: 0.7704
Epoch 260/500 (0.04s):
  Train loss: 1.1377, acc: 0.9046, f1: 0.8756
  Vali loss: 1.2206, acc: 0.8239, f1: 0.7976
  Test loss: 1.2320, acc: 0.8164, f1: 0.7704
Epoch 261/500 (0.05s):
  Train loss: 1.1375, acc: 0.9046, f1: 0.8786
  Vali loss: 1.2213, acc: 0.8217, f1: 0.7954
  Test loss: 1.2326, acc: 0.8153, f1: 0.7700
Epoch 262/500 (0.04s):
  Train loss: 1.1381, acc: 0.9052, f1: 0.8755
  Vali loss: 1.2200, acc: 0.8249, f1: 0.7979
  Test loss: 1.2330, acc: 0.8120, f1: 0.7655
Epoch 263/500 (0.04s):
  Train loss: 1.1392, acc: 0.9039, f1: 0.8741
  Vali loss: 1.2208, acc: 0.8249, f1: 0.7972
  Test loss: 1.2334, acc: 0.8131, f1: 0.7665
Epoch 264/500 (0.04s):
  Train loss: 1.1377, acc: 0.9046, f1: 0.8763
  Vali loss: 1.2198, acc: 0.8239, f1: 0.7975
  Test loss: 1.2320, acc: 0.8153, f1: 0.7687
Epoch 265/500 (0.04s):
  Train loss: 1.1374, acc: 0.9052, f1: 0.8789
  Vali loss: 1.2195, acc: 0.8271, f1: 0.8009
  Test loss: 1.2319, acc: 0.8109, f1: 0.7642
Epoch 266/500 (0.04s):
  Train loss: 1.1389, acc: 0.9032, f1: 0.8748
  Vali loss: 1.2208, acc: 0.8228, f1: 0.7956
  Test loss: 1.2337, acc: 0.8120, f1: 0.7643
Epoch 267/500 (0.04s):
  Train loss: 1.1375, acc: 0.9046, f1: 0.8781
  Vali loss: 1.2210, acc: 0.8228, f1: 0.7965
  Test loss: 1.2325, acc: 0.8142, f1: 0.7690
Epoch 268/500 (0.04s):
  Train loss: 1.1376, acc: 0.9046, f1: 0.8783
  Vali loss: 1.2201, acc: 0.8239, f1: 0.7978
  Test loss: 1.2317, acc: 0.8153, f1: 0.7695
Epoch 269/500 (0.04s):
  Train loss: 1.1370, acc: 0.9046, f1: 0.8776
  Vali loss: 1.2197, acc: 0.8260, f1: 0.8003
  Test loss: 1.2322, acc: 0.8131, f1: 0.7679
Epoch 270/500 (0.04s):
  Train loss: 1.1374, acc: 0.9052, f1: 0.8774
  Vali loss: 1.2199, acc: 0.8260, f1: 0.7992
  Test loss: 1.2319, acc: 0.8109, f1: 0.7625
Epoch 271/500 (0.04s):
  Train loss: 1.1375, acc: 0.9046, f1: 0.8770
  Vali loss: 1.2199, acc: 0.8239, f1: 0.7965
  Test loss: 1.2319, acc: 0.8142, f1: 0.7664
Epoch 272/500 (0.04s):
  Train loss: 1.1373, acc: 0.9052, f1: 0.8765
  Vali loss: 1.2200, acc: 0.8260, f1: 0.7996
  Test loss: 1.2318, acc: 0.8153, f1: 0.7710
Epoch 273/500 (0.04s):
  Train loss: 1.1373, acc: 0.9052, f1: 0.8782
  Vali loss: 1.2213, acc: 0.8249, f1: 0.7982
  Test loss: 1.2340, acc: 0.8087, f1: 0.7611
Epoch 274/500 (0.04s):
  Train loss: 1.1376, acc: 0.9052, f1: 0.8755
  Vali loss: 1.2210, acc: 0.8249, f1: 0.7982
  Test loss: 1.2335, acc: 0.8120, f1: 0.7640
Epoch 275/500 (0.04s):
  Train loss: 1.1371, acc: 0.9046, f1: 0.8768
  Vali loss: 1.2214, acc: 0.8228, f1: 0.7961
  Test loss: 1.2332, acc: 0.8109, f1: 0.7649
Epoch 276/500 (0.04s):
  Train loss: 1.1375, acc: 0.9046, f1: 0.8785
  Vali loss: 1.2210, acc: 0.8217, f1: 0.7952
  Test loss: 1.2331, acc: 0.8131, f1: 0.7677
Epoch 277/500 (0.04s):
  Train loss: 1.1373, acc: 0.9046, f1: 0.8766
  Vali loss: 1.2211, acc: 0.8228, f1: 0.7970
  Test loss: 1.2326, acc: 0.8131, f1: 0.7688
Epoch 278/500 (0.04s):
  Train loss: 1.1373, acc: 0.9052, f1: 0.8771
  Vali loss: 1.2208, acc: 0.8239, f1: 0.7972
  Test loss: 1.2334, acc: 0.8109, f1: 0.7649
Epoch 279/500 (0.04s):
  Train loss: 1.1380, acc: 0.9046, f1: 0.8761
  Vali loss: 1.2206, acc: 0.8249, f1: 0.7982
  Test loss: 1.2336, acc: 0.8109, f1: 0.7643
Epoch 280/500 (0.04s):
  Train loss: 1.1377, acc: 0.9046, f1: 0.8798
  Vali loss: 1.2208, acc: 0.8228, f1: 0.7969
  Test loss: 1.2324, acc: 0.8153, f1: 0.7711
Epoch 281/500 (0.04s):
  Train loss: 1.1378, acc: 0.9046, f1: 0.8786
  Vali loss: 1.2221, acc: 0.8217, f1: 0.7961
  Test loss: 1.2342, acc: 0.8066, f1: 0.7602
Epoch 282/500 (0.04s):
  Train loss: 1.1370, acc: 0.9052, f1: 0.8776
  Vali loss: 1.2215, acc: 0.8239, f1: 0.7975
  Test loss: 1.2337, acc: 0.8131, f1: 0.7660
Epoch 283/500 (0.04s):
  Train loss: 1.1370, acc: 0.9046, f1: 0.8770
  Vali loss: 1.2210, acc: 0.8217, f1: 0.7952
  Test loss: 1.2333, acc: 0.8120, f1: 0.7678
Epoch 284/500 (0.04s):
  Train loss: 1.1381, acc: 0.9039, f1: 0.8779
  Vali loss: 1.2220, acc: 0.8217, f1: 0.7964
  Test loss: 1.2335, acc: 0.8098, f1: 0.7658
Epoch 285/500 (0.04s):
  Train loss: 1.1374, acc: 0.9052, f1: 0.8769
  Vali loss: 1.2210, acc: 0.8249, f1: 0.7978
  Test loss: 1.2339, acc: 0.8087, f1: 0.7607
Epoch 286/500 (0.04s):
  Train loss: 1.1383, acc: 0.9039, f1: 0.8752
  Vali loss: 1.2222, acc: 0.8239, f1: 0.7975
  Test loss: 1.2357, acc: 0.8077, f1: 0.7599
Epoch 287/500 (0.04s):
  Train loss: 1.1372, acc: 0.9046, f1: 0.8802
  Vali loss: 1.2223, acc: 0.8228, f1: 0.7974
  Test loss: 1.2344, acc: 0.8120, f1: 0.7679
Epoch 288/500 (0.04s):
  Train loss: 1.1368, acc: 0.9052, f1: 0.8777
  Vali loss: 1.2207, acc: 0.8249, f1: 0.7982
  Test loss: 1.2334, acc: 0.8120, f1: 0.7668
Epoch 289/500 (0.04s):
  Train loss: 1.1368, acc: 0.9046, f1: 0.8779
  Vali loss: 1.2215, acc: 0.8206, f1: 0.7942
  Test loss: 1.2337, acc: 0.8131, f1: 0.7691
Epoch 290/500 (0.04s):
  Train loss: 1.1370, acc: 0.9046, f1: 0.8778
  Vali loss: 1.2209, acc: 0.8217, f1: 0.7959
  Test loss: 1.2337, acc: 0.8120, f1: 0.7676
Epoch 291/500 (0.04s):
  Train loss: 1.1371, acc: 0.9046, f1: 0.8751
  Vali loss: 1.2210, acc: 0.8239, f1: 0.7976
  Test loss: 1.2337, acc: 0.8131, f1: 0.7694
Epoch 292/500 (0.04s):
  Train loss: 1.1370, acc: 0.9046, f1: 0.8786
  Vali loss: 1.2212, acc: 0.8228, f1: 0.7969
  Test loss: 1.2339, acc: 0.8109, f1: 0.7668
Epoch 293/500 (0.04s):
  Train loss: 1.1370, acc: 0.9046, f1: 0.8777
  Vali loss: 1.2213, acc: 0.8228, f1: 0.7973
  Test loss: 1.2330, acc: 0.8120, f1: 0.7684
Epoch 294/500 (0.04s):
  Train loss: 1.1369, acc: 0.9052, f1: 0.8779
  Vali loss: 1.2209, acc: 0.8249, f1: 0.7983
  Test loss: 1.2343, acc: 0.8109, f1: 0.7646
Epoch 295/500 (0.04s):
  Train loss: 1.1371, acc: 0.9052, f1: 0.8806
  Vali loss: 1.2211, acc: 0.8239, f1: 0.7969
  Test loss: 1.2334, acc: 0.8087, f1: 0.7612
Epoch 296/500 (0.04s):
  Train loss: 1.1365, acc: 0.9046, f1: 0.8773
  Vali loss: 1.2208, acc: 0.8239, f1: 0.7980
  Test loss: 1.2336, acc: 0.8098, f1: 0.7650
Epoch 297/500 (0.04s):
  Train loss: 1.1377, acc: 0.9046, f1: 0.8774
  Vali loss: 1.2213, acc: 0.8260, f1: 0.7993
  Test loss: 1.2351, acc: 0.8098, f1: 0.7631
Epoch 298/500 (0.04s):
  Train loss: 1.1382, acc: 0.9039, f1: 0.8756
  Vali loss: 1.2212, acc: 0.8239, f1: 0.7972
  Test loss: 1.2350, acc: 0.8098, f1: 0.7626
Epoch 299/500 (0.04s):
  Train loss: 1.1370, acc: 0.9046, f1: 0.8761
  Vali loss: 1.2210, acc: 0.8239, f1: 0.7985
  Test loss: 1.2342, acc: 0.8120, f1: 0.7670
Epoch 300/500 (0.04s):
  Train loss: 1.1373, acc: 0.9046, f1: 0.8770
  Vali loss: 1.2222, acc: 0.8228, f1: 0.7974
  Test loss: 1.2346, acc: 0.8077, f1: 0.7626
Epoch 301/500 (0.04s):
  Train loss: 1.1375, acc: 0.9046, f1: 0.8766
  Vali loss: 1.2214, acc: 0.8260, f1: 0.7995
  Test loss: 1.2346, acc: 0.8077, f1: 0.7598
Epoch 302/500 (0.04s):
  Train loss: 1.1369, acc: 0.9052, f1: 0.8784
  Vali loss: 1.2213, acc: 0.8239, f1: 0.7980
  Test loss: 1.2344, acc: 0.8066, f1: 0.7608
Epoch 303/500 (0.04s):
  Train loss: 1.1369, acc: 0.9046, f1: 0.8784
  Vali loss: 1.2217, acc: 0.8217, f1: 0.7960
  Test loss: 1.2338, acc: 0.8131, f1: 0.7693
Epoch 304/500 (0.04s):
  Train loss: 1.1365, acc: 0.9052, f1: 0.8776
  Vali loss: 1.2213, acc: 0.8249, f1: 0.7984
  Test loss: 1.2347, acc: 0.8087, f1: 0.7625
Epoch 305/500 (0.04s):
  Train loss: 1.1364, acc: 0.9046, f1: 0.8803
  Vali loss: 1.2214, acc: 0.8260, f1: 0.8001
  Test loss: 1.2341, acc: 0.8087, f1: 0.7624
Epoch 306/500 (0.04s):
  Train loss: 1.1365, acc: 0.9046, f1: 0.8768
  Vali loss: 1.2214, acc: 0.8206, f1: 0.7941
  Test loss: 1.2337, acc: 0.8120, f1: 0.7676
Epoch 307/500 (0.04s):
  Train loss: 1.1366, acc: 0.9046, f1: 0.8788
  Vali loss: 1.2215, acc: 0.8217, f1: 0.7955
  Test loss: 1.2348, acc: 0.8098, f1: 0.7625
Epoch 308/500 (0.04s):
  Train loss: 1.1364, acc: 0.9052, f1: 0.8777
  Vali loss: 1.2210, acc: 0.8249, f1: 0.7986
  Test loss: 1.2341, acc: 0.8098, f1: 0.7638
Epoch 309/500 (0.04s):
  Train loss: 1.1365, acc: 0.9046, f1: 0.8766
  Vali loss: 1.2217, acc: 0.8217, f1: 0.7959
  Test loss: 1.2350, acc: 0.8098, f1: 0.7646
Epoch 310/500 (0.04s):
  Train loss: 1.1372, acc: 0.9046, f1: 0.8791
  Vali loss: 1.2217, acc: 0.8228, f1: 0.7975
  Test loss: 1.2346, acc: 0.8087, f1: 0.7646
Epoch 311/500 (0.04s):
  Train loss: 1.1366, acc: 0.9046, f1: 0.8777
  Vali loss: 1.2223, acc: 0.8217, f1: 0.7960
  Test loss: 1.2362, acc: 0.8066, f1: 0.7599
Epoch 312/500 (0.04s):
  Train loss: 1.1375, acc: 0.9046, f1: 0.8778
  Vali loss: 1.2225, acc: 0.8228, f1: 0.7977
  Test loss: 1.2345, acc: 0.8066, f1: 0.7618
Epoch 313/500 (0.04s):
  Train loss: 1.1366, acc: 0.9046, f1: 0.8777
  Vali loss: 1.2229, acc: 0.8206, f1: 0.7945
  Test loss: 1.2370, acc: 0.8077, f1: 0.7606
Epoch 314/500 (0.04s):
  Train loss: 1.1362, acc: 0.9046, f1: 0.8784
  Vali loss: 1.2216, acc: 0.8206, f1: 0.7949
  Test loss: 1.2350, acc: 0.8098, f1: 0.7648
Epoch 315/500 (0.04s):
  Train loss: 1.1366, acc: 0.9052, f1: 0.8807
  Vali loss: 1.2222, acc: 0.8239, f1: 0.7975
  Test loss: 1.2367, acc: 0.8077, f1: 0.7622
Epoch 316/500 (0.04s):
  Train loss: 1.1367, acc: 0.9046, f1: 0.8788
  Vali loss: 1.2222, acc: 0.8206, f1: 0.7955
  Test loss: 1.2353, acc: 0.8087, f1: 0.7626
Epoch 317/500 (0.04s):
  Train loss: 1.1364, acc: 0.9046, f1: 0.8780
  Vali loss: 1.2220, acc: 0.8206, f1: 0.7946
  Test loss: 1.2351, acc: 0.8077, f1: 0.7617
Epoch 318/500 (0.04s):
  Train loss: 1.1363, acc: 0.9046, f1: 0.8792
  Vali loss: 1.2216, acc: 0.8228, f1: 0.7976
  Test loss: 1.2351, acc: 0.8087, f1: 0.7626
Epoch 319/500 (0.04s):
  Train loss: 1.1362, acc: 0.9052, f1: 0.8775
  Vali loss: 1.2216, acc: 0.8271, f1: 0.8010
  Test loss: 1.2362, acc: 0.8077, f1: 0.7612
Epoch 320/500 (0.04s):
  Train loss: 1.1366, acc: 0.9046, f1: 0.8778
  Vali loss: 1.2226, acc: 0.8206, f1: 0.7946
  Test loss: 1.2362, acc: 0.8066, f1: 0.7592
Epoch 321/500 (0.04s):
  Train loss: 1.1364, acc: 0.9052, f1: 0.8783
  Vali loss: 1.2212, acc: 0.8249, f1: 0.7986
  Test loss: 1.2349, acc: 0.8055, f1: 0.7584
Epoch 322/500 (0.04s):
  Train loss: 1.1370, acc: 0.9052, f1: 0.8774
  Vali loss: 1.2216, acc: 0.8249, f1: 0.7988
  Test loss: 1.2358, acc: 0.8066, f1: 0.7603
Epoch 323/500 (0.04s):
  Train loss: 1.1364, acc: 0.9046, f1: 0.8772
  Vali loss: 1.2227, acc: 0.8195, f1: 0.7940
  Test loss: 1.2364, acc: 0.8022, f1: 0.7556
Epoch 324/500 (0.04s):
  Train loss: 1.1362, acc: 0.9052, f1: 0.8787
  Vali loss: 1.2212, acc: 0.8249, f1: 0.7990
  Test loss: 1.2350, acc: 0.8066, f1: 0.7593
Epoch 325/500 (0.04s):
  Train loss: 1.1363, acc: 0.9046, f1: 0.8786
  Vali loss: 1.2220, acc: 0.8217, f1: 0.7954
  Test loss: 1.2353, acc: 0.8077, f1: 0.7615
Epoch 326/500 (0.04s):
  Train loss: 1.1362, acc: 0.9046, f1: 0.8770
  Vali loss: 1.2223, acc: 0.8195, f1: 0.7941
  Test loss: 1.2364, acc: 0.8055, f1: 0.7583
Epoch 327/500 (0.04s):
  Train loss: 1.1368, acc: 0.9052, f1: 0.8777
  Vali loss: 1.2224, acc: 0.8239, f1: 0.7968
  Test loss: 1.2360, acc: 0.8044, f1: 0.7577
Epoch 328/500 (0.04s):
  Train loss: 1.1365, acc: 0.9046, f1: 0.8788
  Vali loss: 1.2224, acc: 0.8239, f1: 0.7989
  Test loss: 1.2355, acc: 0.8066, f1: 0.7608
Epoch 329/500 (0.04s):
  Train loss: 1.1364, acc: 0.9052, f1: 0.8784
  Vali loss: 1.2216, acc: 0.8239, f1: 0.7977
  Test loss: 1.2352, acc: 0.8055, f1: 0.7573
Epoch 330/500 (0.04s):
  Train loss: 1.1365, acc: 0.9052, f1: 0.8786
  Vali loss: 1.2221, acc: 0.8249, f1: 0.7991
  Test loss: 1.2363, acc: 0.8033, f1: 0.7560
Epoch 331/500 (0.04s):
  Train loss: 1.1366, acc: 0.9046, f1: 0.8774
  Vali loss: 1.2233, acc: 0.8206, f1: 0.7957
  Test loss: 1.2365, acc: 0.8055, f1: 0.7581
Epoch 332/500 (0.04s):
  Train loss: 1.1365, acc: 0.9052, f1: 0.8774
  Vali loss: 1.2211, acc: 0.8239, f1: 0.7970
  Test loss: 1.2352, acc: 0.8066, f1: 0.7603
Epoch 333/500 (0.04s):
  Train loss: 1.1364, acc: 0.9052, f1: 0.8758
  Vali loss: 1.2231, acc: 0.8184, f1: 0.7918
  Test loss: 1.2363, acc: 0.8055, f1: 0.7586
Epoch 334/500 (0.04s):
  Train loss: 1.1364, acc: 0.9046, f1: 0.8795
  Vali loss: 1.2236, acc: 0.8173, f1: 0.7912
  Test loss: 1.2364, acc: 0.8033, f1: 0.7555
Epoch 335/500 (0.04s):
  Train loss: 1.1368, acc: 0.9046, f1: 0.8782
  Vali loss: 1.2232, acc: 0.8184, f1: 0.7921
  Test loss: 1.2367, acc: 0.8044, f1: 0.7573
Epoch 336/500 (0.04s):
  Train loss: 1.1361, acc: 0.9052, f1: 0.8764
  Vali loss: 1.2223, acc: 0.8195, f1: 0.7942
  Test loss: 1.2363, acc: 0.8033, f1: 0.7554
Epoch 337/500 (0.04s):
  Train loss: 1.1360, acc: 0.9052, f1: 0.8773
  Vali loss: 1.2233, acc: 0.8195, f1: 0.7940
  Test loss: 1.2370, acc: 0.8033, f1: 0.7566
Epoch 338/500 (0.04s):
  Train loss: 1.1364, acc: 0.9052, f1: 0.8780
  Vali loss: 1.2233, acc: 0.8206, f1: 0.7948
  Test loss: 1.2365, acc: 0.8044, f1: 0.7567
Epoch 339/500 (0.04s):
  Train loss: 1.1369, acc: 0.9046, f1: 0.8780
  Vali loss: 1.2236, acc: 0.8195, f1: 0.7929
  Test loss: 1.2373, acc: 0.8044, f1: 0.7578
Epoch 340/500 (0.04s):
  Train loss: 1.1365, acc: 0.9046, f1: 0.8789
  Vali loss: 1.2226, acc: 0.8195, f1: 0.7939
  Test loss: 1.2349, acc: 0.8087, f1: 0.7641
Epoch 341/500 (0.04s):
  Train loss: 1.1363, acc: 0.9046, f1: 0.8781
  Vali loss: 1.2238, acc: 0.8173, f1: 0.7910
  Test loss: 1.2371, acc: 0.8077, f1: 0.7604
Epoch 342/500 (0.04s):
  Train loss: 1.1366, acc: 0.9046, f1: 0.8769
  Vali loss: 1.2228, acc: 0.8228, f1: 0.7977
  Test loss: 1.2349, acc: 0.8087, f1: 0.7626
Epoch 343/500 (0.04s):
  Train loss: 1.1363, acc: 0.9052, f1: 0.8775
  Vali loss: 1.2220, acc: 0.8206, f1: 0.7941
  Test loss: 1.2352, acc: 0.8022, f1: 0.7552
Epoch 344/500 (0.04s):
  Train loss: 1.1360, acc: 0.9052, f1: 0.8782
  Vali loss: 1.2224, acc: 0.8217, f1: 0.7950
  Test loss: 1.2362, acc: 0.8044, f1: 0.7588
Epoch 345/500 (0.04s):
  Train loss: 1.1361, acc: 0.9052, f1: 0.8783
  Vali loss: 1.2226, acc: 0.8206, f1: 0.7947
  Test loss: 1.2347, acc: 0.8077, f1: 0.7615
Epoch 346/500 (0.04s):
  Train loss: 1.1364, acc: 0.9046, f1: 0.8774
  Vali loss: 1.2231, acc: 0.8184, f1: 0.7933
  Test loss: 1.2350, acc: 0.8087, f1: 0.7617
Epoch 347/500 (0.04s):
  Train loss: 1.1359, acc: 0.9052, f1: 0.8806
  Vali loss: 1.2229, acc: 0.8206, f1: 0.7942
  Test loss: 1.2369, acc: 0.8022, f1: 0.7545
Epoch 348/500 (0.04s):
  Train loss: 1.1368, acc: 0.9046, f1: 0.8779
  Vali loss: 1.2223, acc: 0.8162, f1: 0.7902
  Test loss: 1.2344, acc: 0.8066, f1: 0.7595
Epoch 349/500 (0.04s):
  Train loss: 1.1363, acc: 0.9052, f1: 0.8778
  Vali loss: 1.2230, acc: 0.8206, f1: 0.7943
  Test loss: 1.2356, acc: 0.8033, f1: 0.7564
Epoch 350/500 (0.04s):
  Train loss: 1.1365, acc: 0.9046, f1: 0.8784
  Vali loss: 1.2234, acc: 0.8151, f1: 0.7892
  Test loss: 1.2349, acc: 0.8087, f1: 0.7671
Epoch 351/500 (0.04s):
  Train loss: 1.1362, acc: 0.9046, f1: 0.8780
  Vali loss: 1.2238, acc: 0.8184, f1: 0.7921
  Test loss: 1.2355, acc: 0.8044, f1: 0.7579
Epoch 352/500 (0.04s):
  Train loss: 1.1366, acc: 0.9046, f1: 0.8808
  Vali loss: 1.2227, acc: 0.8162, f1: 0.7899
  Test loss: 1.2347, acc: 0.8077, f1: 0.7604
Epoch 353/500 (0.04s):
  Train loss: 1.1362, acc: 0.9046, f1: 0.8763
  Vali loss: 1.2233, acc: 0.8195, f1: 0.7932
  Test loss: 1.2356, acc: 0.8077, f1: 0.7609
Epoch 354/500 (0.04s):
  Train loss: 1.1360, acc: 0.9052, f1: 0.8787
  Vali loss: 1.2231, acc: 0.8195, f1: 0.7931
  Test loss: 1.2348, acc: 0.8044, f1: 0.7573
Epoch 355/500 (0.04s):
  Train loss: 1.1362, acc: 0.9052, f1: 0.8811
  Vali loss: 1.2236, acc: 0.8184, f1: 0.7911
  Test loss: 1.2372, acc: 0.8033, f1: 0.7561
Epoch 356/500 (0.04s):
  Train loss: 1.1361, acc: 0.9052, f1: 0.8787
  Vali loss: 1.2238, acc: 0.8173, f1: 0.7909
  Test loss: 1.2367, acc: 0.8033, f1: 0.7565
Epoch 357/500 (0.04s):
  Train loss: 1.1361, acc: 0.9046, f1: 0.8771
  Vali loss: 1.2240, acc: 0.8173, f1: 0.7907
  Test loss: 1.2368, acc: 0.8022, f1: 0.7556
Epoch 358/500 (0.04s):
  Train loss: 1.1359, acc: 0.9046, f1: 0.8775
  Vali loss: 1.2232, acc: 0.8195, f1: 0.7938
  Test loss: 1.2359, acc: 0.8055, f1: 0.7584
Epoch 359/500 (0.05s):
  Train loss: 1.1360, acc: 0.9052, f1: 0.8780
  Vali loss: 1.2231, acc: 0.8184, f1: 0.7921
  Test loss: 1.2357, acc: 0.8033, f1: 0.7567
Epoch 360/500 (0.05s):
  Train loss: 1.1360, acc: 0.9046, f1: 0.8780
  Vali loss: 1.2236, acc: 0.8173, f1: 0.7905
  Test loss: 1.2353, acc: 0.8055, f1: 0.7582
Epoch 361/500 (0.04s):
  Train loss: 1.1362, acc: 0.9052, f1: 0.8800
  Vali loss: 1.2233, acc: 0.8162, f1: 0.7887
  Test loss: 1.2374, acc: 0.8055, f1: 0.7582
Epoch 362/500 (0.05s):
  Train loss: 1.1362, acc: 0.9052, f1: 0.8797
  Vali loss: 1.2231, acc: 0.8195, f1: 0.7927
  Test loss: 1.2346, acc: 0.8055, f1: 0.7575
Epoch 363/500 (0.05s):
  Train loss: 1.1361, acc: 0.9052, f1: 0.8778
  Vali loss: 1.2241, acc: 0.8184, f1: 0.7920
  Test loss: 1.2356, acc: 0.8044, f1: 0.7582
Epoch 364/500 (0.04s):
  Train loss: 1.1358, acc: 0.9046, f1: 0.8800
  Vali loss: 1.2232, acc: 0.8173, f1: 0.7908
  Test loss: 1.2349, acc: 0.8055, f1: 0.7575
Epoch 365/500 (0.05s):
  Train loss: 1.1359, acc: 0.9052, f1: 0.8781
  Vali loss: 1.2243, acc: 0.8151, f1: 0.7883
  Test loss: 1.2359, acc: 0.8055, f1: 0.7586
Epoch 366/500 (0.04s):
  Train loss: 1.1361, acc: 0.9052, f1: 0.8768
  Vali loss: 1.2236, acc: 0.8184, f1: 0.7913
  Test loss: 1.2360, acc: 0.8011, f1: 0.7541
Epoch 367/500 (0.04s):
  Train loss: 1.1363, acc: 0.9046, f1: 0.8760
  Vali loss: 1.2233, acc: 0.8195, f1: 0.7932
  Test loss: 1.2353, acc: 0.8033, f1: 0.7561
Epoch 368/500 (0.04s):
  Train loss: 1.1358, acc: 0.9052, f1: 0.8776
  Vali loss: 1.2230, acc: 0.8228, f1: 0.7961
  Test loss: 1.2352, acc: 0.8055, f1: 0.7587
Epoch 369/500 (0.05s):
  Train loss: 1.1360, acc: 0.9052, f1: 0.8781
  Vali loss: 1.2229, acc: 0.8195, f1: 0.7917
  Test loss: 1.2346, acc: 0.8044, f1: 0.7574
Epoch 370/500 (0.04s):
  Train loss: 1.1361, acc: 0.9052, f1: 0.8799
  Vali loss: 1.2235, acc: 0.8195, f1: 0.7922
  Test loss: 1.2370, acc: 0.8022, f1: 0.7545
Epoch 371/500 (0.04s):
  Train loss: 1.1357, acc: 0.9052, f1: 0.8765
  Vali loss: 1.2240, acc: 0.8162, f1: 0.7893
  Test loss: 1.2358, acc: 0.8033, f1: 0.7563
Epoch 372/500 (0.04s):
  Train loss: 1.1363, acc: 0.9052, f1: 0.8757
  Vali loss: 1.2240, acc: 0.8195, f1: 0.7917
  Test loss: 1.2361, acc: 0.8022, f1: 0.7547
Epoch 373/500 (0.04s):
  Train loss: 1.1363, acc: 0.9052, f1: 0.8774
  Vali loss: 1.2241, acc: 0.8173, f1: 0.7905
  Test loss: 1.2356, acc: 0.8044, f1: 0.7576
Epoch 374/500 (0.04s):
  Train loss: 1.1364, acc: 0.9046, f1: 0.8782
  Vali loss: 1.2236, acc: 0.8206, f1: 0.7944
  Test loss: 1.2359, acc: 0.8022, f1: 0.7557
Epoch 375/500 (0.04s):
  Train loss: 1.1361, acc: 0.9046, f1: 0.8788
  Vali loss: 1.2249, acc: 0.8118, f1: 0.7842
  Test loss: 1.2352, acc: 0.8066, f1: 0.7600
Epoch 376/500 (0.04s):
  Train loss: 1.1357, acc: 0.9052, f1: 0.8769
  Vali loss: 1.2226, acc: 0.8184, f1: 0.7906
  Test loss: 1.2354, acc: 0.8011, f1: 0.7543
Epoch 377/500 (0.04s):
  Train loss: 1.1358, acc: 0.9052, f1: 0.8773
  Vali loss: 1.2245, acc: 0.8151, f1: 0.7877
  Test loss: 1.2360, acc: 0.8044, f1: 0.7580
Epoch 378/500 (0.04s):
  Train loss: 1.1358, acc: 0.9052, f1: 0.8794
  Vali loss: 1.2232, acc: 0.8195, f1: 0.7919
  Test loss: 1.2361, acc: 0.8022, f1: 0.7550
Epoch 379/500 (0.04s):
  Train loss: 1.1360, acc: 0.9052, f1: 0.8785
  Vali loss: 1.2242, acc: 0.8173, f1: 0.7900
  Test loss: 1.2350, acc: 0.8066, f1: 0.7598
Epoch 380/500 (0.04s):
  Train loss: 1.1357, acc: 0.9046, f1: 0.8769
  Vali loss: 1.2251, acc: 0.8162, f1: 0.7888
  Test loss: 1.2366, acc: 0.8055, f1: 0.7583
Epoch 381/500 (0.04s):
  Train loss: 1.1354, acc: 0.9052, f1: 0.8783
  Vali loss: 1.2235, acc: 0.8173, f1: 0.7897
  Test loss: 1.2341, acc: 0.8055, f1: 0.7585
Epoch 382/500 (0.04s):
  Train loss: 1.1358, acc: 0.9052, f1: 0.8805
  Vali loss: 1.2241, acc: 0.8173, f1: 0.7903
  Test loss: 1.2364, acc: 0.8000, f1: 0.7527
Epoch 383/500 (0.04s):
  Train loss: 1.1361, acc: 0.9052, f1: 0.8763
  Vali loss: 1.2243, acc: 0.8162, f1: 0.7898
  Test loss: 1.2349, acc: 0.8066, f1: 0.7606
Epoch 384/500 (0.04s):
  Train loss: 1.1360, acc: 0.9052, f1: 0.8769
  Vali loss: 1.2254, acc: 0.8129, f1: 0.7842
  Test loss: 1.2380, acc: 0.8000, f1: 0.7524
Epoch 385/500 (0.04s):
  Train loss: 1.1356, acc: 0.9052, f1: 0.8782
  Vali loss: 1.2238, acc: 0.8173, f1: 0.7900
  Test loss: 1.2362, acc: 0.8044, f1: 0.7570
Epoch 386/500 (0.05s):
  Train loss: 1.1358, acc: 0.9052, f1: 0.8780
  Vali loss: 1.2251, acc: 0.8151, f1: 0.7875
  Test loss: 1.2363, acc: 0.8022, f1: 0.7547
Epoch 387/500 (0.04s):
  Train loss: 1.1358, acc: 0.9052, f1: 0.8808
  Vali loss: 1.2249, acc: 0.8162, f1: 0.7884
  Test loss: 1.2374, acc: 0.8011, f1: 0.7539
Epoch 388/500 (0.05s):
  Train loss: 1.1359, acc: 0.9052, f1: 0.8766
  Vali loss: 1.2243, acc: 0.8151, f1: 0.7878
  Test loss: 1.2346, acc: 0.8055, f1: 0.7584
Epoch 389/500 (0.04s):
  Train loss: 1.1361, acc: 0.9052, f1: 0.8791
  Vali loss: 1.2242, acc: 0.8151, f1: 0.7874
  Test loss: 1.2351, acc: 0.8044, f1: 0.7584
Epoch 390/500 (0.04s):
  Train loss: 1.1356, acc: 0.9052, f1: 0.8769
  Vali loss: 1.2248, acc: 0.8173, f1: 0.7891
  Test loss: 1.2367, acc: 0.8011, f1: 0.7532
Epoch 391/500 (0.04s):
  Train loss: 1.1355, acc: 0.9052, f1: 0.8785
  Vali loss: 1.2247, acc: 0.8184, f1: 0.7917
  Test loss: 1.2364, acc: 0.8022, f1: 0.7549
Epoch 392/500 (0.04s):
  Train loss: 1.1360, acc: 0.9052, f1: 0.8780
  Vali loss: 1.2235, acc: 0.8173, f1: 0.7900
  Test loss: 1.2354, acc: 0.8022, f1: 0.7531
Epoch 393/500 (0.04s):
  Train loss: 1.1361, acc: 0.9052, f1: 0.8774
  Vali loss: 1.2237, acc: 0.8184, f1: 0.7903
  Test loss: 1.2354, acc: 0.8022, f1: 0.7548
Epoch 394/500 (0.04s):
  Train loss: 1.1356, acc: 0.9052, f1: 0.8786
  Vali loss: 1.2244, acc: 0.8162, f1: 0.7899
  Test loss: 1.2348, acc: 0.8077, f1: 0.7608
Epoch 395/500 (0.04s):
  Train loss: 1.1359, acc: 0.9046, f1: 0.8766
  Vali loss: 1.2257, acc: 0.8129, f1: 0.7852
  Test loss: 1.2362, acc: 0.8055, f1: 0.7589
Epoch 396/500 (0.04s):
  Train loss: 1.1360, acc: 0.9052, f1: 0.8800
  Vali loss: 1.2242, acc: 0.8184, f1: 0.7891
  Test loss: 1.2355, acc: 0.8077, f1: 0.7599
Epoch 397/500 (0.04s):
  Train loss: 1.1359, acc: 0.9046, f1: 0.8763
  Vali loss: 1.2254, acc: 0.8151, f1: 0.7890
  Test loss: 1.2365, acc: 0.8044, f1: 0.7589
Epoch 398/500 (0.05s):
  Train loss: 1.1358, acc: 0.9052, f1: 0.8799
  Vali loss: 1.2250, acc: 0.8151, f1: 0.7869
  Test loss: 1.2368, acc: 0.8066, f1: 0.7593
Epoch 399/500 (0.05s):
  Train loss: 1.1359, acc: 0.9046, f1: 0.8803
  Vali loss: 1.2246, acc: 0.8173, f1: 0.7905
  Test loss: 1.2342, acc: 0.8066, f1: 0.7603
Epoch 400/500 (0.04s):
  Train loss: 1.1359, acc: 0.9052, f1: 0.8792
  Vali loss: 1.2259, acc: 0.8140, f1: 0.7858
  Test loss: 1.2375, acc: 0.8000, f1: 0.7528
Epoch 401/500 (0.04s):
  Train loss: 1.1357, acc: 0.9052, f1: 0.8787
  Vali loss: 1.2256, acc: 0.8129, f1: 0.7850
  Test loss: 1.2375, acc: 0.8033, f1: 0.7561
Epoch 402/500 (0.04s):
  Train loss: 1.1356, acc: 0.9052, f1: 0.8778
  Vali loss: 1.2257, acc: 0.8173, f1: 0.7897
  Test loss: 1.2364, acc: 0.8033, f1: 0.7563
Epoch 403/500 (0.04s):
  Train loss: 1.1358, acc: 0.9046, f1: 0.8801
  Vali loss: 1.2264, acc: 0.8129, f1: 0.7850
  Test loss: 1.2366, acc: 0.8044, f1: 0.7571
Epoch 404/500 (0.04s):
  Train loss: 1.1356, acc: 0.9046, f1: 0.8755
  Vali loss: 1.2262, acc: 0.8129, f1: 0.7856
  Test loss: 1.2360, acc: 0.8033, f1: 0.7574
Epoch 405/500 (0.04s):
  Train loss: 1.1356, acc: 0.9052, f1: 0.8795
  Vali loss: 1.2257, acc: 0.8184, f1: 0.7904
  Test loss: 1.2365, acc: 0.8022, f1: 0.7549
Epoch 406/500 (0.05s):
  Train loss: 1.1353, acc: 0.9052, f1: 0.8784
  Vali loss: 1.2252, acc: 0.8184, f1: 0.7909
  Test loss: 1.2363, acc: 0.8044, f1: 0.7573
Epoch 407/500 (0.04s):
  Train loss: 1.1362, acc: 0.9052, f1: 0.8773
  Vali loss: 1.2254, acc: 0.8173, f1: 0.7885
  Test loss: 1.2374, acc: 0.8044, f1: 0.7565
Epoch 408/500 (0.05s):
  Train loss: 1.1357, acc: 0.9052, f1: 0.8805
  Vali loss: 1.2252, acc: 0.8151, f1: 0.7866
  Test loss: 1.2367, acc: 0.8022, f1: 0.7550
Epoch 409/500 (0.04s):
  Train loss: 1.1359, acc: 0.9046, f1: 0.8765
  Vali loss: 1.2252, acc: 0.8129, f1: 0.7860
  Test loss: 1.2366, acc: 0.8022, f1: 0.7549
Epoch 410/500 (0.04s):
  Train loss: 1.1358, acc: 0.9052, f1: 0.8768
  Vali loss: 1.2253, acc: 0.8173, f1: 0.7890
  Test loss: 1.2376, acc: 0.8044, f1: 0.7567
Epoch 411/500 (0.04s):
  Train loss: 1.1354, acc: 0.9052, f1: 0.8761
  Vali loss: 1.2259, acc: 0.8151, f1: 0.7872
  Test loss: 1.2365, acc: 0.8044, f1: 0.7573
Epoch 412/500 (0.04s):
  Train loss: 1.1356, acc: 0.9052, f1: 0.8769
  Vali loss: 1.2249, acc: 0.8173, f1: 0.7897
  Test loss: 1.2352, acc: 0.8044, f1: 0.7575
Epoch 413/500 (0.04s):
  Train loss: 1.1359, acc: 0.9052, f1: 0.8781
  Vali loss: 1.2247, acc: 0.8151, f1: 0.7864
  Test loss: 1.2368, acc: 0.8033, f1: 0.7542
Epoch 414/500 (0.04s):
  Train loss: 1.1359, acc: 0.9052, f1: 0.8759
  Vali loss: 1.2270, acc: 0.8140, f1: 0.7861
  Test loss: 1.2368, acc: 0.8033, f1: 0.7578
Epoch 415/500 (0.04s):
  Train loss: 1.1358, acc: 0.9052, f1: 0.8772
  Vali loss: 1.2256, acc: 0.8151, f1: 0.7866
  Test loss: 1.2367, acc: 0.8033, f1: 0.7563
Epoch 416/500 (0.04s):
  Train loss: 1.1357, acc: 0.9052, f1: 0.8768
  Vali loss: 1.2262, acc: 0.8151, f1: 0.7862
  Test loss: 1.2383, acc: 0.8033, f1: 0.7551
Epoch 417/500 (0.04s):
  Train loss: 1.1356, acc: 0.9052, f1: 0.8759
  Vali loss: 1.2259, acc: 0.8151, f1: 0.7868
  Test loss: 1.2370, acc: 0.8055, f1: 0.7585
Epoch 418/500 (0.04s):
  Train loss: 1.1355, acc: 0.9052, f1: 0.8782
  Vali loss: 1.2259, acc: 0.8151, f1: 0.7870
  Test loss: 1.2372, acc: 0.8033, f1: 0.7573
Epoch 419/500 (0.04s):
  Train loss: 1.1359, acc: 0.9052, f1: 0.8772
  Vali loss: 1.2262, acc: 0.8151, f1: 0.7863
  Test loss: 1.2373, acc: 0.8055, f1: 0.7578
Epoch 420/500 (0.04s):
  Train loss: 1.1357, acc: 0.9052, f1: 0.8785
  Vali loss: 1.2253, acc: 0.8151, f1: 0.7868
  Test loss: 1.2353, acc: 0.8044, f1: 0.7576
Epoch 421/500 (0.04s):
  Train loss: 1.1363, acc: 0.9052, f1: 0.8801
  Vali loss: 1.2272, acc: 0.8151, f1: 0.7866
  Test loss: 1.2363, acc: 0.8033, f1: 0.7551
Epoch 422/500 (0.04s):
  Train loss: 1.1357, acc: 0.9052, f1: 0.8765
  Vali loss: 1.2261, acc: 0.8140, f1: 0.7856
  Test loss: 1.2374, acc: 0.8022, f1: 0.7541
Epoch 423/500 (0.04s):
  Train loss: 1.1358, acc: 0.9052, f1: 0.8780
  Vali loss: 1.2262, acc: 0.8140, f1: 0.7850
  Test loss: 1.2370, acc: 0.8022, f1: 0.7536
Epoch 424/500 (0.04s):
  Train loss: 1.1360, acc: 0.9052, f1: 0.8772
  Vali loss: 1.2271, acc: 0.8151, f1: 0.7870
  Test loss: 1.2381, acc: 0.8022, f1: 0.7536
Epoch 425/500 (0.04s):
  Train loss: 1.1359, acc: 0.9046, f1: 0.8782
  Vali loss: 1.2256, acc: 0.8129, f1: 0.7849
  Test loss: 1.2364, acc: 0.8011, f1: 0.7540
Epoch 426/500 (0.04s):
  Train loss: 1.1355, acc: 0.9052, f1: 0.8776
  Vali loss: 1.2266, acc: 0.8162, f1: 0.7883
  Test loss: 1.2374, acc: 0.8022, f1: 0.7552
Epoch 427/500 (0.05s):
  Train loss: 1.1356, acc: 0.9052, f1: 0.8766
  Vali loss: 1.2262, acc: 0.8184, f1: 0.7894
  Test loss: 1.2378, acc: 0.8011, f1: 0.7540
Epoch 428/500 (0.04s):
  Train loss: 1.1356, acc: 0.9052, f1: 0.8779
  Vali loss: 1.2262, acc: 0.8151, f1: 0.7866
  Test loss: 1.2375, acc: 0.8011, f1: 0.7540
Epoch 429/500 (0.04s):
  Train loss: 1.1353, acc: 0.9052, f1: 0.8767
  Vali loss: 1.2259, acc: 0.8162, f1: 0.7884
  Test loss: 1.2362, acc: 0.8033, f1: 0.7555
Epoch 430/500 (0.05s):
  Train loss: 1.1353, acc: 0.9052, f1: 0.8775
  Vali loss: 1.2273, acc: 0.8140, f1: 0.7854
  Test loss: 1.2390, acc: 0.8011, f1: 0.7543
Epoch 431/500 (0.04s):
  Train loss: 1.1360, acc: 0.9052, f1: 0.8763
  Vali loss: 1.2266, acc: 0.8173, f1: 0.7891
  Test loss: 1.2375, acc: 0.8000, f1: 0.7514
Epoch 432/500 (0.05s):
  Train loss: 1.1361, acc: 0.9052, f1: 0.8770
  Vali loss: 1.2273, acc: 0.8118, f1: 0.7836
  Test loss: 1.2395, acc: 0.8011, f1: 0.7540
Epoch 433/500 (0.05s):
  Train loss: 1.1355, acc: 0.9052, f1: 0.8774
  Vali loss: 1.2254, acc: 0.8151, f1: 0.7864
  Test loss: 1.2376, acc: 0.8033, f1: 0.7552
Epoch 434/500 (0.04s):
  Train loss: 1.1355, acc: 0.9052, f1: 0.8790
  Vali loss: 1.2270, acc: 0.8129, f1: 0.7854
  Test loss: 1.2369, acc: 0.8066, f1: 0.7590
Epoch 435/500 (0.04s):
  Train loss: 1.1357, acc: 0.9052, f1: 0.8773
  Vali loss: 1.2269, acc: 0.8151, f1: 0.7865
  Test loss: 1.2384, acc: 0.8000, f1: 0.7525
Epoch 436/500 (0.04s):
  Train loss: 1.1355, acc: 0.9052, f1: 0.8780
  Vali loss: 1.2273, acc: 0.8140, f1: 0.7841
  Test loss: 1.2387, acc: 0.8011, f1: 0.7530
Epoch 437/500 (0.05s):
  Train loss: 1.1360, acc: 0.9052, f1: 0.8773
  Vali loss: 1.2282, acc: 0.8140, f1: 0.7851
  Test loss: 1.2396, acc: 0.8022, f1: 0.7552
Epoch 438/500 (0.04s):
  Train loss: 1.1359, acc: 0.9046, f1: 0.8779
  Vali loss: 1.2284, acc: 0.8107, f1: 0.7828
  Test loss: 1.2382, acc: 0.8033, f1: 0.7552
Epoch 439/500 (0.04s):
  Train loss: 1.1356, acc: 0.9052, f1: 0.8809
  Vali loss: 1.2269, acc: 0.8118, f1: 0.7835
  Test loss: 1.2376, acc: 0.8055, f1: 0.7575
Epoch 440/500 (0.04s):
  Train loss: 1.1356, acc: 0.9052, f1: 0.8764
  Vali loss: 1.2276, acc: 0.8151, f1: 0.7863
  Test loss: 1.2396, acc: 0.8022, f1: 0.7539
Epoch 441/500 (0.04s):
  Train loss: 1.1357, acc: 0.9052, f1: 0.8787
  Vali loss: 1.2278, acc: 0.8162, f1: 0.7880
  Test loss: 1.2387, acc: 0.8011, f1: 0.7544
Epoch 442/500 (0.04s):
  Train loss: 1.1358, acc: 0.9052, f1: 0.8763
  Vali loss: 1.2277, acc: 0.8162, f1: 0.7874
  Test loss: 1.2401, acc: 0.8011, f1: 0.7530
Epoch 443/500 (0.04s):
  Train loss: 1.1356, acc: 0.9052, f1: 0.8781
  Vali loss: 1.2275, acc: 0.8118, f1: 0.7817
  Test loss: 1.2390, acc: 0.8000, f1: 0.7515
Epoch 444/500 (0.04s):
  Train loss: 1.1355, acc: 0.9052, f1: 0.8755
  Vali loss: 1.2277, acc: 0.8140, f1: 0.7854
  Test loss: 1.2391, acc: 0.7989, f1: 0.7520
Epoch 445/500 (0.04s):
  Train loss: 1.1353, acc: 0.9052, f1: 0.8777
  Vali loss: 1.2267, acc: 0.8140, f1: 0.7856
  Test loss: 1.2381, acc: 0.8000, f1: 0.7525
Epoch 446/500 (0.04s):
  Train loss: 1.1353, acc: 0.9052, f1: 0.8795
  Vali loss: 1.2283, acc: 0.8140, f1: 0.7854
  Test loss: 1.2389, acc: 0.8033, f1: 0.7561
Epoch 447/500 (0.05s):
  Train loss: 1.1359, acc: 0.9052, f1: 0.8777
  Vali loss: 1.2274, acc: 0.8173, f1: 0.7884
  Test loss: 1.2387, acc: 0.8044, f1: 0.7567
Epoch 448/500 (0.04s):
  Train loss: 1.1356, acc: 0.9052, f1: 0.8786
  Vali loss: 1.2284, acc: 0.8129, f1: 0.7840
  Test loss: 1.2389, acc: 0.7989, f1: 0.7504
Epoch 449/500 (0.04s):
  Train loss: 1.1357, acc: 0.9052, f1: 0.8758
  Vali loss: 1.2279, acc: 0.8129, f1: 0.7847
  Test loss: 1.2379, acc: 0.8033, f1: 0.7562
Epoch 450/500 (0.04s):
  Train loss: 1.1354, acc: 0.9052, f1: 0.8804
  Vali loss: 1.2281, acc: 0.8129, f1: 0.7842
  Test loss: 1.2394, acc: 0.8022, f1: 0.7548
Epoch 451/500 (0.04s):
  Train loss: 1.1355, acc: 0.9052, f1: 0.8780
  Vali loss: 1.2283, acc: 0.8140, f1: 0.7858
  Test loss: 1.2376, acc: 0.8011, f1: 0.7528
Epoch 452/500 (0.05s):
  Train loss: 1.1357, acc: 0.9052, f1: 0.8800
  Vali loss: 1.2286, acc: 0.8118, f1: 0.7837
  Test loss: 1.2392, acc: 0.8011, f1: 0.7538
Epoch 453/500 (0.05s):
  Train loss: 1.1357, acc: 0.9052, f1: 0.8773
  Vali loss: 1.2274, acc: 0.8129, f1: 0.7850
  Test loss: 1.2378, acc: 0.8033, f1: 0.7561
Epoch 454/500 (0.04s):
  Train loss: 1.1360, acc: 0.9052, f1: 0.8774
  Vali loss: 1.2278, acc: 0.8151, f1: 0.7863
  Test loss: 1.2387, acc: 0.8033, f1: 0.7559
Epoch 455/500 (0.04s):
  Train loss: 1.1357, acc: 0.9052, f1: 0.8783
  Vali loss: 1.2283, acc: 0.8151, f1: 0.7863
  Test loss: 1.2398, acc: 0.8033, f1: 0.7547
Epoch 456/500 (0.05s):
  Train loss: 1.1355, acc: 0.9052, f1: 0.8757
  Vali loss: 1.2276, acc: 0.8140, f1: 0.7856
  Test loss: 1.2377, acc: 0.8022, f1: 0.7548
Epoch 457/500 (0.04s):
  Train loss: 1.1356, acc: 0.9052, f1: 0.8791
  Vali loss: 1.2282, acc: 0.8140, f1: 0.7860
  Test loss: 1.2381, acc: 0.8000, f1: 0.7527
Epoch 458/500 (0.04s):
  Train loss: 1.1353, acc: 0.9052, f1: 0.8807
  Vali loss: 1.2279, acc: 0.8140, f1: 0.7848
  Test loss: 1.2383, acc: 0.8022, f1: 0.7531
Epoch 459/500 (0.04s):
  Train loss: 1.1356, acc: 0.9052, f1: 0.8785
  Vali loss: 1.2283, acc: 0.8129, f1: 0.7852
  Test loss: 1.2381, acc: 0.8033, f1: 0.7564
Epoch 460/500 (0.05s):
  Train loss: 1.1355, acc: 0.9052, f1: 0.8751
  Vali loss: 1.2291, acc: 0.8118, f1: 0.7819
  Test loss: 1.2390, acc: 0.8033, f1: 0.7557
Epoch 461/500 (0.04s):
  Train loss: 1.1361, acc: 0.9052, f1: 0.8758
  Vali loss: 1.2287, acc: 0.8151, f1: 0.7860
  Test loss: 1.2410, acc: 0.8022, f1: 0.7550
Epoch 462/500 (0.04s):
  Train loss: 1.1358, acc: 0.9052, f1: 0.8767
  Vali loss: 1.2282, acc: 0.8118, f1: 0.7822
  Test loss: 1.2388, acc: 0.8033, f1: 0.7565
Epoch 463/500 (0.04s):
  Train loss: 1.1354, acc: 0.9052, f1: 0.8773
  Vali loss: 1.2292, acc: 0.8129, f1: 0.7842
  Test loss: 1.2398, acc: 0.8011, f1: 0.7532
Epoch 464/500 (0.04s):
  Train loss: 1.1353, acc: 0.9052, f1: 0.8799
  Vali loss: 1.2283, acc: 0.8140, f1: 0.7859
  Test loss: 1.2372, acc: 0.8055, f1: 0.7593
Epoch 465/500 (0.04s):
  Train loss: 1.1353, acc: 0.9052, f1: 0.8796
  Vali loss: 1.2282, acc: 0.8118, f1: 0.7817
  Test loss: 1.2388, acc: 0.8000, f1: 0.7511
Epoch 466/500 (0.04s):
  Train loss: 1.1354, acc: 0.9052, f1: 0.8755
  Vali loss: 1.2287, acc: 0.8129, f1: 0.7843
  Test loss: 1.2396, acc: 0.8011, f1: 0.7544
Epoch 467/500 (0.04s):
  Train loss: 1.1358, acc: 0.9052, f1: 0.8798
  Vali loss: 1.2283, acc: 0.8129, f1: 0.7833
  Test loss: 1.2393, acc: 0.8022, f1: 0.7534
Epoch 468/500 (0.04s):
  Train loss: 1.1359, acc: 0.9052, f1: 0.8775
  Vali loss: 1.2286, acc: 0.8129, f1: 0.7841
  Test loss: 1.2384, acc: 0.8000, f1: 0.7517
Epoch 469/500 (0.04s):
  Train loss: 1.1355, acc: 0.9052, f1: 0.8768
  Vali loss: 1.2282, acc: 0.8107, f1: 0.7810
  Test loss: 1.2391, acc: 0.8011, f1: 0.7536
Epoch 470/500 (0.04s):
  Train loss: 1.1355, acc: 0.9052, f1: 0.8796
  Vali loss: 1.2298, acc: 0.8129, f1: 0.7846
  Test loss: 1.2393, acc: 0.8022, f1: 0.7551
Epoch 471/500 (0.04s):
  Train loss: 1.1356, acc: 0.9052, f1: 0.8807
  Vali loss: 1.2281, acc: 0.8118, f1: 0.7829
  Test loss: 1.2388, acc: 0.8011, f1: 0.7523
Epoch 472/500 (0.04s):
  Train loss: 1.1359, acc: 0.9052, f1: 0.8794
  Vali loss: 1.2294, acc: 0.8129, f1: 0.7846
  Test loss: 1.2387, acc: 0.8022, f1: 0.7552
Epoch 473/500 (0.04s):
  Train loss: 1.1355, acc: 0.9052, f1: 0.8770
  Vali loss: 1.2288, acc: 0.8129, f1: 0.7843
  Test loss: 1.2389, acc: 0.8011, f1: 0.7536
Epoch 474/500 (0.04s):
  Train loss: 1.1356, acc: 0.9052, f1: 0.8791
  Vali loss: 1.2293, acc: 0.8085, f1: 0.7790
  Test loss: 1.2385, acc: 0.8055, f1: 0.7573
Epoch 475/500 (0.04s):
  Train loss: 1.1356, acc: 0.9052, f1: 0.8772
  Vali loss: 1.2283, acc: 0.8118, f1: 0.7817
  Test loss: 1.2394, acc: 0.8022, f1: 0.7551
Epoch 476/500 (0.04s):
  Train loss: 1.1359, acc: 0.9052, f1: 0.8777
  Vali loss: 1.2278, acc: 0.8118, f1: 0.7820
  Test loss: 1.2391, acc: 0.8000, f1: 0.7512
Epoch 477/500 (0.05s):
  Train loss: 1.1358, acc: 0.9052, f1: 0.8771
  Vali loss: 1.2288, acc: 0.8118, f1: 0.7832
  Test loss: 1.2400, acc: 0.8011, f1: 0.7537
Epoch 478/500 (0.05s):
  Train loss: 1.1359, acc: 0.9052, f1: 0.8751
  Vali loss: 1.2284, acc: 0.8118, f1: 0.7825
  Test loss: 1.2402, acc: 0.8000, f1: 0.7532
Epoch 479/500 (0.05s):
  Train loss: 1.1356, acc: 0.9052, f1: 0.8805
  Vali loss: 1.2284, acc: 0.8129, f1: 0.7830
  Test loss: 1.2393, acc: 0.8033, f1: 0.7544
Epoch 480/500 (0.05s):
  Train loss: 1.1352, acc: 0.9052, f1: 0.8794
  Vali loss: 1.2287, acc: 0.8118, f1: 0.7833
  Test loss: 1.2390, acc: 0.8000, f1: 0.7521
Epoch 481/500 (0.04s):
  Train loss: 1.1355, acc: 0.9052, f1: 0.8798
  Vali loss: 1.2300, acc: 0.8118, f1: 0.7834
  Test loss: 1.2393, acc: 0.8022, f1: 0.7534
Epoch 482/500 (0.04s):
  Train loss: 1.1350, acc: 0.9052, f1: 0.8793
  Vali loss: 1.2284, acc: 0.8140, f1: 0.7861
  Test loss: 1.2382, acc: 0.8011, f1: 0.7523
Epoch 483/500 (0.04s):
  Train loss: 1.1358, acc: 0.9052, f1: 0.8767
  Vali loss: 1.2291, acc: 0.8140, f1: 0.7852
  Test loss: 1.2402, acc: 0.8000, f1: 0.7518
Epoch 484/500 (0.04s):
  Train loss: 1.1353, acc: 0.9052, f1: 0.8784
  Vali loss: 1.2285, acc: 0.8107, f1: 0.7809
  Test loss: 1.2398, acc: 0.7989, f1: 0.7505
Epoch 485/500 (0.04s):
  Train loss: 1.1356, acc: 0.9052, f1: 0.8775
  Vali loss: 1.2289, acc: 0.8129, f1: 0.7849
  Test loss: 1.2389, acc: 0.8022, f1: 0.7548
Epoch 486/500 (0.04s):
  Train loss: 1.1356, acc: 0.9052, f1: 0.8770
  Vali loss: 1.2287, acc: 0.8129, f1: 0.7825
  Test loss: 1.2408, acc: 0.8011, f1: 0.7530
Epoch 487/500 (0.04s):
  Train loss: 1.1356, acc: 0.9052, f1: 0.8779
  Vali loss: 1.2280, acc: 0.8151, f1: 0.7855
  Test loss: 1.2387, acc: 0.8033, f1: 0.7545
Epoch 488/500 (0.04s):
  Train loss: 1.1355, acc: 0.9052, f1: 0.8761
  Vali loss: 1.2289, acc: 0.8107, f1: 0.7808
  Test loss: 1.2403, acc: 0.8033, f1: 0.7558
Epoch 489/500 (0.04s):
  Train loss: 1.1355, acc: 0.9052, f1: 0.8766
  Vali loss: 1.2294, acc: 0.8107, f1: 0.7814
  Test loss: 1.2398, acc: 0.8011, f1: 0.7536
Epoch 490/500 (0.04s):
  Train loss: 1.1354, acc: 0.9052, f1: 0.8817
  Vali loss: 1.2296, acc: 0.8096, f1: 0.7799
  Test loss: 1.2395, acc: 0.8022, f1: 0.7532
Epoch 491/500 (0.04s):
  Train loss: 1.1353, acc: 0.9052, f1: 0.8775
  Vali loss: 1.2295, acc: 0.8107, f1: 0.7815
  Test loss: 1.2399, acc: 0.8011, f1: 0.7527
Epoch 492/500 (0.04s):
  Train loss: 1.1354, acc: 0.9052, f1: 0.8783
  Vali loss: 1.2300, acc: 0.8107, f1: 0.7809
  Test loss: 1.2396, acc: 0.7989, f1: 0.7506
Epoch 493/500 (0.04s):
  Train loss: 1.1352, acc: 0.9052, f1: 0.8790
  Vali loss: 1.2293, acc: 0.8140, f1: 0.7859
  Test loss: 1.2391, acc: 0.8000, f1: 0.7511
Epoch 494/500 (0.04s):
  Train loss: 1.1356, acc: 0.9052, f1: 0.8783
  Vali loss: 1.2306, acc: 0.8085, f1: 0.7787
  Test loss: 1.2400, acc: 0.8011, f1: 0.7530
Epoch 495/500 (0.04s):
  Train loss: 1.1353, acc: 0.9052, f1: 0.8800
  Vali loss: 1.2293, acc: 0.8140, f1: 0.7856
  Test loss: 1.2388, acc: 0.8011, f1: 0.7523
Epoch 496/500 (0.04s):
  Train loss: 1.1353, acc: 0.9052, f1: 0.8775
  Vali loss: 1.2308, acc: 0.8096, f1: 0.7803
  Test loss: 1.2404, acc: 0.8011, f1: 0.7534
Epoch 497/500 (0.04s):
  Train loss: 1.1352, acc: 0.9052, f1: 0.8763
  Vali loss: 1.2299, acc: 0.8107, f1: 0.7821
  Test loss: 1.2401, acc: 0.8011, f1: 0.7541
Epoch 498/500 (0.04s):
  Train loss: 1.1354, acc: 0.9052, f1: 0.8802
  Vali loss: 1.2306, acc: 0.8085, f1: 0.7785
  Test loss: 1.2388, acc: 0.8022, f1: 0.7544
Epoch 499/500 (0.05s):
  Train loss: 1.1355, acc: 0.9052, f1: 0.8761
  Vali loss: 1.2301, acc: 0.8074, f1: 0.7772
  Test loss: 1.2418, acc: 0.8000, f1: 0.7529
Epoch 500/500 (0.05s):
  Train loss: 1.1357, acc: 0.9052, f1: 0.8753
  Vali loss: 1.2295, acc: 0.8107, f1: 0.7807
  Test loss: 1.2397, acc: 0.7989, f1: 0.7517
The Total Epoch have been reached.
Loss:  1.142/1.221/1.233
Best Accuracy: 0.903/0.828/0.811
F1: 0.874/0.802/0.768
